ARM GAS  C:\Users\듈괥\AppData\Local\Temp\ccLWiJ4M.s 			page 1


   1              		.syntax unified
   2              		.cpu cortex-m4
   3              		.eabi_attribute 27, 1
   4              		.eabi_attribute 28, 1
   5              		.fpu fpv4-sp-d16
   6              		.eabi_attribute 20, 1
   7              		.eabi_attribute 21, 1
   8              		.eabi_attribute 23, 3
   9              		.eabi_attribute 24, 1
  10              		.eabi_attribute 25, 1
  11              		.eabi_attribute 26, 1
  12              		.eabi_attribute 30, 1
  13              		.eabi_attribute 34, 1
  14              		.eabi_attribute 18, 4
  15              		.thumb
  16              		.syntax unified
  17              		.file	"stm32f3xx_hal.c"
  18              		.text
  19              	.Ltext0:
  20              		.cfi_sections	.debug_frame
  21              		.section	.text.HAL_MspInit,"ax",%progbits
  22              		.align	2
  23              		.weak	HAL_MspInit
  24              		.thumb
  25              		.thumb_func
  27              	HAL_MspInit:
  28              	.LFB126:
  29              		.file 1 "Drivers/STM32F3xx_HAL_Driver/Src/stm32f3xx_hal.c"
   1:Drivers/STM32F3xx_HAL_Driver/Src/stm32f3xx_hal.c **** /**
   2:Drivers/STM32F3xx_HAL_Driver/Src/stm32f3xx_hal.c ****   ******************************************************************************
   3:Drivers/STM32F3xx_HAL_Driver/Src/stm32f3xx_hal.c ****   * @file    stm32f3xx_hal.c
   4:Drivers/STM32F3xx_HAL_Driver/Src/stm32f3xx_hal.c ****   * @author  MCD Application Team
   5:Drivers/STM32F3xx_HAL_Driver/Src/stm32f3xx_hal.c ****   * @brief   HAL module driver.
   6:Drivers/STM32F3xx_HAL_Driver/Src/stm32f3xx_hal.c ****   *          This is the common part of the HAL initialization
   7:Drivers/STM32F3xx_HAL_Driver/Src/stm32f3xx_hal.c ****   *
   8:Drivers/STM32F3xx_HAL_Driver/Src/stm32f3xx_hal.c ****   @verbatim
   9:Drivers/STM32F3xx_HAL_Driver/Src/stm32f3xx_hal.c ****   ==============================================================================
  10:Drivers/STM32F3xx_HAL_Driver/Src/stm32f3xx_hal.c ****                      ##### How to use this driver #####
  11:Drivers/STM32F3xx_HAL_Driver/Src/stm32f3xx_hal.c ****   ==============================================================================
  12:Drivers/STM32F3xx_HAL_Driver/Src/stm32f3xx_hal.c ****     [..]
  13:Drivers/STM32F3xx_HAL_Driver/Src/stm32f3xx_hal.c ****     The common HAL driver contains a set of generic and common APIs that can be
  14:Drivers/STM32F3xx_HAL_Driver/Src/stm32f3xx_hal.c ****     used by the PPP peripheral drivers and the user to start using the HAL.
  15:Drivers/STM32F3xx_HAL_Driver/Src/stm32f3xx_hal.c ****     [..]
  16:Drivers/STM32F3xx_HAL_Driver/Src/stm32f3xx_hal.c ****     The HAL contains two APIs categories:
  17:Drivers/STM32F3xx_HAL_Driver/Src/stm32f3xx_hal.c ****          (+) HAL Initialization and de-initialization functions
  18:Drivers/STM32F3xx_HAL_Driver/Src/stm32f3xx_hal.c ****          (+) HAL Control functions
  19:Drivers/STM32F3xx_HAL_Driver/Src/stm32f3xx_hal.c **** 
  20:Drivers/STM32F3xx_HAL_Driver/Src/stm32f3xx_hal.c ****   @endverbatim
  21:Drivers/STM32F3xx_HAL_Driver/Src/stm32f3xx_hal.c ****   ******************************************************************************
  22:Drivers/STM32F3xx_HAL_Driver/Src/stm32f3xx_hal.c ****   * @attention
  23:Drivers/STM32F3xx_HAL_Driver/Src/stm32f3xx_hal.c ****   *
  24:Drivers/STM32F3xx_HAL_Driver/Src/stm32f3xx_hal.c ****   * <h2><center>&copy; COPYRIGHT(c) 2016 STMicroelectronics</center></h2>
  25:Drivers/STM32F3xx_HAL_Driver/Src/stm32f3xx_hal.c ****   *
  26:Drivers/STM32F3xx_HAL_Driver/Src/stm32f3xx_hal.c ****   * Redistribution and use in source and binary forms, with or without modification,
  27:Drivers/STM32F3xx_HAL_Driver/Src/stm32f3xx_hal.c ****   * are permitted provided that the following conditions are met:
  28:Drivers/STM32F3xx_HAL_Driver/Src/stm32f3xx_hal.c ****   *   1. Redistributions of source code must retain the above copyright notice,
  29:Drivers/STM32F3xx_HAL_Driver/Src/stm32f3xx_hal.c ****   *      this list of conditions and the following disclaimer.
ARM GAS  C:\Users\듈괥\AppData\Local\Temp\ccLWiJ4M.s 			page 2


  30:Drivers/STM32F3xx_HAL_Driver/Src/stm32f3xx_hal.c ****   *   2. Redistributions in binary form must reproduce the above copyright notice,
  31:Drivers/STM32F3xx_HAL_Driver/Src/stm32f3xx_hal.c ****   *      this list of conditions and the following disclaimer in the documentation
  32:Drivers/STM32F3xx_HAL_Driver/Src/stm32f3xx_hal.c ****   *      and/or other materials provided with the distribution.
  33:Drivers/STM32F3xx_HAL_Driver/Src/stm32f3xx_hal.c ****   *   3. Neither the name of STMicroelectronics nor the names of its contributors
  34:Drivers/STM32F3xx_HAL_Driver/Src/stm32f3xx_hal.c ****   *      may be used to endorse or promote products derived from this software
  35:Drivers/STM32F3xx_HAL_Driver/Src/stm32f3xx_hal.c ****   *      without specific prior written permission.
  36:Drivers/STM32F3xx_HAL_Driver/Src/stm32f3xx_hal.c ****   *
  37:Drivers/STM32F3xx_HAL_Driver/Src/stm32f3xx_hal.c ****   * THIS SOFTWARE IS PROVIDED BY THE COPYRIGHT HOLDERS AND CONTRIBUTORS "AS IS"
  38:Drivers/STM32F3xx_HAL_Driver/Src/stm32f3xx_hal.c ****   * AND ANY EXPRESS OR IMPLIED WARRANTIES, INCLUDING, BUT NOT LIMITED TO, THE
  39:Drivers/STM32F3xx_HAL_Driver/Src/stm32f3xx_hal.c ****   * IMPLIED WARRANTIES OF MERCHANTABILITY AND FITNESS FOR A PARTICULAR PURPOSE ARE
  40:Drivers/STM32F3xx_HAL_Driver/Src/stm32f3xx_hal.c ****   * DISCLAIMED. IN NO EVENT SHALL THE COPYRIGHT HOLDER OR CONTRIBUTORS BE LIABLE
  41:Drivers/STM32F3xx_HAL_Driver/Src/stm32f3xx_hal.c ****   * FOR ANY DIRECT, INDIRECT, INCIDENTAL, SPECIAL, EXEMPLARY, OR CONSEQUENTIAL
  42:Drivers/STM32F3xx_HAL_Driver/Src/stm32f3xx_hal.c ****   * DAMAGES (INCLUDING, BUT NOT LIMITED TO, PROCUREMENT OF SUBSTITUTE GOODS OR
  43:Drivers/STM32F3xx_HAL_Driver/Src/stm32f3xx_hal.c ****   * SERVICES; LOSS OF USE, DATA, OR PROFITS; OR BUSINESS INTERRUPTION) HOWEVER
  44:Drivers/STM32F3xx_HAL_Driver/Src/stm32f3xx_hal.c ****   * CAUSED AND ON ANY THEORY OF LIABILITY, WHETHER IN CONTRACT, STRICT LIABILITY,
  45:Drivers/STM32F3xx_HAL_Driver/Src/stm32f3xx_hal.c ****   * OR TORT (INCLUDING NEGLIGENCE OR OTHERWISE) ARISING IN ANY WAY OUT OF THE USE
  46:Drivers/STM32F3xx_HAL_Driver/Src/stm32f3xx_hal.c ****   * OF THIS SOFTWARE, EVEN IF ADVISED OF THE POSSIBILITY OF SUCH DAMAGE.
  47:Drivers/STM32F3xx_HAL_Driver/Src/stm32f3xx_hal.c ****   *
  48:Drivers/STM32F3xx_HAL_Driver/Src/stm32f3xx_hal.c ****   ******************************************************************************  
  49:Drivers/STM32F3xx_HAL_Driver/Src/stm32f3xx_hal.c ****   */
  50:Drivers/STM32F3xx_HAL_Driver/Src/stm32f3xx_hal.c **** 
  51:Drivers/STM32F3xx_HAL_Driver/Src/stm32f3xx_hal.c **** /* Includes ------------------------------------------------------------------*/
  52:Drivers/STM32F3xx_HAL_Driver/Src/stm32f3xx_hal.c **** #include "stm32f3xx_hal.h"
  53:Drivers/STM32F3xx_HAL_Driver/Src/stm32f3xx_hal.c **** 
  54:Drivers/STM32F3xx_HAL_Driver/Src/stm32f3xx_hal.c **** /** @addtogroup STM32F3xx_HAL_Driver
  55:Drivers/STM32F3xx_HAL_Driver/Src/stm32f3xx_hal.c ****   * @{
  56:Drivers/STM32F3xx_HAL_Driver/Src/stm32f3xx_hal.c ****   */
  57:Drivers/STM32F3xx_HAL_Driver/Src/stm32f3xx_hal.c **** 
  58:Drivers/STM32F3xx_HAL_Driver/Src/stm32f3xx_hal.c **** /** @defgroup HAL HAL
  59:Drivers/STM32F3xx_HAL_Driver/Src/stm32f3xx_hal.c ****   * @brief HAL module driver.
  60:Drivers/STM32F3xx_HAL_Driver/Src/stm32f3xx_hal.c ****   * @{
  61:Drivers/STM32F3xx_HAL_Driver/Src/stm32f3xx_hal.c ****   */
  62:Drivers/STM32F3xx_HAL_Driver/Src/stm32f3xx_hal.c **** 
  63:Drivers/STM32F3xx_HAL_Driver/Src/stm32f3xx_hal.c **** #ifdef HAL_MODULE_ENABLED
  64:Drivers/STM32F3xx_HAL_Driver/Src/stm32f3xx_hal.c **** 
  65:Drivers/STM32F3xx_HAL_Driver/Src/stm32f3xx_hal.c **** /* Private typedef -----------------------------------------------------------*/
  66:Drivers/STM32F3xx_HAL_Driver/Src/stm32f3xx_hal.c **** /* Private define ------------------------------------------------------------*/
  67:Drivers/STM32F3xx_HAL_Driver/Src/stm32f3xx_hal.c **** /** @defgroup HAL_Private Constants
  68:Drivers/STM32F3xx_HAL_Driver/Src/stm32f3xx_hal.c ****   * @{
  69:Drivers/STM32F3xx_HAL_Driver/Src/stm32f3xx_hal.c ****   */
  70:Drivers/STM32F3xx_HAL_Driver/Src/stm32f3xx_hal.c **** /**
  71:Drivers/STM32F3xx_HAL_Driver/Src/stm32f3xx_hal.c ****  * @brief STM32F3xx HAL Driver version number V1.5.0
  72:Drivers/STM32F3xx_HAL_Driver/Src/stm32f3xx_hal.c ****    */
  73:Drivers/STM32F3xx_HAL_Driver/Src/stm32f3xx_hal.c **** #define __STM32F3xx_HAL_VERSION_MAIN   (0x01U) /*!< [31:24] main version */
  74:Drivers/STM32F3xx_HAL_Driver/Src/stm32f3xx_hal.c **** #define __STM32F3xx_HAL_VERSION_SUB1   (0x05U) /*!< [23:16] sub1 version */
  75:Drivers/STM32F3xx_HAL_Driver/Src/stm32f3xx_hal.c **** #define __STM32F3xx_HAL_VERSION_SUB2   (0x00U) /*!< [15:8]  sub2 version */
  76:Drivers/STM32F3xx_HAL_Driver/Src/stm32f3xx_hal.c **** #define __STM32F3xx_HAL_VERSION_RC     (0x00U) /*!< [7:0]  release candidate */
  77:Drivers/STM32F3xx_HAL_Driver/Src/stm32f3xx_hal.c **** #define __STM32F3xx_HAL_VERSION         ((__STM32F3xx_HAL_VERSION_MAIN << 24U)\
  78:Drivers/STM32F3xx_HAL_Driver/Src/stm32f3xx_hal.c ****                                         |(__STM32F3xx_HAL_VERSION_SUB1 << 16U)\
  79:Drivers/STM32F3xx_HAL_Driver/Src/stm32f3xx_hal.c ****                                         |(__STM32F3xx_HAL_VERSION_SUB2 << 8U )\
  80:Drivers/STM32F3xx_HAL_Driver/Src/stm32f3xx_hal.c ****                                         |(__STM32F3xx_HAL_VERSION_RC))
  81:Drivers/STM32F3xx_HAL_Driver/Src/stm32f3xx_hal.c **** 
  82:Drivers/STM32F3xx_HAL_Driver/Src/stm32f3xx_hal.c **** #define IDCODE_DEVID_MASK    (0x00000FFFU)
  83:Drivers/STM32F3xx_HAL_Driver/Src/stm32f3xx_hal.c **** /**
  84:Drivers/STM32F3xx_HAL_Driver/Src/stm32f3xx_hal.c ****   * @}
  85:Drivers/STM32F3xx_HAL_Driver/Src/stm32f3xx_hal.c ****   */
  86:Drivers/STM32F3xx_HAL_Driver/Src/stm32f3xx_hal.c ****   
ARM GAS  C:\Users\듈괥\AppData\Local\Temp\ccLWiJ4M.s 			page 3


  87:Drivers/STM32F3xx_HAL_Driver/Src/stm32f3xx_hal.c **** /* Private macro -------------------------------------------------------------*/
  88:Drivers/STM32F3xx_HAL_Driver/Src/stm32f3xx_hal.c **** /* Private variables ---------------------------------------------------------*/
  89:Drivers/STM32F3xx_HAL_Driver/Src/stm32f3xx_hal.c **** /** @defgroup HAL_Private_Variables HAL Private Variables
  90:Drivers/STM32F3xx_HAL_Driver/Src/stm32f3xx_hal.c ****   * @{
  91:Drivers/STM32F3xx_HAL_Driver/Src/stm32f3xx_hal.c ****   */
  92:Drivers/STM32F3xx_HAL_Driver/Src/stm32f3xx_hal.c **** __IO uint32_t uwTick;
  93:Drivers/STM32F3xx_HAL_Driver/Src/stm32f3xx_hal.c **** /**
  94:Drivers/STM32F3xx_HAL_Driver/Src/stm32f3xx_hal.c ****   * @}
  95:Drivers/STM32F3xx_HAL_Driver/Src/stm32f3xx_hal.c ****   */
  96:Drivers/STM32F3xx_HAL_Driver/Src/stm32f3xx_hal.c **** /* Private function prototypes -----------------------------------------------*/
  97:Drivers/STM32F3xx_HAL_Driver/Src/stm32f3xx_hal.c **** /* Exported functions ---------------------------------------------------------*/
  98:Drivers/STM32F3xx_HAL_Driver/Src/stm32f3xx_hal.c **** 
  99:Drivers/STM32F3xx_HAL_Driver/Src/stm32f3xx_hal.c **** /** @defgroup HAL_Exported_Functions HAL Exported Functions
 100:Drivers/STM32F3xx_HAL_Driver/Src/stm32f3xx_hal.c ****   * @{
 101:Drivers/STM32F3xx_HAL_Driver/Src/stm32f3xx_hal.c ****   */
 102:Drivers/STM32F3xx_HAL_Driver/Src/stm32f3xx_hal.c **** 
 103:Drivers/STM32F3xx_HAL_Driver/Src/stm32f3xx_hal.c **** /** @defgroup HAL_Exported_Functions_Group1 Initialization and de-initialization Functions 
 104:Drivers/STM32F3xx_HAL_Driver/Src/stm32f3xx_hal.c ****  *  @brief    Initialization and de-initialization functions
 105:Drivers/STM32F3xx_HAL_Driver/Src/stm32f3xx_hal.c ****  *
 106:Drivers/STM32F3xx_HAL_Driver/Src/stm32f3xx_hal.c **** @verbatim
 107:Drivers/STM32F3xx_HAL_Driver/Src/stm32f3xx_hal.c ****  ===============================================================================
 108:Drivers/STM32F3xx_HAL_Driver/Src/stm32f3xx_hal.c ****               ##### Initialization and de-initialization functions #####
 109:Drivers/STM32F3xx_HAL_Driver/Src/stm32f3xx_hal.c ****  ===============================================================================
 110:Drivers/STM32F3xx_HAL_Driver/Src/stm32f3xx_hal.c ****     [..]  This section provides functions allowing to:
 111:Drivers/STM32F3xx_HAL_Driver/Src/stm32f3xx_hal.c ****       (+) Initializes the Flash interface, the NVIC allocation and initial clock 
 112:Drivers/STM32F3xx_HAL_Driver/Src/stm32f3xx_hal.c ****           configuration. It initializes the source of time base also when timeout 
 113:Drivers/STM32F3xx_HAL_Driver/Src/stm32f3xx_hal.c ****           is needed and the backup domain when enabled.
 114:Drivers/STM32F3xx_HAL_Driver/Src/stm32f3xx_hal.c ****       (+) de-Initializes common part of the HAL.
 115:Drivers/STM32F3xx_HAL_Driver/Src/stm32f3xx_hal.c ****       (+) Configure The time base source to have 1ms time base with a dedicated 
 116:Drivers/STM32F3xx_HAL_Driver/Src/stm32f3xx_hal.c ****           Tick interrupt priority. 
 117:Drivers/STM32F3xx_HAL_Driver/Src/stm32f3xx_hal.c ****         (++) Systick timer is used by default as source of time base, but user 
 118:Drivers/STM32F3xx_HAL_Driver/Src/stm32f3xx_hal.c ****              can eventually implement his proper time base source (a general purpose 
 119:Drivers/STM32F3xx_HAL_Driver/Src/stm32f3xx_hal.c ****              timer for example or other time source), keeping in mind that Time base 
 120:Drivers/STM32F3xx_HAL_Driver/Src/stm32f3xx_hal.c ****              duration should be kept 1ms since PPP_TIMEOUT_VALUEs are defined and 
 121:Drivers/STM32F3xx_HAL_Driver/Src/stm32f3xx_hal.c ****              handled in milliseconds basis.
 122:Drivers/STM32F3xx_HAL_Driver/Src/stm32f3xx_hal.c ****         (++) Time base configuration function (HAL_InitTick ()) is called automatically 
 123:Drivers/STM32F3xx_HAL_Driver/Src/stm32f3xx_hal.c ****              at the beginning of the program after reset by HAL_Init() or at any time 
 124:Drivers/STM32F3xx_HAL_Driver/Src/stm32f3xx_hal.c ****              when clock is configured, by HAL_RCC_ClockConfig(). 
 125:Drivers/STM32F3xx_HAL_Driver/Src/stm32f3xx_hal.c ****         (++) Source of time base is configured  to generate interrupts at regular 
 126:Drivers/STM32F3xx_HAL_Driver/Src/stm32f3xx_hal.c ****              time intervals. Care must be taken if HAL_Delay() is called from a 
 127:Drivers/STM32F3xx_HAL_Driver/Src/stm32f3xx_hal.c ****              peripheral ISR process, the Tick interrupt line must have higher priority 
 128:Drivers/STM32F3xx_HAL_Driver/Src/stm32f3xx_hal.c ****             (numerically lower) than the peripheral interrupt. Otherwise the caller 
 129:Drivers/STM32F3xx_HAL_Driver/Src/stm32f3xx_hal.c ****             ISR process will be blocked. 
 130:Drivers/STM32F3xx_HAL_Driver/Src/stm32f3xx_hal.c ****        (++) functions affecting time base configurations are declared as __Weak  
 131:Drivers/STM32F3xx_HAL_Driver/Src/stm32f3xx_hal.c ****              to make  override possible  in case of other  implementations in user file.
 132:Drivers/STM32F3xx_HAL_Driver/Src/stm32f3xx_hal.c **** 
 133:Drivers/STM32F3xx_HAL_Driver/Src/stm32f3xx_hal.c **** @endverbatim
 134:Drivers/STM32F3xx_HAL_Driver/Src/stm32f3xx_hal.c ****   * @{
 135:Drivers/STM32F3xx_HAL_Driver/Src/stm32f3xx_hal.c ****   */
 136:Drivers/STM32F3xx_HAL_Driver/Src/stm32f3xx_hal.c **** 
 137:Drivers/STM32F3xx_HAL_Driver/Src/stm32f3xx_hal.c **** /**
 138:Drivers/STM32F3xx_HAL_Driver/Src/stm32f3xx_hal.c ****   * @brief  This function configures the Flash prefetch, 
 139:Drivers/STM32F3xx_HAL_Driver/Src/stm32f3xx_hal.c ****   *         Configures time base source, NVIC and Low level hardware
 140:Drivers/STM32F3xx_HAL_Driver/Src/stm32f3xx_hal.c ****   * @note   This function is called at the beginning of program after reset and before 
 141:Drivers/STM32F3xx_HAL_Driver/Src/stm32f3xx_hal.c ****   *         the clock configuration
 142:Drivers/STM32F3xx_HAL_Driver/Src/stm32f3xx_hal.c ****   *             
 143:Drivers/STM32F3xx_HAL_Driver/Src/stm32f3xx_hal.c ****   * @note   The Systick configuration is based on HSI clock, as HSI is the clock
ARM GAS  C:\Users\듈괥\AppData\Local\Temp\ccLWiJ4M.s 			page 4


 144:Drivers/STM32F3xx_HAL_Driver/Src/stm32f3xx_hal.c ****   *         used after a system Reset and the NVIC configuration is set to Priority group 4 
 145:Drivers/STM32F3xx_HAL_Driver/Src/stm32f3xx_hal.c ****   *            
 146:Drivers/STM32F3xx_HAL_Driver/Src/stm32f3xx_hal.c ****   * @note   The time base configuration is based on MSI clock when exting from Reset.
 147:Drivers/STM32F3xx_HAL_Driver/Src/stm32f3xx_hal.c ****   *         Once done, time base tick start incrementing.
 148:Drivers/STM32F3xx_HAL_Driver/Src/stm32f3xx_hal.c ****   *         In the default implementation,Systick is used as source of time base.
 149:Drivers/STM32F3xx_HAL_Driver/Src/stm32f3xx_hal.c ****   *       The tick variable is incremented each 1ms in its ISR.
 150:Drivers/STM32F3xx_HAL_Driver/Src/stm32f3xx_hal.c ****   * @retval HAL status
 151:Drivers/STM32F3xx_HAL_Driver/Src/stm32f3xx_hal.c ****   */
 152:Drivers/STM32F3xx_HAL_Driver/Src/stm32f3xx_hal.c **** HAL_StatusTypeDef HAL_Init(void)
 153:Drivers/STM32F3xx_HAL_Driver/Src/stm32f3xx_hal.c **** {
 154:Drivers/STM32F3xx_HAL_Driver/Src/stm32f3xx_hal.c ****   /* Configure Flash prefetch */
 155:Drivers/STM32F3xx_HAL_Driver/Src/stm32f3xx_hal.c **** #if (PREFETCH_ENABLE != 0U)
 156:Drivers/STM32F3xx_HAL_Driver/Src/stm32f3xx_hal.c ****   __HAL_FLASH_PREFETCH_BUFFER_ENABLE();
 157:Drivers/STM32F3xx_HAL_Driver/Src/stm32f3xx_hal.c **** #endif /* PREFETCH_ENABLE */
 158:Drivers/STM32F3xx_HAL_Driver/Src/stm32f3xx_hal.c **** 
 159:Drivers/STM32F3xx_HAL_Driver/Src/stm32f3xx_hal.c ****   /* Set Interrupt Group Priority */
 160:Drivers/STM32F3xx_HAL_Driver/Src/stm32f3xx_hal.c ****   HAL_NVIC_SetPriorityGrouping(NVIC_PRIORITYGROUP_4);
 161:Drivers/STM32F3xx_HAL_Driver/Src/stm32f3xx_hal.c **** 
 162:Drivers/STM32F3xx_HAL_Driver/Src/stm32f3xx_hal.c ****   /* Enable systick and configure 1ms tick (default clock after Reset is HSI) */
 163:Drivers/STM32F3xx_HAL_Driver/Src/stm32f3xx_hal.c ****   HAL_InitTick(TICK_INT_PRIORITY);
 164:Drivers/STM32F3xx_HAL_Driver/Src/stm32f3xx_hal.c **** 
 165:Drivers/STM32F3xx_HAL_Driver/Src/stm32f3xx_hal.c ****   /* Init the low level hardware */
 166:Drivers/STM32F3xx_HAL_Driver/Src/stm32f3xx_hal.c ****   HAL_MspInit();
 167:Drivers/STM32F3xx_HAL_Driver/Src/stm32f3xx_hal.c **** 
 168:Drivers/STM32F3xx_HAL_Driver/Src/stm32f3xx_hal.c ****   /* Return function status */
 169:Drivers/STM32F3xx_HAL_Driver/Src/stm32f3xx_hal.c ****   return HAL_OK;
 170:Drivers/STM32F3xx_HAL_Driver/Src/stm32f3xx_hal.c **** }
 171:Drivers/STM32F3xx_HAL_Driver/Src/stm32f3xx_hal.c **** 
 172:Drivers/STM32F3xx_HAL_Driver/Src/stm32f3xx_hal.c **** /**
 173:Drivers/STM32F3xx_HAL_Driver/Src/stm32f3xx_hal.c ****   * @brief  This function de-Initializes common part of the HAL and stops the source
 174:Drivers/STM32F3xx_HAL_Driver/Src/stm32f3xx_hal.c ****   *         of time base.
 175:Drivers/STM32F3xx_HAL_Driver/Src/stm32f3xx_hal.c ****   * @note This function is optional.
 176:Drivers/STM32F3xx_HAL_Driver/Src/stm32f3xx_hal.c ****   * @retval HAL status
 177:Drivers/STM32F3xx_HAL_Driver/Src/stm32f3xx_hal.c ****   */
 178:Drivers/STM32F3xx_HAL_Driver/Src/stm32f3xx_hal.c **** HAL_StatusTypeDef HAL_DeInit(void)
 179:Drivers/STM32F3xx_HAL_Driver/Src/stm32f3xx_hal.c **** {
 180:Drivers/STM32F3xx_HAL_Driver/Src/stm32f3xx_hal.c ****   /* Reset of all peripherals */
 181:Drivers/STM32F3xx_HAL_Driver/Src/stm32f3xx_hal.c ****   __HAL_RCC_APB1_FORCE_RESET();
 182:Drivers/STM32F3xx_HAL_Driver/Src/stm32f3xx_hal.c ****   __HAL_RCC_APB1_RELEASE_RESET();
 183:Drivers/STM32F3xx_HAL_Driver/Src/stm32f3xx_hal.c **** 
 184:Drivers/STM32F3xx_HAL_Driver/Src/stm32f3xx_hal.c ****   __HAL_RCC_APB2_FORCE_RESET();
 185:Drivers/STM32F3xx_HAL_Driver/Src/stm32f3xx_hal.c ****   __HAL_RCC_APB2_RELEASE_RESET();
 186:Drivers/STM32F3xx_HAL_Driver/Src/stm32f3xx_hal.c **** 
 187:Drivers/STM32F3xx_HAL_Driver/Src/stm32f3xx_hal.c ****   __HAL_RCC_AHB_FORCE_RESET();
 188:Drivers/STM32F3xx_HAL_Driver/Src/stm32f3xx_hal.c ****   __HAL_RCC_AHB_RELEASE_RESET();
 189:Drivers/STM32F3xx_HAL_Driver/Src/stm32f3xx_hal.c **** 
 190:Drivers/STM32F3xx_HAL_Driver/Src/stm32f3xx_hal.c ****   /* De-Init the low level hardware */
 191:Drivers/STM32F3xx_HAL_Driver/Src/stm32f3xx_hal.c ****   HAL_MspDeInit();
 192:Drivers/STM32F3xx_HAL_Driver/Src/stm32f3xx_hal.c **** 
 193:Drivers/STM32F3xx_HAL_Driver/Src/stm32f3xx_hal.c ****   /* Return function status */
 194:Drivers/STM32F3xx_HAL_Driver/Src/stm32f3xx_hal.c ****   return HAL_OK;
 195:Drivers/STM32F3xx_HAL_Driver/Src/stm32f3xx_hal.c **** }
 196:Drivers/STM32F3xx_HAL_Driver/Src/stm32f3xx_hal.c **** 
 197:Drivers/STM32F3xx_HAL_Driver/Src/stm32f3xx_hal.c **** /**
 198:Drivers/STM32F3xx_HAL_Driver/Src/stm32f3xx_hal.c ****   * @brief  Initializes the MSP.
 199:Drivers/STM32F3xx_HAL_Driver/Src/stm32f3xx_hal.c ****   * @retval None
 200:Drivers/STM32F3xx_HAL_Driver/Src/stm32f3xx_hal.c ****   */
ARM GAS  C:\Users\듈괥\AppData\Local\Temp\ccLWiJ4M.s 			page 5


 201:Drivers/STM32F3xx_HAL_Driver/Src/stm32f3xx_hal.c **** __weak void HAL_MspInit(void)
 202:Drivers/STM32F3xx_HAL_Driver/Src/stm32f3xx_hal.c **** {
  30              		.loc 1 202 0
  31              		.cfi_startproc
  32              		@ args = 0, pretend = 0, frame = 0
  33              		@ frame_needed = 0, uses_anonymous_args = 0
  34              		@ link register save eliminated.
  35 0000 7047     		bx	lr
  36              		.cfi_endproc
  37              	.LFE126:
  39 0002 00BF     		.section	.text.HAL_MspDeInit,"ax",%progbits
  40              		.align	2
  41              		.weak	HAL_MspDeInit
  42              		.thumb
  43              		.thumb_func
  45              	HAL_MspDeInit:
  46              	.LFB127:
 203:Drivers/STM32F3xx_HAL_Driver/Src/stm32f3xx_hal.c ****   /* NOTE : This function Should not be modified, when the callback is needed,
 204:Drivers/STM32F3xx_HAL_Driver/Src/stm32f3xx_hal.c ****             the HAL_MspInit could be implemented in the user file
 205:Drivers/STM32F3xx_HAL_Driver/Src/stm32f3xx_hal.c ****    */
 206:Drivers/STM32F3xx_HAL_Driver/Src/stm32f3xx_hal.c **** }
 207:Drivers/STM32F3xx_HAL_Driver/Src/stm32f3xx_hal.c **** 
 208:Drivers/STM32F3xx_HAL_Driver/Src/stm32f3xx_hal.c **** /**
 209:Drivers/STM32F3xx_HAL_Driver/Src/stm32f3xx_hal.c ****   * @brief  DeInitializes the MSP.
 210:Drivers/STM32F3xx_HAL_Driver/Src/stm32f3xx_hal.c ****   * @retval None
 211:Drivers/STM32F3xx_HAL_Driver/Src/stm32f3xx_hal.c ****   */
 212:Drivers/STM32F3xx_HAL_Driver/Src/stm32f3xx_hal.c **** __weak void HAL_MspDeInit(void)
 213:Drivers/STM32F3xx_HAL_Driver/Src/stm32f3xx_hal.c **** {
  47              		.loc 1 213 0
  48              		.cfi_startproc
  49              		@ args = 0, pretend = 0, frame = 0
  50              		@ frame_needed = 0, uses_anonymous_args = 0
  51              		@ link register save eliminated.
  52 0000 7047     		bx	lr
  53              		.cfi_endproc
  54              	.LFE127:
  56 0002 00BF     		.section	.text.HAL_DeInit,"ax",%progbits
  57              		.align	2
  58              		.global	HAL_DeInit
  59              		.thumb
  60              		.thumb_func
  62              	HAL_DeInit:
  63              	.LFB125:
 179:Drivers/STM32F3xx_HAL_Driver/Src/stm32f3xx_hal.c ****   /* Reset of all peripherals */
  64              		.loc 1 179 0
  65              		.cfi_startproc
  66              		@ args = 0, pretend = 0, frame = 0
  67              		@ frame_needed = 0, uses_anonymous_args = 0
 179:Drivers/STM32F3xx_HAL_Driver/Src/stm32f3xx_hal.c ****   /* Reset of all peripherals */
  68              		.loc 1 179 0
  69 0000 10B5     		push	{r4, lr}
  70              	.LCFI0:
  71              		.cfi_def_cfa_offset 8
  72              		.cfi_offset 4, -8
  73              		.cfi_offset 14, -4
 181:Drivers/STM32F3xx_HAL_Driver/Src/stm32f3xx_hal.c ****   __HAL_RCC_APB1_RELEASE_RESET();
  74              		.loc 1 181 0
ARM GAS  C:\Users\듈괥\AppData\Local\Temp\ccLWiJ4M.s 			page 6


  75 0002 074B     		ldr	r3, .L5
  76 0004 4FF0FF32 		mov	r2, #-1
  77 0008 1A61     		str	r2, [r3, #16]
 182:Drivers/STM32F3xx_HAL_Driver/Src/stm32f3xx_hal.c **** 
  78              		.loc 1 182 0
  79 000a 0024     		movs	r4, #0
  80 000c 1C61     		str	r4, [r3, #16]
 184:Drivers/STM32F3xx_HAL_Driver/Src/stm32f3xx_hal.c ****   __HAL_RCC_APB2_RELEASE_RESET();
  81              		.loc 1 184 0
  82 000e DA60     		str	r2, [r3, #12]
 185:Drivers/STM32F3xx_HAL_Driver/Src/stm32f3xx_hal.c **** 
  83              		.loc 1 185 0
  84 0010 DC60     		str	r4, [r3, #12]
 187:Drivers/STM32F3xx_HAL_Driver/Src/stm32f3xx_hal.c ****   __HAL_RCC_AHB_RELEASE_RESET();
  85              		.loc 1 187 0
  86 0012 9A62     		str	r2, [r3, #40]
 188:Drivers/STM32F3xx_HAL_Driver/Src/stm32f3xx_hal.c **** 
  87              		.loc 1 188 0
  88 0014 9C62     		str	r4, [r3, #40]
 191:Drivers/STM32F3xx_HAL_Driver/Src/stm32f3xx_hal.c **** 
  89              		.loc 1 191 0
  90 0016 FFF7FEFF 		bl	HAL_MspDeInit
  91              	.LVL0:
 195:Drivers/STM32F3xx_HAL_Driver/Src/stm32f3xx_hal.c **** 
  92              		.loc 1 195 0
  93 001a 2046     		mov	r0, r4
  94 001c 10BD     		pop	{r4, pc}
  95              	.L6:
  96 001e 00BF     		.align	2
  97              	.L5:
  98 0020 00100240 		.word	1073876992
  99              		.cfi_endproc
 100              	.LFE125:
 102              		.section	.text.HAL_InitTick,"ax",%progbits
 103              		.align	2
 104              		.weak	HAL_InitTick
 105              		.thumb
 106              		.thumb_func
 108              	HAL_InitTick:
 109              	.LFB128:
 214:Drivers/STM32F3xx_HAL_Driver/Src/stm32f3xx_hal.c ****   /* NOTE : This function Should not be modified, when the callback is needed,
 215:Drivers/STM32F3xx_HAL_Driver/Src/stm32f3xx_hal.c ****             the HAL_MspDeInit could be implemented in the user file
 216:Drivers/STM32F3xx_HAL_Driver/Src/stm32f3xx_hal.c ****    */
 217:Drivers/STM32F3xx_HAL_Driver/Src/stm32f3xx_hal.c **** }
 218:Drivers/STM32F3xx_HAL_Driver/Src/stm32f3xx_hal.c **** 
 219:Drivers/STM32F3xx_HAL_Driver/Src/stm32f3xx_hal.c **** /**
 220:Drivers/STM32F3xx_HAL_Driver/Src/stm32f3xx_hal.c ****   * @brief  This function configures the source of the time base. 
 221:Drivers/STM32F3xx_HAL_Driver/Src/stm32f3xx_hal.c ****   *         The time source is configured  to have 1ms time base with a dedicated 
 222:Drivers/STM32F3xx_HAL_Driver/Src/stm32f3xx_hal.c ****   *         Tick interrupt priority. 
 223:Drivers/STM32F3xx_HAL_Driver/Src/stm32f3xx_hal.c ****   * @note   This function is called  automatically at the beginning of program after
 224:Drivers/STM32F3xx_HAL_Driver/Src/stm32f3xx_hal.c ****   *         reset by HAL_Init() or at any time when clock is reconfigured  by HAL_RCC_ClockConfig()
 225:Drivers/STM32F3xx_HAL_Driver/Src/stm32f3xx_hal.c ****   * @note   In the default implementation , SysTick timer is the source of time base. 
 226:Drivers/STM32F3xx_HAL_Driver/Src/stm32f3xx_hal.c ****   *         It is used to generate interrupts at regular time intervals. 
 227:Drivers/STM32F3xx_HAL_Driver/Src/stm32f3xx_hal.c ****   *         Care must be taken if HAL_Delay() is called from a peripheral ISR process, 
 228:Drivers/STM32F3xx_HAL_Driver/Src/stm32f3xx_hal.c ****   *         The the SysTick interrupt must have higher priority (numerically lower) 
 229:Drivers/STM32F3xx_HAL_Driver/Src/stm32f3xx_hal.c ****   *         than the peripheral interrupt. Otherwise the caller ISR process will be blocked.
 230:Drivers/STM32F3xx_HAL_Driver/Src/stm32f3xx_hal.c ****   *         The function is declared as __Weak  to be overwritten  in case of other
ARM GAS  C:\Users\듈괥\AppData\Local\Temp\ccLWiJ4M.s 			page 7


 231:Drivers/STM32F3xx_HAL_Driver/Src/stm32f3xx_hal.c ****   *         implementation  in user file.
 232:Drivers/STM32F3xx_HAL_Driver/Src/stm32f3xx_hal.c ****   * @param TickPriority Tick interrupt priority.
 233:Drivers/STM32F3xx_HAL_Driver/Src/stm32f3xx_hal.c ****   * @retval HAL status
 234:Drivers/STM32F3xx_HAL_Driver/Src/stm32f3xx_hal.c ****   */
 235:Drivers/STM32F3xx_HAL_Driver/Src/stm32f3xx_hal.c **** __weak HAL_StatusTypeDef HAL_InitTick(uint32_t TickPriority)
 236:Drivers/STM32F3xx_HAL_Driver/Src/stm32f3xx_hal.c **** {
 110              		.loc 1 236 0
 111              		.cfi_startproc
 112              		@ args = 0, pretend = 0, frame = 0
 113              		@ frame_needed = 0, uses_anonymous_args = 0
 114              	.LVL1:
 115 0000 10B5     		push	{r4, lr}
 116              	.LCFI1:
 117              		.cfi_def_cfa_offset 8
 118              		.cfi_offset 4, -8
 119              		.cfi_offset 14, -4
 120 0002 0446     		mov	r4, r0
 237:Drivers/STM32F3xx_HAL_Driver/Src/stm32f3xx_hal.c ****   /*Configure the SysTick to have interrupt in 1ms time basis*/
 238:Drivers/STM32F3xx_HAL_Driver/Src/stm32f3xx_hal.c ****   HAL_SYSTICK_Config(SystemCoreClock / 1000U);
 121              		.loc 1 238 0
 122 0004 074B     		ldr	r3, .L9
 123 0006 1B68     		ldr	r3, [r3]
 124 0008 0748     		ldr	r0, .L9+4
 125              	.LVL2:
 126 000a A0FB0330 		umull	r3, r0, r0, r3
 127 000e 8009     		lsrs	r0, r0, #6
 128 0010 FFF7FEFF 		bl	HAL_SYSTICK_Config
 129              	.LVL3:
 239:Drivers/STM32F3xx_HAL_Driver/Src/stm32f3xx_hal.c ****  
 240:Drivers/STM32F3xx_HAL_Driver/Src/stm32f3xx_hal.c ****   /*Configure the SysTick IRQ priority */
 241:Drivers/STM32F3xx_HAL_Driver/Src/stm32f3xx_hal.c ****   HAL_NVIC_SetPriority(SysTick_IRQn, TickPriority ,0U);
 130              		.loc 1 241 0
 131 0014 0022     		movs	r2, #0
 132 0016 2146     		mov	r1, r4
 133 0018 4FF0FF30 		mov	r0, #-1
 134 001c FFF7FEFF 		bl	HAL_NVIC_SetPriority
 135              	.LVL4:
 242:Drivers/STM32F3xx_HAL_Driver/Src/stm32f3xx_hal.c **** 
 243:Drivers/STM32F3xx_HAL_Driver/Src/stm32f3xx_hal.c ****    /* Return function status */
 244:Drivers/STM32F3xx_HAL_Driver/Src/stm32f3xx_hal.c ****   return HAL_OK;
 245:Drivers/STM32F3xx_HAL_Driver/Src/stm32f3xx_hal.c **** }
 136              		.loc 1 245 0
 137 0020 0020     		movs	r0, #0
 138 0022 10BD     		pop	{r4, pc}
 139              	.LVL5:
 140              	.L10:
 141              		.align	2
 142              	.L9:
 143 0024 00000000 		.word	SystemCoreClock
 144 0028 D34D6210 		.word	274877907
 145              		.cfi_endproc
 146              	.LFE128:
 148              		.section	.text.HAL_Init,"ax",%progbits
 149              		.align	2
 150              		.global	HAL_Init
 151              		.thumb
 152              		.thumb_func
ARM GAS  C:\Users\듈괥\AppData\Local\Temp\ccLWiJ4M.s 			page 8


 154              	HAL_Init:
 155              	.LFB124:
 153:Drivers/STM32F3xx_HAL_Driver/Src/stm32f3xx_hal.c ****   /* Configure Flash prefetch */
 156              		.loc 1 153 0
 157              		.cfi_startproc
 158              		@ args = 0, pretend = 0, frame = 0
 159              		@ frame_needed = 0, uses_anonymous_args = 0
 160 0000 08B5     		push	{r3, lr}
 161              	.LCFI2:
 162              		.cfi_def_cfa_offset 8
 163              		.cfi_offset 3, -8
 164              		.cfi_offset 14, -4
 156:Drivers/STM32F3xx_HAL_Driver/Src/stm32f3xx_hal.c **** #endif /* PREFETCH_ENABLE */
 165              		.loc 1 156 0
 166 0002 074A     		ldr	r2, .L13
 167 0004 1368     		ldr	r3, [r2]
 168 0006 43F01003 		orr	r3, r3, #16
 169 000a 1360     		str	r3, [r2]
 160:Drivers/STM32F3xx_HAL_Driver/Src/stm32f3xx_hal.c **** 
 170              		.loc 1 160 0
 171 000c 0320     		movs	r0, #3
 172 000e FFF7FEFF 		bl	HAL_NVIC_SetPriorityGrouping
 173              	.LVL6:
 163:Drivers/STM32F3xx_HAL_Driver/Src/stm32f3xx_hal.c **** 
 174              		.loc 1 163 0
 175 0012 0020     		movs	r0, #0
 176 0014 FFF7FEFF 		bl	HAL_InitTick
 177              	.LVL7:
 166:Drivers/STM32F3xx_HAL_Driver/Src/stm32f3xx_hal.c **** 
 178              		.loc 1 166 0
 179 0018 FFF7FEFF 		bl	HAL_MspInit
 180              	.LVL8:
 170:Drivers/STM32F3xx_HAL_Driver/Src/stm32f3xx_hal.c **** 
 181              		.loc 1 170 0
 182 001c 0020     		movs	r0, #0
 183 001e 08BD     		pop	{r3, pc}
 184              	.L14:
 185              		.align	2
 186              	.L13:
 187 0020 00200240 		.word	1073881088
 188              		.cfi_endproc
 189              	.LFE124:
 191              		.section	.text.HAL_IncTick,"ax",%progbits
 192              		.align	2
 193              		.weak	HAL_IncTick
 194              		.thumb
 195              		.thumb_func
 197              	HAL_IncTick:
 198              	.LFB129:
 246:Drivers/STM32F3xx_HAL_Driver/Src/stm32f3xx_hal.c **** 
 247:Drivers/STM32F3xx_HAL_Driver/Src/stm32f3xx_hal.c **** /**
 248:Drivers/STM32F3xx_HAL_Driver/Src/stm32f3xx_hal.c ****   * @}
 249:Drivers/STM32F3xx_HAL_Driver/Src/stm32f3xx_hal.c ****   */
 250:Drivers/STM32F3xx_HAL_Driver/Src/stm32f3xx_hal.c **** 
 251:Drivers/STM32F3xx_HAL_Driver/Src/stm32f3xx_hal.c **** /** @defgroup HAL_Exported_Functions_Group2 HAL Control functions 
 252:Drivers/STM32F3xx_HAL_Driver/Src/stm32f3xx_hal.c ****  *  @brief    HAL Control functions
 253:Drivers/STM32F3xx_HAL_Driver/Src/stm32f3xx_hal.c ****  *
ARM GAS  C:\Users\듈괥\AppData\Local\Temp\ccLWiJ4M.s 			page 9


 254:Drivers/STM32F3xx_HAL_Driver/Src/stm32f3xx_hal.c **** @verbatim
 255:Drivers/STM32F3xx_HAL_Driver/Src/stm32f3xx_hal.c ****  ===============================================================================
 256:Drivers/STM32F3xx_HAL_Driver/Src/stm32f3xx_hal.c ****                       ##### HAL Control functions #####
 257:Drivers/STM32F3xx_HAL_Driver/Src/stm32f3xx_hal.c ****  ===============================================================================
 258:Drivers/STM32F3xx_HAL_Driver/Src/stm32f3xx_hal.c ****     [..]  This section provides functions allowing to:
 259:Drivers/STM32F3xx_HAL_Driver/Src/stm32f3xx_hal.c ****       (+) Provide a tick value in millisecond
 260:Drivers/STM32F3xx_HAL_Driver/Src/stm32f3xx_hal.c ****       (+) Provide a blocking delay in millisecond
 261:Drivers/STM32F3xx_HAL_Driver/Src/stm32f3xx_hal.c ****       (+) Suspend the time base source interrupt
 262:Drivers/STM32F3xx_HAL_Driver/Src/stm32f3xx_hal.c ****       (+) Resume the time base source interrupt
 263:Drivers/STM32F3xx_HAL_Driver/Src/stm32f3xx_hal.c ****       (+) Get the HAL API driver version
 264:Drivers/STM32F3xx_HAL_Driver/Src/stm32f3xx_hal.c ****       (+) Get the device identifier
 265:Drivers/STM32F3xx_HAL_Driver/Src/stm32f3xx_hal.c ****       (+) Get the device revision identifier
 266:Drivers/STM32F3xx_HAL_Driver/Src/stm32f3xx_hal.c ****       (+) Enable/Disable Debug module during Sleep mode
 267:Drivers/STM32F3xx_HAL_Driver/Src/stm32f3xx_hal.c ****       (+) Enable/Disable Debug module during STOP mode
 268:Drivers/STM32F3xx_HAL_Driver/Src/stm32f3xx_hal.c ****       (+) Enable/Disable Debug module during STANDBY mode
 269:Drivers/STM32F3xx_HAL_Driver/Src/stm32f3xx_hal.c ****       
 270:Drivers/STM32F3xx_HAL_Driver/Src/stm32f3xx_hal.c **** @endverbatim
 271:Drivers/STM32F3xx_HAL_Driver/Src/stm32f3xx_hal.c ****   * @{
 272:Drivers/STM32F3xx_HAL_Driver/Src/stm32f3xx_hal.c ****   */
 273:Drivers/STM32F3xx_HAL_Driver/Src/stm32f3xx_hal.c **** 
 274:Drivers/STM32F3xx_HAL_Driver/Src/stm32f3xx_hal.c **** /**
 275:Drivers/STM32F3xx_HAL_Driver/Src/stm32f3xx_hal.c ****   * @brief  This function is called to increment  a global variable "uwTick"
 276:Drivers/STM32F3xx_HAL_Driver/Src/stm32f3xx_hal.c ****   *         used as application time base.
 277:Drivers/STM32F3xx_HAL_Driver/Src/stm32f3xx_hal.c ****   * @note In the default implementation, this variable is incremented each 1ms
 278:Drivers/STM32F3xx_HAL_Driver/Src/stm32f3xx_hal.c ****   *         in Systick ISR.
 279:Drivers/STM32F3xx_HAL_Driver/Src/stm32f3xx_hal.c ****   * @note This function is declared as __weak to be overwritten in case of other 
 280:Drivers/STM32F3xx_HAL_Driver/Src/stm32f3xx_hal.c ****   *         implementations  in user file.
 281:Drivers/STM32F3xx_HAL_Driver/Src/stm32f3xx_hal.c ****   * @retval None
 282:Drivers/STM32F3xx_HAL_Driver/Src/stm32f3xx_hal.c ****   */
 283:Drivers/STM32F3xx_HAL_Driver/Src/stm32f3xx_hal.c **** __weak void HAL_IncTick(void)
 284:Drivers/STM32F3xx_HAL_Driver/Src/stm32f3xx_hal.c **** {
 199              		.loc 1 284 0
 200              		.cfi_startproc
 201              		@ args = 0, pretend = 0, frame = 0
 202              		@ frame_needed = 0, uses_anonymous_args = 0
 203              		@ link register save eliminated.
 285:Drivers/STM32F3xx_HAL_Driver/Src/stm32f3xx_hal.c ****   uwTick++;
 204              		.loc 1 285 0
 205 0000 024A     		ldr	r2, .L16
 206 0002 1368     		ldr	r3, [r2]
 207 0004 0133     		adds	r3, r3, #1
 208 0006 1360     		str	r3, [r2]
 209 0008 7047     		bx	lr
 210              	.L17:
 211 000a 00BF     		.align	2
 212              	.L16:
 213 000c 00000000 		.word	uwTick
 214              		.cfi_endproc
 215              	.LFE129:
 217              		.section	.text.HAL_GetTick,"ax",%progbits
 218              		.align	2
 219              		.weak	HAL_GetTick
 220              		.thumb
 221              		.thumb_func
 223              	HAL_GetTick:
 224              	.LFB130:
 286:Drivers/STM32F3xx_HAL_Driver/Src/stm32f3xx_hal.c **** }
ARM GAS  C:\Users\듈괥\AppData\Local\Temp\ccLWiJ4M.s 			page 10


 287:Drivers/STM32F3xx_HAL_Driver/Src/stm32f3xx_hal.c **** 
 288:Drivers/STM32F3xx_HAL_Driver/Src/stm32f3xx_hal.c **** /**
 289:Drivers/STM32F3xx_HAL_Driver/Src/stm32f3xx_hal.c ****   * @brief  Povides a tick value in millisecond.
 290:Drivers/STM32F3xx_HAL_Driver/Src/stm32f3xx_hal.c ****   * @note   The function is declared as __Weak  to be overwritten  in case of other 
 291:Drivers/STM32F3xx_HAL_Driver/Src/stm32f3xx_hal.c ****   *         implementations  in user file.
 292:Drivers/STM32F3xx_HAL_Driver/Src/stm32f3xx_hal.c ****   * @retval tick value
 293:Drivers/STM32F3xx_HAL_Driver/Src/stm32f3xx_hal.c ****   */
 294:Drivers/STM32F3xx_HAL_Driver/Src/stm32f3xx_hal.c **** __weak uint32_t HAL_GetTick(void)
 295:Drivers/STM32F3xx_HAL_Driver/Src/stm32f3xx_hal.c **** {
 225              		.loc 1 295 0
 226              		.cfi_startproc
 227              		@ args = 0, pretend = 0, frame = 0
 228              		@ frame_needed = 0, uses_anonymous_args = 0
 229              		@ link register save eliminated.
 296:Drivers/STM32F3xx_HAL_Driver/Src/stm32f3xx_hal.c ****   return uwTick;  
 230              		.loc 1 296 0
 231 0000 014B     		ldr	r3, .L19
 232 0002 1868     		ldr	r0, [r3]
 297:Drivers/STM32F3xx_HAL_Driver/Src/stm32f3xx_hal.c **** }
 233              		.loc 1 297 0
 234 0004 7047     		bx	lr
 235              	.L20:
 236 0006 00BF     		.align	2
 237              	.L19:
 238 0008 00000000 		.word	uwTick
 239              		.cfi_endproc
 240              	.LFE130:
 242              		.section	.text.HAL_Delay,"ax",%progbits
 243              		.align	2
 244              		.weak	HAL_Delay
 245              		.thumb
 246              		.thumb_func
 248              	HAL_Delay:
 249              	.LFB131:
 298:Drivers/STM32F3xx_HAL_Driver/Src/stm32f3xx_hal.c **** 
 299:Drivers/STM32F3xx_HAL_Driver/Src/stm32f3xx_hal.c **** /**
 300:Drivers/STM32F3xx_HAL_Driver/Src/stm32f3xx_hal.c ****   * @brief  This function provides accurate delay (in milliseconds) based 
 301:Drivers/STM32F3xx_HAL_Driver/Src/stm32f3xx_hal.c ****   *         on variable incremented.
 302:Drivers/STM32F3xx_HAL_Driver/Src/stm32f3xx_hal.c ****   * @note   In the default implementation , SysTick timer is the source of time base. 
 303:Drivers/STM32F3xx_HAL_Driver/Src/stm32f3xx_hal.c ****   *         It is used to generate interrupts at regular time intervals where uwTick
 304:Drivers/STM32F3xx_HAL_Driver/Src/stm32f3xx_hal.c ****   *         is incremented.
 305:Drivers/STM32F3xx_HAL_Driver/Src/stm32f3xx_hal.c ****   *         The function is declared as __Weak  to be overwritten  in case of other
 306:Drivers/STM32F3xx_HAL_Driver/Src/stm32f3xx_hal.c ****   *         implementations  in user file.
 307:Drivers/STM32F3xx_HAL_Driver/Src/stm32f3xx_hal.c ****   * @param  Delay specifies the delay time length, in milliseconds.
 308:Drivers/STM32F3xx_HAL_Driver/Src/stm32f3xx_hal.c ****   * @retval None
 309:Drivers/STM32F3xx_HAL_Driver/Src/stm32f3xx_hal.c ****   */
 310:Drivers/STM32F3xx_HAL_Driver/Src/stm32f3xx_hal.c **** __weak void HAL_Delay(__IO uint32_t Delay)
 311:Drivers/STM32F3xx_HAL_Driver/Src/stm32f3xx_hal.c **** {
 250              		.loc 1 311 0
 251              		.cfi_startproc
 252              		@ args = 0, pretend = 0, frame = 8
 253              		@ frame_needed = 0, uses_anonymous_args = 0
 254              	.LVL9:
 255 0000 30B5     		push	{r4, r5, lr}
 256              	.LCFI3:
 257              		.cfi_def_cfa_offset 12
 258              		.cfi_offset 4, -12
ARM GAS  C:\Users\듈괥\AppData\Local\Temp\ccLWiJ4M.s 			page 11


 259              		.cfi_offset 5, -8
 260              		.cfi_offset 14, -4
 261 0002 83B0     		sub	sp, sp, #12
 262              	.LCFI4:
 263              		.cfi_def_cfa_offset 24
 264 0004 0190     		str	r0, [sp, #4]
 312:Drivers/STM32F3xx_HAL_Driver/Src/stm32f3xx_hal.c ****   uint32_t tickstart = HAL_GetTick();
 265              		.loc 1 312 0
 266 0006 FFF7FEFF 		bl	HAL_GetTick
 267              	.LVL10:
 268 000a 0546     		mov	r5, r0
 269              	.LVL11:
 313:Drivers/STM32F3xx_HAL_Driver/Src/stm32f3xx_hal.c ****   uint32_t wait = Delay;
 270              		.loc 1 313 0
 271 000c 019C     		ldr	r4, [sp, #4]
 272              	.LVL12:
 314:Drivers/STM32F3xx_HAL_Driver/Src/stm32f3xx_hal.c ****   
 315:Drivers/STM32F3xx_HAL_Driver/Src/stm32f3xx_hal.c ****   /* Add a period to guarantee minimum wait */
 316:Drivers/STM32F3xx_HAL_Driver/Src/stm32f3xx_hal.c ****   if (wait < HAL_MAX_DELAY)
 273              		.loc 1 316 0
 274 000e B4F1FF3F 		cmp	r4, #-1
 275 0012 00D0     		beq	.L23
 317:Drivers/STM32F3xx_HAL_Driver/Src/stm32f3xx_hal.c ****   {
 318:Drivers/STM32F3xx_HAL_Driver/Src/stm32f3xx_hal.c ****      wait++;
 276              		.loc 1 318 0
 277 0014 0134     		adds	r4, r4, #1
 278              	.LVL13:
 279              	.L23:
 319:Drivers/STM32F3xx_HAL_Driver/Src/stm32f3xx_hal.c ****   }
 320:Drivers/STM32F3xx_HAL_Driver/Src/stm32f3xx_hal.c ****   
 321:Drivers/STM32F3xx_HAL_Driver/Src/stm32f3xx_hal.c ****   while((HAL_GetTick() - tickstart) < wait)
 280              		.loc 1 321 0 discriminator 1
 281 0016 FFF7FEFF 		bl	HAL_GetTick
 282              	.LVL14:
 283 001a 401B     		subs	r0, r0, r5
 284 001c A042     		cmp	r0, r4
 285 001e FAD3     		bcc	.L23
 322:Drivers/STM32F3xx_HAL_Driver/Src/stm32f3xx_hal.c ****   {
 323:Drivers/STM32F3xx_HAL_Driver/Src/stm32f3xx_hal.c ****   }
 324:Drivers/STM32F3xx_HAL_Driver/Src/stm32f3xx_hal.c **** }
 286              		.loc 1 324 0
 287 0020 03B0     		add	sp, sp, #12
 288              	.LCFI5:
 289              		.cfi_def_cfa_offset 12
 290              		@ sp needed
 291 0022 30BD     		pop	{r4, r5, pc}
 292              		.cfi_endproc
 293              	.LFE131:
 295              		.section	.text.HAL_SuspendTick,"ax",%progbits
 296              		.align	2
 297              		.weak	HAL_SuspendTick
 298              		.thumb
 299              		.thumb_func
 301              	HAL_SuspendTick:
 302              	.LFB132:
 325:Drivers/STM32F3xx_HAL_Driver/Src/stm32f3xx_hal.c **** 
 326:Drivers/STM32F3xx_HAL_Driver/Src/stm32f3xx_hal.c **** /**
ARM GAS  C:\Users\듈괥\AppData\Local\Temp\ccLWiJ4M.s 			page 12


 327:Drivers/STM32F3xx_HAL_Driver/Src/stm32f3xx_hal.c ****   * @brief  Suspend Tick increment.
 328:Drivers/STM32F3xx_HAL_Driver/Src/stm32f3xx_hal.c ****   * @note   In the default implementation , SysTick timer is the source of time base. It is  
 329:Drivers/STM32F3xx_HAL_Driver/Src/stm32f3xx_hal.c ****   *         used to generate interrupts at regular time intervals. Once HAL_SuspendTick()
 330:Drivers/STM32F3xx_HAL_Driver/Src/stm32f3xx_hal.c ****   *         is called, the the SysTick interrupt will be disabled and so Tick increment 
 331:Drivers/STM32F3xx_HAL_Driver/Src/stm32f3xx_hal.c ****   *         is suspended.
 332:Drivers/STM32F3xx_HAL_Driver/Src/stm32f3xx_hal.c ****   * @note This function is declared as __weak to be overwritten in case of other
 333:Drivers/STM32F3xx_HAL_Driver/Src/stm32f3xx_hal.c ****   *         implementations  in user file.
 334:Drivers/STM32F3xx_HAL_Driver/Src/stm32f3xx_hal.c ****   * @retval None
 335:Drivers/STM32F3xx_HAL_Driver/Src/stm32f3xx_hal.c ****   */
 336:Drivers/STM32F3xx_HAL_Driver/Src/stm32f3xx_hal.c **** __weak void HAL_SuspendTick(void)
 337:Drivers/STM32F3xx_HAL_Driver/Src/stm32f3xx_hal.c **** 
 338:Drivers/STM32F3xx_HAL_Driver/Src/stm32f3xx_hal.c **** {
 303              		.loc 1 338 0
 304              		.cfi_startproc
 305              		@ args = 0, pretend = 0, frame = 0
 306              		@ frame_needed = 0, uses_anonymous_args = 0
 307              		@ link register save eliminated.
 339:Drivers/STM32F3xx_HAL_Driver/Src/stm32f3xx_hal.c ****   /* Disable SysTick Interrupt */
 340:Drivers/STM32F3xx_HAL_Driver/Src/stm32f3xx_hal.c ****   SysTick->CTRL &= ~SysTick_CTRL_TICKINT_Msk;
 308              		.loc 1 340 0
 309 0000 024A     		ldr	r2, .L26
 310 0002 1368     		ldr	r3, [r2]
 311 0004 23F00203 		bic	r3, r3, #2
 312 0008 1360     		str	r3, [r2]
 313 000a 7047     		bx	lr
 314              	.L27:
 315              		.align	2
 316              	.L26:
 317 000c 10E000E0 		.word	-536813552
 318              		.cfi_endproc
 319              	.LFE132:
 321              		.section	.text.HAL_ResumeTick,"ax",%progbits
 322              		.align	2
 323              		.weak	HAL_ResumeTick
 324              		.thumb
 325              		.thumb_func
 327              	HAL_ResumeTick:
 328              	.LFB133:
 341:Drivers/STM32F3xx_HAL_Driver/Src/stm32f3xx_hal.c ****                                                    
 342:Drivers/STM32F3xx_HAL_Driver/Src/stm32f3xx_hal.c **** }
 343:Drivers/STM32F3xx_HAL_Driver/Src/stm32f3xx_hal.c **** 
 344:Drivers/STM32F3xx_HAL_Driver/Src/stm32f3xx_hal.c **** /**
 345:Drivers/STM32F3xx_HAL_Driver/Src/stm32f3xx_hal.c ****   * @brief  Resume Tick increment.
 346:Drivers/STM32F3xx_HAL_Driver/Src/stm32f3xx_hal.c ****   * @note   In the default implementation , SysTick timer is the source of time base. It is  
 347:Drivers/STM32F3xx_HAL_Driver/Src/stm32f3xx_hal.c ****   *         used to generate interrupts at regular time intervals. Once HAL_ResumeTick()
 348:Drivers/STM32F3xx_HAL_Driver/Src/stm32f3xx_hal.c ****   *         is called, the the SysTick interrupt will be enabled and so Tick increment 
 349:Drivers/STM32F3xx_HAL_Driver/Src/stm32f3xx_hal.c ****   *         is resumed.
 350:Drivers/STM32F3xx_HAL_Driver/Src/stm32f3xx_hal.c ****   *         The function is declared as __Weak  to be overwritten  in case of other
 351:Drivers/STM32F3xx_HAL_Driver/Src/stm32f3xx_hal.c ****   *         implementations  in user file.
 352:Drivers/STM32F3xx_HAL_Driver/Src/stm32f3xx_hal.c ****   * @retval None
 353:Drivers/STM32F3xx_HAL_Driver/Src/stm32f3xx_hal.c ****   */
 354:Drivers/STM32F3xx_HAL_Driver/Src/stm32f3xx_hal.c **** __weak void HAL_ResumeTick(void)
 355:Drivers/STM32F3xx_HAL_Driver/Src/stm32f3xx_hal.c **** {
 329              		.loc 1 355 0
 330              		.cfi_startproc
 331              		@ args = 0, pretend = 0, frame = 0
 332              		@ frame_needed = 0, uses_anonymous_args = 0
ARM GAS  C:\Users\듈괥\AppData\Local\Temp\ccLWiJ4M.s 			page 13


 333              		@ link register save eliminated.
 356:Drivers/STM32F3xx_HAL_Driver/Src/stm32f3xx_hal.c ****   /* Enable SysTick Interrupt */
 357:Drivers/STM32F3xx_HAL_Driver/Src/stm32f3xx_hal.c ****   SysTick->CTRL  |= SysTick_CTRL_TICKINT_Msk;
 334              		.loc 1 357 0
 335 0000 024A     		ldr	r2, .L29
 336 0002 1368     		ldr	r3, [r2]
 337 0004 43F00203 		orr	r3, r3, #2
 338 0008 1360     		str	r3, [r2]
 339 000a 7047     		bx	lr
 340              	.L30:
 341              		.align	2
 342              	.L29:
 343 000c 10E000E0 		.word	-536813552
 344              		.cfi_endproc
 345              	.LFE133:
 347              		.section	.text.HAL_GetHalVersion,"ax",%progbits
 348              		.align	2
 349              		.global	HAL_GetHalVersion
 350              		.thumb
 351              		.thumb_func
 353              	HAL_GetHalVersion:
 354              	.LFB134:
 358:Drivers/STM32F3xx_HAL_Driver/Src/stm32f3xx_hal.c ****   
 359:Drivers/STM32F3xx_HAL_Driver/Src/stm32f3xx_hal.c **** }
 360:Drivers/STM32F3xx_HAL_Driver/Src/stm32f3xx_hal.c **** 
 361:Drivers/STM32F3xx_HAL_Driver/Src/stm32f3xx_hal.c **** /**
 362:Drivers/STM32F3xx_HAL_Driver/Src/stm32f3xx_hal.c ****   * @brief  This function returns the HAL revision
 363:Drivers/STM32F3xx_HAL_Driver/Src/stm32f3xx_hal.c ****   * @retval version : 0xXYZR (8bits for each decimal, R for RC)
 364:Drivers/STM32F3xx_HAL_Driver/Src/stm32f3xx_hal.c ****   */
 365:Drivers/STM32F3xx_HAL_Driver/Src/stm32f3xx_hal.c **** uint32_t HAL_GetHalVersion(void)
 366:Drivers/STM32F3xx_HAL_Driver/Src/stm32f3xx_hal.c **** {
 355              		.loc 1 366 0
 356              		.cfi_startproc
 357              		@ args = 0, pretend = 0, frame = 0
 358              		@ frame_needed = 0, uses_anonymous_args = 0
 359              		@ link register save eliminated.
 367:Drivers/STM32F3xx_HAL_Driver/Src/stm32f3xx_hal.c ****  return __STM32F3xx_HAL_VERSION;
 368:Drivers/STM32F3xx_HAL_Driver/Src/stm32f3xx_hal.c **** }
 360              		.loc 1 368 0
 361 0000 0048     		ldr	r0, .L32
 362 0002 7047     		bx	lr
 363              	.L33:
 364              		.align	2
 365              	.L32:
 366 0004 00000501 		.word	17104896
 367              		.cfi_endproc
 368              	.LFE134:
 370              		.section	.text.HAL_GetREVID,"ax",%progbits
 371              		.align	2
 372              		.global	HAL_GetREVID
 373              		.thumb
 374              		.thumb_func
 376              	HAL_GetREVID:
 377              	.LFB135:
 369:Drivers/STM32F3xx_HAL_Driver/Src/stm32f3xx_hal.c **** 
 370:Drivers/STM32F3xx_HAL_Driver/Src/stm32f3xx_hal.c **** /**
 371:Drivers/STM32F3xx_HAL_Driver/Src/stm32f3xx_hal.c ****   * @brief  Returns the device revision identifier.
ARM GAS  C:\Users\듈괥\AppData\Local\Temp\ccLWiJ4M.s 			page 14


 372:Drivers/STM32F3xx_HAL_Driver/Src/stm32f3xx_hal.c ****   * @retval Device revision identifier
 373:Drivers/STM32F3xx_HAL_Driver/Src/stm32f3xx_hal.c ****   */
 374:Drivers/STM32F3xx_HAL_Driver/Src/stm32f3xx_hal.c **** uint32_t HAL_GetREVID(void)
 375:Drivers/STM32F3xx_HAL_Driver/Src/stm32f3xx_hal.c **** {
 378              		.loc 1 375 0
 379              		.cfi_startproc
 380              		@ args = 0, pretend = 0, frame = 0
 381              		@ frame_needed = 0, uses_anonymous_args = 0
 382              		@ link register save eliminated.
 376:Drivers/STM32F3xx_HAL_Driver/Src/stm32f3xx_hal.c ****   return((DBGMCU->IDCODE) >> 16U);
 383              		.loc 1 376 0
 384 0000 014B     		ldr	r3, .L35
 385 0002 1868     		ldr	r0, [r3]
 377:Drivers/STM32F3xx_HAL_Driver/Src/stm32f3xx_hal.c **** }
 386              		.loc 1 377 0
 387 0004 000C     		lsrs	r0, r0, #16
 388 0006 7047     		bx	lr
 389              	.L36:
 390              		.align	2
 391              	.L35:
 392 0008 002004E0 		.word	-536600576
 393              		.cfi_endproc
 394              	.LFE135:
 396              		.section	.text.HAL_GetDEVID,"ax",%progbits
 397              		.align	2
 398              		.global	HAL_GetDEVID
 399              		.thumb
 400              		.thumb_func
 402              	HAL_GetDEVID:
 403              	.LFB136:
 378:Drivers/STM32F3xx_HAL_Driver/Src/stm32f3xx_hal.c **** 
 379:Drivers/STM32F3xx_HAL_Driver/Src/stm32f3xx_hal.c **** /**
 380:Drivers/STM32F3xx_HAL_Driver/Src/stm32f3xx_hal.c ****   * @brief  Returns the device identifier.
 381:Drivers/STM32F3xx_HAL_Driver/Src/stm32f3xx_hal.c ****   * @retval Device identifier
 382:Drivers/STM32F3xx_HAL_Driver/Src/stm32f3xx_hal.c ****   */
 383:Drivers/STM32F3xx_HAL_Driver/Src/stm32f3xx_hal.c **** uint32_t HAL_GetDEVID(void)
 384:Drivers/STM32F3xx_HAL_Driver/Src/stm32f3xx_hal.c **** {
 404              		.loc 1 384 0
 405              		.cfi_startproc
 406              		@ args = 0, pretend = 0, frame = 0
 407              		@ frame_needed = 0, uses_anonymous_args = 0
 408              		@ link register save eliminated.
 385:Drivers/STM32F3xx_HAL_Driver/Src/stm32f3xx_hal.c ****   return((DBGMCU->IDCODE) & IDCODE_DEVID_MASK);
 409              		.loc 1 385 0
 410 0000 024B     		ldr	r3, .L38
 411 0002 1868     		ldr	r0, [r3]
 386:Drivers/STM32F3xx_HAL_Driver/Src/stm32f3xx_hal.c **** }
 412              		.loc 1 386 0
 413 0004 C0F30B00 		ubfx	r0, r0, #0, #12
 414 0008 7047     		bx	lr
 415              	.L39:
 416 000a 00BF     		.align	2
 417              	.L38:
 418 000c 002004E0 		.word	-536600576
 419              		.cfi_endproc
 420              	.LFE136:
 422              		.section	.text.HAL_GetUIDw0,"ax",%progbits
ARM GAS  C:\Users\듈괥\AppData\Local\Temp\ccLWiJ4M.s 			page 15


 423              		.align	2
 424              		.global	HAL_GetUIDw0
 425              		.thumb
 426              		.thumb_func
 428              	HAL_GetUIDw0:
 429              	.LFB137:
 387:Drivers/STM32F3xx_HAL_Driver/Src/stm32f3xx_hal.c **** 
 388:Drivers/STM32F3xx_HAL_Driver/Src/stm32f3xx_hal.c **** /**
 389:Drivers/STM32F3xx_HAL_Driver/Src/stm32f3xx_hal.c ****   * @brief  Returns first word of the unique device identifier (UID based on 96 bits)
 390:Drivers/STM32F3xx_HAL_Driver/Src/stm32f3xx_hal.c ****   * @retval Device identifier
 391:Drivers/STM32F3xx_HAL_Driver/Src/stm32f3xx_hal.c ****   */
 392:Drivers/STM32F3xx_HAL_Driver/Src/stm32f3xx_hal.c **** uint32_t HAL_GetUIDw0(void)
 393:Drivers/STM32F3xx_HAL_Driver/Src/stm32f3xx_hal.c **** {
 430              		.loc 1 393 0
 431              		.cfi_startproc
 432              		@ args = 0, pretend = 0, frame = 0
 433              		@ frame_needed = 0, uses_anonymous_args = 0
 434              		@ link register save eliminated.
 394:Drivers/STM32F3xx_HAL_Driver/Src/stm32f3xx_hal.c ****    return(READ_REG(*((uint32_t *)UID_BASE)));
 395:Drivers/STM32F3xx_HAL_Driver/Src/stm32f3xx_hal.c **** }
 435              		.loc 1 395 0
 436 0000 014B     		ldr	r3, .L41
 437 0002 1868     		ldr	r0, [r3]
 438 0004 7047     		bx	lr
 439              	.L42:
 440 0006 00BF     		.align	2
 441              	.L41:
 442 0008 ACF7FF1F 		.word	536868780
 443              		.cfi_endproc
 444              	.LFE137:
 446              		.section	.text.HAL_GetUIDw1,"ax",%progbits
 447              		.align	2
 448              		.global	HAL_GetUIDw1
 449              		.thumb
 450              		.thumb_func
 452              	HAL_GetUIDw1:
 453              	.LFB138:
 396:Drivers/STM32F3xx_HAL_Driver/Src/stm32f3xx_hal.c **** 
 397:Drivers/STM32F3xx_HAL_Driver/Src/stm32f3xx_hal.c **** /**
 398:Drivers/STM32F3xx_HAL_Driver/Src/stm32f3xx_hal.c ****   * @brief  Returns second word of the unique device identifier (UID based on 96 bits)
 399:Drivers/STM32F3xx_HAL_Driver/Src/stm32f3xx_hal.c ****   * @retval Device identifier
 400:Drivers/STM32F3xx_HAL_Driver/Src/stm32f3xx_hal.c ****   */
 401:Drivers/STM32F3xx_HAL_Driver/Src/stm32f3xx_hal.c **** uint32_t HAL_GetUIDw1(void)
 402:Drivers/STM32F3xx_HAL_Driver/Src/stm32f3xx_hal.c **** {
 454              		.loc 1 402 0
 455              		.cfi_startproc
 456              		@ args = 0, pretend = 0, frame = 0
 457              		@ frame_needed = 0, uses_anonymous_args = 0
 458              		@ link register save eliminated.
 403:Drivers/STM32F3xx_HAL_Driver/Src/stm32f3xx_hal.c ****    return(READ_REG(*((uint32_t *)(UID_BASE + 4U))));
 404:Drivers/STM32F3xx_HAL_Driver/Src/stm32f3xx_hal.c **** }
 459              		.loc 1 404 0
 460 0000 014B     		ldr	r3, .L44
 461 0002 1868     		ldr	r0, [r3]
 462 0004 7047     		bx	lr
 463              	.L45:
 464 0006 00BF     		.align	2
ARM GAS  C:\Users\듈괥\AppData\Local\Temp\ccLWiJ4M.s 			page 16


 465              	.L44:
 466 0008 B0F7FF1F 		.word	536868784
 467              		.cfi_endproc
 468              	.LFE138:
 470              		.section	.text.HAL_GetUIDw2,"ax",%progbits
 471              		.align	2
 472              		.global	HAL_GetUIDw2
 473              		.thumb
 474              		.thumb_func
 476              	HAL_GetUIDw2:
 477              	.LFB139:
 405:Drivers/STM32F3xx_HAL_Driver/Src/stm32f3xx_hal.c **** 
 406:Drivers/STM32F3xx_HAL_Driver/Src/stm32f3xx_hal.c **** /**
 407:Drivers/STM32F3xx_HAL_Driver/Src/stm32f3xx_hal.c ****   * @brief  Returns third word of the unique device identifier (UID based on 96 bits)
 408:Drivers/STM32F3xx_HAL_Driver/Src/stm32f3xx_hal.c ****   * @retval Device identifier
 409:Drivers/STM32F3xx_HAL_Driver/Src/stm32f3xx_hal.c ****   */
 410:Drivers/STM32F3xx_HAL_Driver/Src/stm32f3xx_hal.c **** uint32_t HAL_GetUIDw2(void)
 411:Drivers/STM32F3xx_HAL_Driver/Src/stm32f3xx_hal.c **** {
 478              		.loc 1 411 0
 479              		.cfi_startproc
 480              		@ args = 0, pretend = 0, frame = 0
 481              		@ frame_needed = 0, uses_anonymous_args = 0
 482              		@ link register save eliminated.
 412:Drivers/STM32F3xx_HAL_Driver/Src/stm32f3xx_hal.c ****    return(READ_REG(*((uint32_t *)(UID_BASE + 8U))));
 413:Drivers/STM32F3xx_HAL_Driver/Src/stm32f3xx_hal.c **** }
 483              		.loc 1 413 0
 484 0000 014B     		ldr	r3, .L47
 485 0002 1868     		ldr	r0, [r3]
 486 0004 7047     		bx	lr
 487              	.L48:
 488 0006 00BF     		.align	2
 489              	.L47:
 490 0008 B4F7FF1F 		.word	536868788
 491              		.cfi_endproc
 492              	.LFE139:
 494              		.section	.text.HAL_DBGMCU_EnableDBGSleepMode,"ax",%progbits
 495              		.align	2
 496              		.global	HAL_DBGMCU_EnableDBGSleepMode
 497              		.thumb
 498              		.thumb_func
 500              	HAL_DBGMCU_EnableDBGSleepMode:
 501              	.LFB140:
 414:Drivers/STM32F3xx_HAL_Driver/Src/stm32f3xx_hal.c **** 
 415:Drivers/STM32F3xx_HAL_Driver/Src/stm32f3xx_hal.c **** /**
 416:Drivers/STM32F3xx_HAL_Driver/Src/stm32f3xx_hal.c ****   * @brief  Enable the Debug Module during SLEEP mode
 417:Drivers/STM32F3xx_HAL_Driver/Src/stm32f3xx_hal.c ****   * @retval None
 418:Drivers/STM32F3xx_HAL_Driver/Src/stm32f3xx_hal.c ****   */
 419:Drivers/STM32F3xx_HAL_Driver/Src/stm32f3xx_hal.c **** void HAL_DBGMCU_EnableDBGSleepMode(void)
 420:Drivers/STM32F3xx_HAL_Driver/Src/stm32f3xx_hal.c **** {
 502              		.loc 1 420 0
 503              		.cfi_startproc
 504              		@ args = 0, pretend = 0, frame = 0
 505              		@ frame_needed = 0, uses_anonymous_args = 0
 506              		@ link register save eliminated.
 421:Drivers/STM32F3xx_HAL_Driver/Src/stm32f3xx_hal.c ****   SET_BIT(DBGMCU->CR, DBGMCU_CR_DBG_SLEEP);
 507              		.loc 1 421 0
 508 0000 024A     		ldr	r2, .L50
ARM GAS  C:\Users\듈괥\AppData\Local\Temp\ccLWiJ4M.s 			page 17


 509 0002 5368     		ldr	r3, [r2, #4]
 510 0004 43F00103 		orr	r3, r3, #1
 511 0008 5360     		str	r3, [r2, #4]
 512 000a 7047     		bx	lr
 513              	.L51:
 514              		.align	2
 515              	.L50:
 516 000c 002004E0 		.word	-536600576
 517              		.cfi_endproc
 518              	.LFE140:
 520              		.section	.text.HAL_DBGMCU_DisableDBGSleepMode,"ax",%progbits
 521              		.align	2
 522              		.global	HAL_DBGMCU_DisableDBGSleepMode
 523              		.thumb
 524              		.thumb_func
 526              	HAL_DBGMCU_DisableDBGSleepMode:
 527              	.LFB141:
 422:Drivers/STM32F3xx_HAL_Driver/Src/stm32f3xx_hal.c **** }
 423:Drivers/STM32F3xx_HAL_Driver/Src/stm32f3xx_hal.c **** 
 424:Drivers/STM32F3xx_HAL_Driver/Src/stm32f3xx_hal.c **** /**
 425:Drivers/STM32F3xx_HAL_Driver/Src/stm32f3xx_hal.c ****   * @brief  Disable the Debug Module during SLEEP mode
 426:Drivers/STM32F3xx_HAL_Driver/Src/stm32f3xx_hal.c ****   * @retval None
 427:Drivers/STM32F3xx_HAL_Driver/Src/stm32f3xx_hal.c ****   */
 428:Drivers/STM32F3xx_HAL_Driver/Src/stm32f3xx_hal.c **** void HAL_DBGMCU_DisableDBGSleepMode(void)
 429:Drivers/STM32F3xx_HAL_Driver/Src/stm32f3xx_hal.c **** {
 528              		.loc 1 429 0
 529              		.cfi_startproc
 530              		@ args = 0, pretend = 0, frame = 0
 531              		@ frame_needed = 0, uses_anonymous_args = 0
 532              		@ link register save eliminated.
 430:Drivers/STM32F3xx_HAL_Driver/Src/stm32f3xx_hal.c ****   CLEAR_BIT(DBGMCU->CR, DBGMCU_CR_DBG_SLEEP);
 533              		.loc 1 430 0
 534 0000 024A     		ldr	r2, .L53
 535 0002 5368     		ldr	r3, [r2, #4]
 536 0004 23F00103 		bic	r3, r3, #1
 537 0008 5360     		str	r3, [r2, #4]
 538 000a 7047     		bx	lr
 539              	.L54:
 540              		.align	2
 541              	.L53:
 542 000c 002004E0 		.word	-536600576
 543              		.cfi_endproc
 544              	.LFE141:
 546              		.section	.text.HAL_DBGMCU_EnableDBGStopMode,"ax",%progbits
 547              		.align	2
 548              		.global	HAL_DBGMCU_EnableDBGStopMode
 549              		.thumb
 550              		.thumb_func
 552              	HAL_DBGMCU_EnableDBGStopMode:
 553              	.LFB142:
 431:Drivers/STM32F3xx_HAL_Driver/Src/stm32f3xx_hal.c **** }
 432:Drivers/STM32F3xx_HAL_Driver/Src/stm32f3xx_hal.c **** 
 433:Drivers/STM32F3xx_HAL_Driver/Src/stm32f3xx_hal.c **** /**
 434:Drivers/STM32F3xx_HAL_Driver/Src/stm32f3xx_hal.c ****   * @brief  Enable the Debug Module during STOP mode
 435:Drivers/STM32F3xx_HAL_Driver/Src/stm32f3xx_hal.c ****   * @retval None
 436:Drivers/STM32F3xx_HAL_Driver/Src/stm32f3xx_hal.c ****   */
 437:Drivers/STM32F3xx_HAL_Driver/Src/stm32f3xx_hal.c **** void HAL_DBGMCU_EnableDBGStopMode(void)
ARM GAS  C:\Users\듈괥\AppData\Local\Temp\ccLWiJ4M.s 			page 18


 438:Drivers/STM32F3xx_HAL_Driver/Src/stm32f3xx_hal.c **** {
 554              		.loc 1 438 0
 555              		.cfi_startproc
 556              		@ args = 0, pretend = 0, frame = 0
 557              		@ frame_needed = 0, uses_anonymous_args = 0
 558              		@ link register save eliminated.
 439:Drivers/STM32F3xx_HAL_Driver/Src/stm32f3xx_hal.c ****   SET_BIT(DBGMCU->CR, DBGMCU_CR_DBG_STOP);
 559              		.loc 1 439 0
 560 0000 024A     		ldr	r2, .L56
 561 0002 5368     		ldr	r3, [r2, #4]
 562 0004 43F00203 		orr	r3, r3, #2
 563 0008 5360     		str	r3, [r2, #4]
 564 000a 7047     		bx	lr
 565              	.L57:
 566              		.align	2
 567              	.L56:
 568 000c 002004E0 		.word	-536600576
 569              		.cfi_endproc
 570              	.LFE142:
 572              		.section	.text.HAL_DBGMCU_DisableDBGStopMode,"ax",%progbits
 573              		.align	2
 574              		.global	HAL_DBGMCU_DisableDBGStopMode
 575              		.thumb
 576              		.thumb_func
 578              	HAL_DBGMCU_DisableDBGStopMode:
 579              	.LFB143:
 440:Drivers/STM32F3xx_HAL_Driver/Src/stm32f3xx_hal.c **** }
 441:Drivers/STM32F3xx_HAL_Driver/Src/stm32f3xx_hal.c **** 
 442:Drivers/STM32F3xx_HAL_Driver/Src/stm32f3xx_hal.c **** /**
 443:Drivers/STM32F3xx_HAL_Driver/Src/stm32f3xx_hal.c ****   * @brief  Disable the Debug Module during STOP mode
 444:Drivers/STM32F3xx_HAL_Driver/Src/stm32f3xx_hal.c ****   * @retval None
 445:Drivers/STM32F3xx_HAL_Driver/Src/stm32f3xx_hal.c ****   */
 446:Drivers/STM32F3xx_HAL_Driver/Src/stm32f3xx_hal.c **** void HAL_DBGMCU_DisableDBGStopMode(void)
 447:Drivers/STM32F3xx_HAL_Driver/Src/stm32f3xx_hal.c **** {
 580              		.loc 1 447 0
 581              		.cfi_startproc
 582              		@ args = 0, pretend = 0, frame = 0
 583              		@ frame_needed = 0, uses_anonymous_args = 0
 584              		@ link register save eliminated.
 448:Drivers/STM32F3xx_HAL_Driver/Src/stm32f3xx_hal.c ****   CLEAR_BIT(DBGMCU->CR, DBGMCU_CR_DBG_STOP);
 585              		.loc 1 448 0
 586 0000 024A     		ldr	r2, .L59
 587 0002 5368     		ldr	r3, [r2, #4]
 588 0004 23F00203 		bic	r3, r3, #2
 589 0008 5360     		str	r3, [r2, #4]
 590 000a 7047     		bx	lr
 591              	.L60:
 592              		.align	2
 593              	.L59:
 594 000c 002004E0 		.word	-536600576
 595              		.cfi_endproc
 596              	.LFE143:
 598              		.section	.text.HAL_DBGMCU_EnableDBGStandbyMode,"ax",%progbits
 599              		.align	2
 600              		.global	HAL_DBGMCU_EnableDBGStandbyMode
 601              		.thumb
 602              		.thumb_func
ARM GAS  C:\Users\듈괥\AppData\Local\Temp\ccLWiJ4M.s 			page 19


 604              	HAL_DBGMCU_EnableDBGStandbyMode:
 605              	.LFB144:
 449:Drivers/STM32F3xx_HAL_Driver/Src/stm32f3xx_hal.c **** }
 450:Drivers/STM32F3xx_HAL_Driver/Src/stm32f3xx_hal.c **** 
 451:Drivers/STM32F3xx_HAL_Driver/Src/stm32f3xx_hal.c **** /**
 452:Drivers/STM32F3xx_HAL_Driver/Src/stm32f3xx_hal.c ****   * @brief  Enable the Debug Module during STANDBY mode
 453:Drivers/STM32F3xx_HAL_Driver/Src/stm32f3xx_hal.c ****   * @retval None
 454:Drivers/STM32F3xx_HAL_Driver/Src/stm32f3xx_hal.c ****   */
 455:Drivers/STM32F3xx_HAL_Driver/Src/stm32f3xx_hal.c **** void HAL_DBGMCU_EnableDBGStandbyMode(void)
 456:Drivers/STM32F3xx_HAL_Driver/Src/stm32f3xx_hal.c **** {
 606              		.loc 1 456 0
 607              		.cfi_startproc
 608              		@ args = 0, pretend = 0, frame = 0
 609              		@ frame_needed = 0, uses_anonymous_args = 0
 610              		@ link register save eliminated.
 457:Drivers/STM32F3xx_HAL_Driver/Src/stm32f3xx_hal.c ****   SET_BIT(DBGMCU->CR, DBGMCU_CR_DBG_STANDBY);
 611              		.loc 1 457 0
 612 0000 024A     		ldr	r2, .L62
 613 0002 5368     		ldr	r3, [r2, #4]
 614 0004 43F00403 		orr	r3, r3, #4
 615 0008 5360     		str	r3, [r2, #4]
 616 000a 7047     		bx	lr
 617              	.L63:
 618              		.align	2
 619              	.L62:
 620 000c 002004E0 		.word	-536600576
 621              		.cfi_endproc
 622              	.LFE144:
 624              		.section	.text.HAL_DBGMCU_DisableDBGStandbyMode,"ax",%progbits
 625              		.align	2
 626              		.global	HAL_DBGMCU_DisableDBGStandbyMode
 627              		.thumb
 628              		.thumb_func
 630              	HAL_DBGMCU_DisableDBGStandbyMode:
 631              	.LFB145:
 458:Drivers/STM32F3xx_HAL_Driver/Src/stm32f3xx_hal.c **** }
 459:Drivers/STM32F3xx_HAL_Driver/Src/stm32f3xx_hal.c **** 
 460:Drivers/STM32F3xx_HAL_Driver/Src/stm32f3xx_hal.c **** /**
 461:Drivers/STM32F3xx_HAL_Driver/Src/stm32f3xx_hal.c ****   * @brief  Disable the Debug Module during STANDBY mode
 462:Drivers/STM32F3xx_HAL_Driver/Src/stm32f3xx_hal.c ****   * @retval None
 463:Drivers/STM32F3xx_HAL_Driver/Src/stm32f3xx_hal.c ****   */
 464:Drivers/STM32F3xx_HAL_Driver/Src/stm32f3xx_hal.c **** void HAL_DBGMCU_DisableDBGStandbyMode(void)
 465:Drivers/STM32F3xx_HAL_Driver/Src/stm32f3xx_hal.c **** {
 632              		.loc 1 465 0
 633              		.cfi_startproc
 634              		@ args = 0, pretend = 0, frame = 0
 635              		@ frame_needed = 0, uses_anonymous_args = 0
 636              		@ link register save eliminated.
 466:Drivers/STM32F3xx_HAL_Driver/Src/stm32f3xx_hal.c ****   CLEAR_BIT(DBGMCU->CR, DBGMCU_CR_DBG_STANDBY);
 637              		.loc 1 466 0
 638 0000 024A     		ldr	r2, .L65
 639 0002 5368     		ldr	r3, [r2, #4]
 640 0004 23F00403 		bic	r3, r3, #4
 641 0008 5360     		str	r3, [r2, #4]
 642 000a 7047     		bx	lr
 643              	.L66:
 644              		.align	2
ARM GAS  C:\Users\듈괥\AppData\Local\Temp\ccLWiJ4M.s 			page 20


 645              	.L65:
 646 000c 002004E0 		.word	-536600576
 647              		.cfi_endproc
 648              	.LFE145:
 650              		.comm	uwTick,4,4
 651              		.text
 652              	.Letext0:
 653              		.file 2 "c:\\program files (x86)\\gnu tools arm embedded\\5.4 2016q3\\arm-none-eabi\\include\\mach
 654              		.file 3 "c:\\program files (x86)\\gnu tools arm embedded\\5.4 2016q3\\arm-none-eabi\\include\\sys\
 655              		.file 4 "Drivers/CMSIS/Include/core_cm4.h"
 656              		.file 5 "Drivers/CMSIS/Device/ST/STM32F3xx/Include/stm32f303x8.h"
 657              		.file 6 "Drivers/STM32F3xx_HAL_Driver/Inc/stm32f3xx_hal_def.h"
 658              		.file 7 "Drivers/CMSIS/Device/ST/STM32F3xx/Include/system_stm32f3xx.h"
 659              		.file 8 "Drivers/STM32F3xx_HAL_Driver/Inc/stm32f3xx_hal_cortex.h"
ARM GAS  C:\Users\듈괥\AppData\Local\Temp\ccLWiJ4M.s 			page 21


DEFINED SYMBOLS
                            *ABS*:00000000 stm32f3xx_hal.c
C:\Users\듈괥\AppData\Local\Temp\ccLWiJ4M.s:22     .text.HAL_MspInit:00000000 $t
C:\Users\듈괥\AppData\Local\Temp\ccLWiJ4M.s:27     .text.HAL_MspInit:00000000 HAL_MspInit
C:\Users\듈괥\AppData\Local\Temp\ccLWiJ4M.s:40     .text.HAL_MspDeInit:00000000 $t
C:\Users\듈괥\AppData\Local\Temp\ccLWiJ4M.s:45     .text.HAL_MspDeInit:00000000 HAL_MspDeInit
C:\Users\듈괥\AppData\Local\Temp\ccLWiJ4M.s:57     .text.HAL_DeInit:00000000 $t
C:\Users\듈괥\AppData\Local\Temp\ccLWiJ4M.s:62     .text.HAL_DeInit:00000000 HAL_DeInit
C:\Users\듈괥\AppData\Local\Temp\ccLWiJ4M.s:98     .text.HAL_DeInit:00000020 $d
C:\Users\듈괥\AppData\Local\Temp\ccLWiJ4M.s:103    .text.HAL_InitTick:00000000 $t
C:\Users\듈괥\AppData\Local\Temp\ccLWiJ4M.s:108    .text.HAL_InitTick:00000000 HAL_InitTick
C:\Users\듈괥\AppData\Local\Temp\ccLWiJ4M.s:143    .text.HAL_InitTick:00000024 $d
C:\Users\듈괥\AppData\Local\Temp\ccLWiJ4M.s:149    .text.HAL_Init:00000000 $t
C:\Users\듈괥\AppData\Local\Temp\ccLWiJ4M.s:154    .text.HAL_Init:00000000 HAL_Init
C:\Users\듈괥\AppData\Local\Temp\ccLWiJ4M.s:187    .text.HAL_Init:00000020 $d
C:\Users\듈괥\AppData\Local\Temp\ccLWiJ4M.s:192    .text.HAL_IncTick:00000000 $t
C:\Users\듈괥\AppData\Local\Temp\ccLWiJ4M.s:197    .text.HAL_IncTick:00000000 HAL_IncTick
C:\Users\듈괥\AppData\Local\Temp\ccLWiJ4M.s:213    .text.HAL_IncTick:0000000c $d
                            *COM*:00000004 uwTick
C:\Users\듈괥\AppData\Local\Temp\ccLWiJ4M.s:218    .text.HAL_GetTick:00000000 $t
C:\Users\듈괥\AppData\Local\Temp\ccLWiJ4M.s:223    .text.HAL_GetTick:00000000 HAL_GetTick
C:\Users\듈괥\AppData\Local\Temp\ccLWiJ4M.s:238    .text.HAL_GetTick:00000008 $d
C:\Users\듈괥\AppData\Local\Temp\ccLWiJ4M.s:243    .text.HAL_Delay:00000000 $t
C:\Users\듈괥\AppData\Local\Temp\ccLWiJ4M.s:248    .text.HAL_Delay:00000000 HAL_Delay
C:\Users\듈괥\AppData\Local\Temp\ccLWiJ4M.s:296    .text.HAL_SuspendTick:00000000 $t
C:\Users\듈괥\AppData\Local\Temp\ccLWiJ4M.s:301    .text.HAL_SuspendTick:00000000 HAL_SuspendTick
C:\Users\듈괥\AppData\Local\Temp\ccLWiJ4M.s:317    .text.HAL_SuspendTick:0000000c $d
C:\Users\듈괥\AppData\Local\Temp\ccLWiJ4M.s:322    .text.HAL_ResumeTick:00000000 $t
C:\Users\듈괥\AppData\Local\Temp\ccLWiJ4M.s:327    .text.HAL_ResumeTick:00000000 HAL_ResumeTick
C:\Users\듈괥\AppData\Local\Temp\ccLWiJ4M.s:343    .text.HAL_ResumeTick:0000000c $d
C:\Users\듈괥\AppData\Local\Temp\ccLWiJ4M.s:348    .text.HAL_GetHalVersion:00000000 $t
C:\Users\듈괥\AppData\Local\Temp\ccLWiJ4M.s:353    .text.HAL_GetHalVersion:00000000 HAL_GetHalVersion
C:\Users\듈괥\AppData\Local\Temp\ccLWiJ4M.s:366    .text.HAL_GetHalVersion:00000004 $d
C:\Users\듈괥\AppData\Local\Temp\ccLWiJ4M.s:371    .text.HAL_GetREVID:00000000 $t
C:\Users\듈괥\AppData\Local\Temp\ccLWiJ4M.s:376    .text.HAL_GetREVID:00000000 HAL_GetREVID
C:\Users\듈괥\AppData\Local\Temp\ccLWiJ4M.s:392    .text.HAL_GetREVID:00000008 $d
C:\Users\듈괥\AppData\Local\Temp\ccLWiJ4M.s:397    .text.HAL_GetDEVID:00000000 $t
C:\Users\듈괥\AppData\Local\Temp\ccLWiJ4M.s:402    .text.HAL_GetDEVID:00000000 HAL_GetDEVID
C:\Users\듈괥\AppData\Local\Temp\ccLWiJ4M.s:418    .text.HAL_GetDEVID:0000000c $d
C:\Users\듈괥\AppData\Local\Temp\ccLWiJ4M.s:423    .text.HAL_GetUIDw0:00000000 $t
C:\Users\듈괥\AppData\Local\Temp\ccLWiJ4M.s:428    .text.HAL_GetUIDw0:00000000 HAL_GetUIDw0
C:\Users\듈괥\AppData\Local\Temp\ccLWiJ4M.s:442    .text.HAL_GetUIDw0:00000008 $d
C:\Users\듈괥\AppData\Local\Temp\ccLWiJ4M.s:447    .text.HAL_GetUIDw1:00000000 $t
C:\Users\듈괥\AppData\Local\Temp\ccLWiJ4M.s:452    .text.HAL_GetUIDw1:00000000 HAL_GetUIDw1
C:\Users\듈괥\AppData\Local\Temp\ccLWiJ4M.s:466    .text.HAL_GetUIDw1:00000008 $d
C:\Users\듈괥\AppData\Local\Temp\ccLWiJ4M.s:471    .text.HAL_GetUIDw2:00000000 $t
C:\Users\듈괥\AppData\Local\Temp\ccLWiJ4M.s:476    .text.HAL_GetUIDw2:00000000 HAL_GetUIDw2
C:\Users\듈괥\AppData\Local\Temp\ccLWiJ4M.s:490    .text.HAL_GetUIDw2:00000008 $d
C:\Users\듈괥\AppData\Local\Temp\ccLWiJ4M.s:495    .text.HAL_DBGMCU_EnableDBGSleepMode:00000000 $t
C:\Users\듈괥\AppData\Local\Temp\ccLWiJ4M.s:500    .text.HAL_DBGMCU_EnableDBGSleepMode:00000000 HAL_DBGMCU_EnableDBGSleepMode
C:\Users\듈괥\AppData\Local\Temp\ccLWiJ4M.s:516    .text.HAL_DBGMCU_EnableDBGSleepMode:0000000c $d
C:\Users\듈괥\AppData\Local\Temp\ccLWiJ4M.s:521    .text.HAL_DBGMCU_DisableDBGSleepMode:00000000 $t
C:\Users\듈괥\AppData\Local\Temp\ccLWiJ4M.s:526    .text.HAL_DBGMCU_DisableDBGSleepMode:00000000 HAL_DBGMCU_DisableDBGSleepMode
C:\Users\듈괥\AppData\Local\Temp\ccLWiJ4M.s:542    .text.HAL_DBGMCU_DisableDBGSleepMode:0000000c $d
C:\Users\듈괥\AppData\Local\Temp\ccLWiJ4M.s:547    .text.HAL_DBGMCU_EnableDBGStopMode:00000000 $t
C:\Users\듈괥\AppData\Local\Temp\ccLWiJ4M.s:552    .text.HAL_DBGMCU_EnableDBGStopMode:00000000 HAL_DBGMCU_EnableDBGStopMode
C:\Users\듈괥\AppData\Local\Temp\ccLWiJ4M.s:568    .text.HAL_DBGMCU_EnableDBGStopMode:0000000c $d
ARM GAS  C:\Users\듈괥\AppData\Local\Temp\ccLWiJ4M.s 			page 22


C:\Users\듈괥\AppData\Local\Temp\ccLWiJ4M.s:573    .text.HAL_DBGMCU_DisableDBGStopMode:00000000 $t
C:\Users\듈괥\AppData\Local\Temp\ccLWiJ4M.s:578    .text.HAL_DBGMCU_DisableDBGStopMode:00000000 HAL_DBGMCU_DisableDBGStopMode
C:\Users\듈괥\AppData\Local\Temp\ccLWiJ4M.s:594    .text.HAL_DBGMCU_DisableDBGStopMode:0000000c $d
C:\Users\듈괥\AppData\Local\Temp\ccLWiJ4M.s:599    .text.HAL_DBGMCU_EnableDBGStandbyMode:00000000 $t
C:\Users\듈괥\AppData\Local\Temp\ccLWiJ4M.s:604    .text.HAL_DBGMCU_EnableDBGStandbyMode:00000000 HAL_DBGMCU_EnableDBGStandbyMode
C:\Users\듈괥\AppData\Local\Temp\ccLWiJ4M.s:620    .text.HAL_DBGMCU_EnableDBGStandbyMode:0000000c $d
C:\Users\듈괥\AppData\Local\Temp\ccLWiJ4M.s:625    .text.HAL_DBGMCU_DisableDBGStandbyMode:00000000 $t
C:\Users\듈괥\AppData\Local\Temp\ccLWiJ4M.s:630    .text.HAL_DBGMCU_DisableDBGStandbyMode:00000000 HAL_DBGMCU_DisableDBGStandbyMode
C:\Users\듈괥\AppData\Local\Temp\ccLWiJ4M.s:646    .text.HAL_DBGMCU_DisableDBGStandbyMode:0000000c $d
                     .debug_frame:00000010 $d

UNDEFINED SYMBOLS
HAL_SYSTICK_Config
HAL_NVIC_SetPriority
SystemCoreClock
HAL_NVIC_SetPriorityGrouping
