ARM GAS  C:\Users\듈괥\AppData\Local\Temp\ccdjuKll.s 			page 1


   1              		.syntax unified
   2              		.cpu cortex-m4
   3              		.eabi_attribute 27, 1
   4              		.eabi_attribute 28, 1
   5              		.fpu fpv4-sp-d16
   6              		.eabi_attribute 20, 1
   7              		.eabi_attribute 21, 1
   8              		.eabi_attribute 23, 3
   9              		.eabi_attribute 24, 1
  10              		.eabi_attribute 25, 1
  11              		.eabi_attribute 26, 1
  12              		.eabi_attribute 30, 1
  13              		.eabi_attribute 34, 1
  14              		.eabi_attribute 18, 4
  15              		.thumb
  16              		.syntax unified
  17              		.file	"stm32f3xx_hal_pwr.c"
  18              		.text
  19              	.Ltext0:
  20              		.cfi_sections	.debug_frame
  21              		.section	.text.HAL_PWR_DeInit,"ax",%progbits
  22              		.align	2
  23              		.global	HAL_PWR_DeInit
  24              		.thumb
  25              		.thumb_func
  27              	HAL_PWR_DeInit:
  28              	.LFB124:
  29              		.file 1 "Drivers/STM32F3xx_HAL_Driver/Src/stm32f3xx_hal_pwr.c"
   1:Drivers/STM32F3xx_HAL_Driver/Src/stm32f3xx_hal_pwr.c **** /**
   2:Drivers/STM32F3xx_HAL_Driver/Src/stm32f3xx_hal_pwr.c ****   ******************************************************************************
   3:Drivers/STM32F3xx_HAL_Driver/Src/stm32f3xx_hal_pwr.c ****   * @file    stm32f3xx_hal_pwr.c
   4:Drivers/STM32F3xx_HAL_Driver/Src/stm32f3xx_hal_pwr.c ****   * @author  MCD Application Team
   5:Drivers/STM32F3xx_HAL_Driver/Src/stm32f3xx_hal_pwr.c ****   * @brief   PWR HAL module driver.
   6:Drivers/STM32F3xx_HAL_Driver/Src/stm32f3xx_hal_pwr.c ****   *          This file provides firmware functions to manage the following
   7:Drivers/STM32F3xx_HAL_Driver/Src/stm32f3xx_hal_pwr.c ****   *          functionalities of the Power Controller (PWR) peripheral:
   8:Drivers/STM32F3xx_HAL_Driver/Src/stm32f3xx_hal_pwr.c ****   *           + Initialization/de-initialization functions
   9:Drivers/STM32F3xx_HAL_Driver/Src/stm32f3xx_hal_pwr.c ****   *           + Peripheral Control functions
  10:Drivers/STM32F3xx_HAL_Driver/Src/stm32f3xx_hal_pwr.c ****   *
  11:Drivers/STM32F3xx_HAL_Driver/Src/stm32f3xx_hal_pwr.c ****   @verbatim
  12:Drivers/STM32F3xx_HAL_Driver/Src/stm32f3xx_hal_pwr.c ****   ******************************************************************************
  13:Drivers/STM32F3xx_HAL_Driver/Src/stm32f3xx_hal_pwr.c ****   * @attention
  14:Drivers/STM32F3xx_HAL_Driver/Src/stm32f3xx_hal_pwr.c ****   *
  15:Drivers/STM32F3xx_HAL_Driver/Src/stm32f3xx_hal_pwr.c ****   * <h2><center>&copy; COPYRIGHT(c) 2016 STMicroelectronics</center></h2>
  16:Drivers/STM32F3xx_HAL_Driver/Src/stm32f3xx_hal_pwr.c ****   *
  17:Drivers/STM32F3xx_HAL_Driver/Src/stm32f3xx_hal_pwr.c ****   * Redistribution and use in source and binary forms, with or without modification,
  18:Drivers/STM32F3xx_HAL_Driver/Src/stm32f3xx_hal_pwr.c ****   * are permitted provided that the following conditions are met:
  19:Drivers/STM32F3xx_HAL_Driver/Src/stm32f3xx_hal_pwr.c ****   *   1. Redistributions of source code must retain the above copyright notice,
  20:Drivers/STM32F3xx_HAL_Driver/Src/stm32f3xx_hal_pwr.c ****   *      this list of conditions and the following disclaimer.
  21:Drivers/STM32F3xx_HAL_Driver/Src/stm32f3xx_hal_pwr.c ****   *   2. Redistributions in binary form must reproduce the above copyright notice,
  22:Drivers/STM32F3xx_HAL_Driver/Src/stm32f3xx_hal_pwr.c ****   *      this list of conditions and the following disclaimer in the documentation
  23:Drivers/STM32F3xx_HAL_Driver/Src/stm32f3xx_hal_pwr.c ****   *      and/or other materials provided with the distribution.
  24:Drivers/STM32F3xx_HAL_Driver/Src/stm32f3xx_hal_pwr.c ****   *   3. Neither the name of STMicroelectronics nor the names of its contributors
  25:Drivers/STM32F3xx_HAL_Driver/Src/stm32f3xx_hal_pwr.c ****   *      may be used to endorse or promote products derived from this software
  26:Drivers/STM32F3xx_HAL_Driver/Src/stm32f3xx_hal_pwr.c ****   *      without specific prior written permission.
  27:Drivers/STM32F3xx_HAL_Driver/Src/stm32f3xx_hal_pwr.c ****   *
  28:Drivers/STM32F3xx_HAL_Driver/Src/stm32f3xx_hal_pwr.c ****   * THIS SOFTWARE IS PROVIDED BY THE COPYRIGHT HOLDERS AND CONTRIBUTORS "AS IS"
  29:Drivers/STM32F3xx_HAL_Driver/Src/stm32f3xx_hal_pwr.c ****   * AND ANY EXPRESS OR IMPLIED WARRANTIES, INCLUDING, BUT NOT LIMITED TO, THE
ARM GAS  C:\Users\듈괥\AppData\Local\Temp\ccdjuKll.s 			page 2


  30:Drivers/STM32F3xx_HAL_Driver/Src/stm32f3xx_hal_pwr.c ****   * IMPLIED WARRANTIES OF MERCHANTABILITY AND FITNESS FOR A PARTICULAR PURPOSE ARE
  31:Drivers/STM32F3xx_HAL_Driver/Src/stm32f3xx_hal_pwr.c ****   * DISCLAIMED. IN NO EVENT SHALL THE COPYRIGHT HOLDER OR CONTRIBUTORS BE LIABLE
  32:Drivers/STM32F3xx_HAL_Driver/Src/stm32f3xx_hal_pwr.c ****   * FOR ANY DIRECT, INDIRECT, INCIDENTAL, SPECIAL, EXEMPLARY, OR CONSEQUENTIAL
  33:Drivers/STM32F3xx_HAL_Driver/Src/stm32f3xx_hal_pwr.c ****   * DAMAGES (INCLUDING, BUT NOT LIMITED TO, PROCUREMENT OF SUBSTITUTE GOODS OR
  34:Drivers/STM32F3xx_HAL_Driver/Src/stm32f3xx_hal_pwr.c ****   * SERVICES; LOSS OF USE, DATA, OR PROFITS; OR BUSINESS INTERRUPTION) HOWEVER
  35:Drivers/STM32F3xx_HAL_Driver/Src/stm32f3xx_hal_pwr.c ****   * CAUSED AND ON ANY THEORY OF LIABILITY, WHETHER IN CONTRACT, STRICT LIABILITY,
  36:Drivers/STM32F3xx_HAL_Driver/Src/stm32f3xx_hal_pwr.c ****   * OR TORT (INCLUDING NEGLIGENCE OR OTHERWISE) ARISING IN ANY WAY OUT OF THE USE
  37:Drivers/STM32F3xx_HAL_Driver/Src/stm32f3xx_hal_pwr.c ****   * OF THIS SOFTWARE, EVEN IF ADVISED OF THE POSSIBILITY OF SUCH DAMAGE.
  38:Drivers/STM32F3xx_HAL_Driver/Src/stm32f3xx_hal_pwr.c ****   *
  39:Drivers/STM32F3xx_HAL_Driver/Src/stm32f3xx_hal_pwr.c ****   ******************************************************************************
  40:Drivers/STM32F3xx_HAL_Driver/Src/stm32f3xx_hal_pwr.c ****   */
  41:Drivers/STM32F3xx_HAL_Driver/Src/stm32f3xx_hal_pwr.c **** 
  42:Drivers/STM32F3xx_HAL_Driver/Src/stm32f3xx_hal_pwr.c **** /* Includes ------------------------------------------------------------------*/
  43:Drivers/STM32F3xx_HAL_Driver/Src/stm32f3xx_hal_pwr.c **** #include "stm32f3xx_hal.h"
  44:Drivers/STM32F3xx_HAL_Driver/Src/stm32f3xx_hal_pwr.c **** 
  45:Drivers/STM32F3xx_HAL_Driver/Src/stm32f3xx_hal_pwr.c **** /** @addtogroup STM32F3xx_HAL_Driver
  46:Drivers/STM32F3xx_HAL_Driver/Src/stm32f3xx_hal_pwr.c ****   * @{
  47:Drivers/STM32F3xx_HAL_Driver/Src/stm32f3xx_hal_pwr.c ****   */
  48:Drivers/STM32F3xx_HAL_Driver/Src/stm32f3xx_hal_pwr.c **** 
  49:Drivers/STM32F3xx_HAL_Driver/Src/stm32f3xx_hal_pwr.c **** /** @defgroup PWR PWR
  50:Drivers/STM32F3xx_HAL_Driver/Src/stm32f3xx_hal_pwr.c ****   * @brief PWR HAL module driver
  51:Drivers/STM32F3xx_HAL_Driver/Src/stm32f3xx_hal_pwr.c ****   * @{
  52:Drivers/STM32F3xx_HAL_Driver/Src/stm32f3xx_hal_pwr.c ****   */
  53:Drivers/STM32F3xx_HAL_Driver/Src/stm32f3xx_hal_pwr.c **** 
  54:Drivers/STM32F3xx_HAL_Driver/Src/stm32f3xx_hal_pwr.c **** #ifdef HAL_PWR_MODULE_ENABLED
  55:Drivers/STM32F3xx_HAL_Driver/Src/stm32f3xx_hal_pwr.c **** 
  56:Drivers/STM32F3xx_HAL_Driver/Src/stm32f3xx_hal_pwr.c **** /* Private typedef -----------------------------------------------------------*/
  57:Drivers/STM32F3xx_HAL_Driver/Src/stm32f3xx_hal_pwr.c **** /* Private define ------------------------------------------------------------*/
  58:Drivers/STM32F3xx_HAL_Driver/Src/stm32f3xx_hal_pwr.c **** /* Private macro -------------------------------------------------------------*/
  59:Drivers/STM32F3xx_HAL_Driver/Src/stm32f3xx_hal_pwr.c **** /* Private variables ---------------------------------------------------------*/
  60:Drivers/STM32F3xx_HAL_Driver/Src/stm32f3xx_hal_pwr.c **** /* Private function prototypes -----------------------------------------------*/
  61:Drivers/STM32F3xx_HAL_Driver/Src/stm32f3xx_hal_pwr.c **** /* Private functions ---------------------------------------------------------*/
  62:Drivers/STM32F3xx_HAL_Driver/Src/stm32f3xx_hal_pwr.c **** 
  63:Drivers/STM32F3xx_HAL_Driver/Src/stm32f3xx_hal_pwr.c **** /** @defgroup PWR_Exported_Functions PWR Exported Functions
  64:Drivers/STM32F3xx_HAL_Driver/Src/stm32f3xx_hal_pwr.c ****   * @{
  65:Drivers/STM32F3xx_HAL_Driver/Src/stm32f3xx_hal_pwr.c ****   */
  66:Drivers/STM32F3xx_HAL_Driver/Src/stm32f3xx_hal_pwr.c **** 
  67:Drivers/STM32F3xx_HAL_Driver/Src/stm32f3xx_hal_pwr.c **** /** @defgroup PWR_Exported_Functions_Group1 Initialization and de-initialization functions 
  68:Drivers/STM32F3xx_HAL_Driver/Src/stm32f3xx_hal_pwr.c ****   *  @brief    Initialization and de-initialization functions
  69:Drivers/STM32F3xx_HAL_Driver/Src/stm32f3xx_hal_pwr.c ****   *
  70:Drivers/STM32F3xx_HAL_Driver/Src/stm32f3xx_hal_pwr.c **** @verbatim
  71:Drivers/STM32F3xx_HAL_Driver/Src/stm32f3xx_hal_pwr.c ****  ===============================================================================
  72:Drivers/STM32F3xx_HAL_Driver/Src/stm32f3xx_hal_pwr.c ****               ##### Initialization and de-initialization functions #####
  73:Drivers/STM32F3xx_HAL_Driver/Src/stm32f3xx_hal_pwr.c ****  ===============================================================================
  74:Drivers/STM32F3xx_HAL_Driver/Src/stm32f3xx_hal_pwr.c ****     [..]
  75:Drivers/STM32F3xx_HAL_Driver/Src/stm32f3xx_hal_pwr.c ****       After reset, the backup domain (RTC registers, RTC backup data
  76:Drivers/STM32F3xx_HAL_Driver/Src/stm32f3xx_hal_pwr.c ****       registers and backup SRAM) is protected against possible unwanted
  77:Drivers/STM32F3xx_HAL_Driver/Src/stm32f3xx_hal_pwr.c ****       write accesses.
  78:Drivers/STM32F3xx_HAL_Driver/Src/stm32f3xx_hal_pwr.c ****       To enable access to the RTC Domain and RTC registers, proceed as follows:
  79:Drivers/STM32F3xx_HAL_Driver/Src/stm32f3xx_hal_pwr.c ****         (+) Enable the Power Controller (PWR) APB1 interface clock using the
  80:Drivers/STM32F3xx_HAL_Driver/Src/stm32f3xx_hal_pwr.c ****             __HAL_RCC_PWR_CLK_ENABLE() macro.
  81:Drivers/STM32F3xx_HAL_Driver/Src/stm32f3xx_hal_pwr.c ****         (+) Enable access to RTC domain using the HAL_PWR_EnableBkUpAccess() function.
  82:Drivers/STM32F3xx_HAL_Driver/Src/stm32f3xx_hal_pwr.c **** 
  83:Drivers/STM32F3xx_HAL_Driver/Src/stm32f3xx_hal_pwr.c **** @endverbatim
  84:Drivers/STM32F3xx_HAL_Driver/Src/stm32f3xx_hal_pwr.c ****   * @{
  85:Drivers/STM32F3xx_HAL_Driver/Src/stm32f3xx_hal_pwr.c ****   */
  86:Drivers/STM32F3xx_HAL_Driver/Src/stm32f3xx_hal_pwr.c **** 
ARM GAS  C:\Users\듈괥\AppData\Local\Temp\ccdjuKll.s 			page 3


  87:Drivers/STM32F3xx_HAL_Driver/Src/stm32f3xx_hal_pwr.c **** /**
  88:Drivers/STM32F3xx_HAL_Driver/Src/stm32f3xx_hal_pwr.c ****   * @brief Deinitializes the PWR peripheral registers to their default reset values.
  89:Drivers/STM32F3xx_HAL_Driver/Src/stm32f3xx_hal_pwr.c ****   * @retval None
  90:Drivers/STM32F3xx_HAL_Driver/Src/stm32f3xx_hal_pwr.c ****   */
  91:Drivers/STM32F3xx_HAL_Driver/Src/stm32f3xx_hal_pwr.c **** void HAL_PWR_DeInit(void)
  92:Drivers/STM32F3xx_HAL_Driver/Src/stm32f3xx_hal_pwr.c **** {
  30              		.loc 1 92 0
  31              		.cfi_startproc
  32              		@ args = 0, pretend = 0, frame = 0
  33              		@ frame_needed = 0, uses_anonymous_args = 0
  34              		@ link register save eliminated.
  93:Drivers/STM32F3xx_HAL_Driver/Src/stm32f3xx_hal_pwr.c ****   __HAL_RCC_PWR_FORCE_RESET();
  35              		.loc 1 93 0
  36 0000 044B     		ldr	r3, .L2
  37 0002 1A69     		ldr	r2, [r3, #16]
  38 0004 42F08052 		orr	r2, r2, #268435456
  39 0008 1A61     		str	r2, [r3, #16]
  94:Drivers/STM32F3xx_HAL_Driver/Src/stm32f3xx_hal_pwr.c ****   __HAL_RCC_PWR_RELEASE_RESET();
  40              		.loc 1 94 0
  41 000a 1A69     		ldr	r2, [r3, #16]
  42 000c 22F08052 		bic	r2, r2, #268435456
  43 0010 1A61     		str	r2, [r3, #16]
  44 0012 7047     		bx	lr
  45              	.L3:
  46              		.align	2
  47              	.L2:
  48 0014 00100240 		.word	1073876992
  49              		.cfi_endproc
  50              	.LFE124:
  52              		.section	.text.HAL_PWR_EnableBkUpAccess,"ax",%progbits
  53              		.align	2
  54              		.global	HAL_PWR_EnableBkUpAccess
  55              		.thumb
  56              		.thumb_func
  58              	HAL_PWR_EnableBkUpAccess:
  59              	.LFB125:
  95:Drivers/STM32F3xx_HAL_Driver/Src/stm32f3xx_hal_pwr.c **** }
  96:Drivers/STM32F3xx_HAL_Driver/Src/stm32f3xx_hal_pwr.c **** 
  97:Drivers/STM32F3xx_HAL_Driver/Src/stm32f3xx_hal_pwr.c **** /**
  98:Drivers/STM32F3xx_HAL_Driver/Src/stm32f3xx_hal_pwr.c ****   * @brief Enables access to the backup domain (RTC registers, RTC
  99:Drivers/STM32F3xx_HAL_Driver/Src/stm32f3xx_hal_pwr.c ****   *         backup data registers and backup SRAM).
 100:Drivers/STM32F3xx_HAL_Driver/Src/stm32f3xx_hal_pwr.c ****   * @note  If the HSE divided by 32 is used as the RTC clock, the
 101:Drivers/STM32F3xx_HAL_Driver/Src/stm32f3xx_hal_pwr.c ****   *         Backup Domain Access should be kept enabled.
 102:Drivers/STM32F3xx_HAL_Driver/Src/stm32f3xx_hal_pwr.c ****   * @retval None
 103:Drivers/STM32F3xx_HAL_Driver/Src/stm32f3xx_hal_pwr.c ****   */
 104:Drivers/STM32F3xx_HAL_Driver/Src/stm32f3xx_hal_pwr.c **** void HAL_PWR_EnableBkUpAccess(void)
 105:Drivers/STM32F3xx_HAL_Driver/Src/stm32f3xx_hal_pwr.c **** {
  60              		.loc 1 105 0
  61              		.cfi_startproc
  62              		@ args = 0, pretend = 0, frame = 0
  63              		@ frame_needed = 0, uses_anonymous_args = 0
  64              		@ link register save eliminated.
 106:Drivers/STM32F3xx_HAL_Driver/Src/stm32f3xx_hal_pwr.c ****   SET_BIT(PWR->CR, PWR_CR_DBP);  
  65              		.loc 1 106 0
  66 0000 024A     		ldr	r2, .L5
  67 0002 1368     		ldr	r3, [r2]
  68 0004 43F48073 		orr	r3, r3, #256
ARM GAS  C:\Users\듈괥\AppData\Local\Temp\ccdjuKll.s 			page 4


  69 0008 1360     		str	r3, [r2]
  70 000a 7047     		bx	lr
  71              	.L6:
  72              		.align	2
  73              	.L5:
  74 000c 00700040 		.word	1073770496
  75              		.cfi_endproc
  76              	.LFE125:
  78              		.section	.text.HAL_PWR_DisableBkUpAccess,"ax",%progbits
  79              		.align	2
  80              		.global	HAL_PWR_DisableBkUpAccess
  81              		.thumb
  82              		.thumb_func
  84              	HAL_PWR_DisableBkUpAccess:
  85              	.LFB126:
 107:Drivers/STM32F3xx_HAL_Driver/Src/stm32f3xx_hal_pwr.c **** }
 108:Drivers/STM32F3xx_HAL_Driver/Src/stm32f3xx_hal_pwr.c **** 
 109:Drivers/STM32F3xx_HAL_Driver/Src/stm32f3xx_hal_pwr.c **** /**
 110:Drivers/STM32F3xx_HAL_Driver/Src/stm32f3xx_hal_pwr.c ****   * @brief Disables access to the backup domain (RTC registers, RTC
 111:Drivers/STM32F3xx_HAL_Driver/Src/stm32f3xx_hal_pwr.c ****   *         backup data registers and backup SRAM).
 112:Drivers/STM32F3xx_HAL_Driver/Src/stm32f3xx_hal_pwr.c ****   * @note  If the HSE divided by 32 is used as the RTC clock, the
 113:Drivers/STM32F3xx_HAL_Driver/Src/stm32f3xx_hal_pwr.c ****   *         Backup Domain Access should be kept enabled.
 114:Drivers/STM32F3xx_HAL_Driver/Src/stm32f3xx_hal_pwr.c ****   * @retval None
 115:Drivers/STM32F3xx_HAL_Driver/Src/stm32f3xx_hal_pwr.c ****   */
 116:Drivers/STM32F3xx_HAL_Driver/Src/stm32f3xx_hal_pwr.c **** void HAL_PWR_DisableBkUpAccess(void)
 117:Drivers/STM32F3xx_HAL_Driver/Src/stm32f3xx_hal_pwr.c **** {
  86              		.loc 1 117 0
  87              		.cfi_startproc
  88              		@ args = 0, pretend = 0, frame = 0
  89              		@ frame_needed = 0, uses_anonymous_args = 0
  90              		@ link register save eliminated.
 118:Drivers/STM32F3xx_HAL_Driver/Src/stm32f3xx_hal_pwr.c ****   CLEAR_BIT(PWR->CR, PWR_CR_DBP);  
  91              		.loc 1 118 0
  92 0000 024A     		ldr	r2, .L8
  93 0002 1368     		ldr	r3, [r2]
  94 0004 23F48073 		bic	r3, r3, #256
  95 0008 1360     		str	r3, [r2]
  96 000a 7047     		bx	lr
  97              	.L9:
  98              		.align	2
  99              	.L8:
 100 000c 00700040 		.word	1073770496
 101              		.cfi_endproc
 102              	.LFE126:
 104              		.section	.text.HAL_PWR_EnableWakeUpPin,"ax",%progbits
 105              		.align	2
 106              		.global	HAL_PWR_EnableWakeUpPin
 107              		.thumb
 108              		.thumb_func
 110              	HAL_PWR_EnableWakeUpPin:
 111              	.LFB127:
 119:Drivers/STM32F3xx_HAL_Driver/Src/stm32f3xx_hal_pwr.c **** }
 120:Drivers/STM32F3xx_HAL_Driver/Src/stm32f3xx_hal_pwr.c **** 
 121:Drivers/STM32F3xx_HAL_Driver/Src/stm32f3xx_hal_pwr.c **** /**
 122:Drivers/STM32F3xx_HAL_Driver/Src/stm32f3xx_hal_pwr.c ****   * @}
 123:Drivers/STM32F3xx_HAL_Driver/Src/stm32f3xx_hal_pwr.c ****   */
 124:Drivers/STM32F3xx_HAL_Driver/Src/stm32f3xx_hal_pwr.c **** 
ARM GAS  C:\Users\듈괥\AppData\Local\Temp\ccdjuKll.s 			page 5


 125:Drivers/STM32F3xx_HAL_Driver/Src/stm32f3xx_hal_pwr.c **** /** @defgroup PWR_Exported_Functions_Group2 Peripheral Control functions 
 126:Drivers/STM32F3xx_HAL_Driver/Src/stm32f3xx_hal_pwr.c ****   *  @brief Low Power modes configuration functions
 127:Drivers/STM32F3xx_HAL_Driver/Src/stm32f3xx_hal_pwr.c ****   *
 128:Drivers/STM32F3xx_HAL_Driver/Src/stm32f3xx_hal_pwr.c **** @verbatim
 129:Drivers/STM32F3xx_HAL_Driver/Src/stm32f3xx_hal_pwr.c **** 
 130:Drivers/STM32F3xx_HAL_Driver/Src/stm32f3xx_hal_pwr.c ****  ===============================================================================
 131:Drivers/STM32F3xx_HAL_Driver/Src/stm32f3xx_hal_pwr.c ****                  ##### Peripheral Control functions #####
 132:Drivers/STM32F3xx_HAL_Driver/Src/stm32f3xx_hal_pwr.c ****  ===============================================================================
 133:Drivers/STM32F3xx_HAL_Driver/Src/stm32f3xx_hal_pwr.c ****     
 134:Drivers/STM32F3xx_HAL_Driver/Src/stm32f3xx_hal_pwr.c ****     *** WakeUp pin configuration ***
 135:Drivers/STM32F3xx_HAL_Driver/Src/stm32f3xx_hal_pwr.c ****     ================================
 136:Drivers/STM32F3xx_HAL_Driver/Src/stm32f3xx_hal_pwr.c ****     [..]
 137:Drivers/STM32F3xx_HAL_Driver/Src/stm32f3xx_hal_pwr.c ****       (+) WakeUp pin is used to wakeup the system from Standby mode. This pin is
 138:Drivers/STM32F3xx_HAL_Driver/Src/stm32f3xx_hal_pwr.c ****           forced in input pull down configuration and is active on rising edges.
 139:Drivers/STM32F3xx_HAL_Driver/Src/stm32f3xx_hal_pwr.c ****       (+) There are up to three WakeUp pins:
 140:Drivers/STM32F3xx_HAL_Driver/Src/stm32f3xx_hal_pwr.c ****           (++)WakeUp Pin 1 on PA.00.
 141:Drivers/STM32F3xx_HAL_Driver/Src/stm32f3xx_hal_pwr.c ****           (++)WakeUp Pin 2 on PC.13 (STM32F303xC, STM32F303xE only).
 142:Drivers/STM32F3xx_HAL_Driver/Src/stm32f3xx_hal_pwr.c ****           (++)WakeUp Pin 3 on PE.06.
 143:Drivers/STM32F3xx_HAL_Driver/Src/stm32f3xx_hal_pwr.c **** 
 144:Drivers/STM32F3xx_HAL_Driver/Src/stm32f3xx_hal_pwr.c ****     *** Main and Backup Regulators configuration ***
 145:Drivers/STM32F3xx_HAL_Driver/Src/stm32f3xx_hal_pwr.c ****     ================================================
 146:Drivers/STM32F3xx_HAL_Driver/Src/stm32f3xx_hal_pwr.c ****     [..]
 147:Drivers/STM32F3xx_HAL_Driver/Src/stm32f3xx_hal_pwr.c ****       (+) When the backup domain is supplied by VDD (analog switch connected to VDD)
 148:Drivers/STM32F3xx_HAL_Driver/Src/stm32f3xx_hal_pwr.c ****           the backup SRAM is powered from VDD which replaces the VBAT power supply to
 149:Drivers/STM32F3xx_HAL_Driver/Src/stm32f3xx_hal_pwr.c ****           save battery life.
 150:Drivers/STM32F3xx_HAL_Driver/Src/stm32f3xx_hal_pwr.c **** 
 151:Drivers/STM32F3xx_HAL_Driver/Src/stm32f3xx_hal_pwr.c ****       (+) The backup SRAM is not mass erased by a tamper event. It is read
 152:Drivers/STM32F3xx_HAL_Driver/Src/stm32f3xx_hal_pwr.c ****           protected to prevent confidential data, such as cryptographic private
 153:Drivers/STM32F3xx_HAL_Driver/Src/stm32f3xx_hal_pwr.c ****           key, from being accessed. The backup SRAM can be erased only through
 154:Drivers/STM32F3xx_HAL_Driver/Src/stm32f3xx_hal_pwr.c ****           the Flash interface when a protection level change from level 1 to
 155:Drivers/STM32F3xx_HAL_Driver/Src/stm32f3xx_hal_pwr.c ****           level 0 is requested.
 156:Drivers/STM32F3xx_HAL_Driver/Src/stm32f3xx_hal_pwr.c ****       -@- Refer to the description of Read protection (RDP) in the Flash
 157:Drivers/STM32F3xx_HAL_Driver/Src/stm32f3xx_hal_pwr.c ****           programming manual.
 158:Drivers/STM32F3xx_HAL_Driver/Src/stm32f3xx_hal_pwr.c **** 
 159:Drivers/STM32F3xx_HAL_Driver/Src/stm32f3xx_hal_pwr.c ****         Refer to the datasheets for more details.
 160:Drivers/STM32F3xx_HAL_Driver/Src/stm32f3xx_hal_pwr.c **** 
 161:Drivers/STM32F3xx_HAL_Driver/Src/stm32f3xx_hal_pwr.c ****     *** Low Power modes configuration ***
 162:Drivers/STM32F3xx_HAL_Driver/Src/stm32f3xx_hal_pwr.c ****     =====================================
 163:Drivers/STM32F3xx_HAL_Driver/Src/stm32f3xx_hal_pwr.c ****     [..]
 164:Drivers/STM32F3xx_HAL_Driver/Src/stm32f3xx_hal_pwr.c ****       The devices feature 3 low-power modes:
 165:Drivers/STM32F3xx_HAL_Driver/Src/stm32f3xx_hal_pwr.c ****       (+) Sleep mode: Cortex-M4 core stopped, peripherals kept running.
 166:Drivers/STM32F3xx_HAL_Driver/Src/stm32f3xx_hal_pwr.c ****       (+) Stop mode: all clocks are stopped, regulator running, regulator
 167:Drivers/STM32F3xx_HAL_Driver/Src/stm32f3xx_hal_pwr.c ****           in low power mode
 168:Drivers/STM32F3xx_HAL_Driver/Src/stm32f3xx_hal_pwr.c ****       (+) Standby mode: 1.2V domain powered off (mode not available on STM32F3x8 devices).
 169:Drivers/STM32F3xx_HAL_Driver/Src/stm32f3xx_hal_pwr.c **** 
 170:Drivers/STM32F3xx_HAL_Driver/Src/stm32f3xx_hal_pwr.c ****    *** Sleep mode ***
 171:Drivers/STM32F3xx_HAL_Driver/Src/stm32f3xx_hal_pwr.c ****    ==================
 172:Drivers/STM32F3xx_HAL_Driver/Src/stm32f3xx_hal_pwr.c ****     [..]
 173:Drivers/STM32F3xx_HAL_Driver/Src/stm32f3xx_hal_pwr.c ****       (+) Entry:
 174:Drivers/STM32F3xx_HAL_Driver/Src/stm32f3xx_hal_pwr.c ****           The Sleep mode is entered by using the HAL_PWR_EnterSLEEPMode(PWR_MAINREGULATOR_ON, PWR_S
 175:Drivers/STM32F3xx_HAL_Driver/Src/stm32f3xx_hal_pwr.c ****               functions with
 176:Drivers/STM32F3xx_HAL_Driver/Src/stm32f3xx_hal_pwr.c ****           (++) PWR_SLEEPENTRY_WFI: enter SLEEP mode with WFI instruction
 177:Drivers/STM32F3xx_HAL_Driver/Src/stm32f3xx_hal_pwr.c ****           (++) PWR_SLEEPENTRY_WFE: enter SLEEP mode with WFE instruction
 178:Drivers/STM32F3xx_HAL_Driver/Src/stm32f3xx_hal_pwr.c ****      
 179:Drivers/STM32F3xx_HAL_Driver/Src/stm32f3xx_hal_pwr.c ****       (+) Exit:
 180:Drivers/STM32F3xx_HAL_Driver/Src/stm32f3xx_hal_pwr.c ****         (++) Any peripheral interrupt acknowledged by the nested vectored interrupt
 181:Drivers/STM32F3xx_HAL_Driver/Src/stm32f3xx_hal_pwr.c ****               controller (NVIC) can wake up the device from Sleep mode.
ARM GAS  C:\Users\듈괥\AppData\Local\Temp\ccdjuKll.s 			page 6


 182:Drivers/STM32F3xx_HAL_Driver/Src/stm32f3xx_hal_pwr.c **** 
 183:Drivers/STM32F3xx_HAL_Driver/Src/stm32f3xx_hal_pwr.c ****    *** Stop mode ***
 184:Drivers/STM32F3xx_HAL_Driver/Src/stm32f3xx_hal_pwr.c ****    =================
 185:Drivers/STM32F3xx_HAL_Driver/Src/stm32f3xx_hal_pwr.c ****     [..]
 186:Drivers/STM32F3xx_HAL_Driver/Src/stm32f3xx_hal_pwr.c ****       In Stop mode, all clocks in the 1.8V domain are stopped, the PLL, the HSI,
 187:Drivers/STM32F3xx_HAL_Driver/Src/stm32f3xx_hal_pwr.c ****       and the HSE RC oscillators are disabled. Internal SRAM and register contents
 188:Drivers/STM32F3xx_HAL_Driver/Src/stm32f3xx_hal_pwr.c ****       are preserved.
 189:Drivers/STM32F3xx_HAL_Driver/Src/stm32f3xx_hal_pwr.c ****       The voltage regulator can be configured either in normal or low-power mode to minimize the co
 190:Drivers/STM32F3xx_HAL_Driver/Src/stm32f3xx_hal_pwr.c **** 
 191:Drivers/STM32F3xx_HAL_Driver/Src/stm32f3xx_hal_pwr.c ****       (+) Entry:
 192:Drivers/STM32F3xx_HAL_Driver/Src/stm32f3xx_hal_pwr.c ****           The Stop mode is entered using the HAL_PWR_EnterSTOPMode(PWR_MAINREGULATOR_ON, PWR_STOPEN
 193:Drivers/STM32F3xx_HAL_Driver/Src/stm32f3xx_hal_pwr.c ****              function with:
 194:Drivers/STM32F3xx_HAL_Driver/Src/stm32f3xx_hal_pwr.c ****           (++) Main regulator ON or
 195:Drivers/STM32F3xx_HAL_Driver/Src/stm32f3xx_hal_pwr.c ****           (++) Low Power regulator ON.
 196:Drivers/STM32F3xx_HAL_Driver/Src/stm32f3xx_hal_pwr.c ****           (++) PWR_STOPENTRY_WFI: enter STOP mode with WFI instruction or
 197:Drivers/STM32F3xx_HAL_Driver/Src/stm32f3xx_hal_pwr.c ****           (++) PWR_STOPENTRY_WFE: enter STOP mode with WFE instruction
 198:Drivers/STM32F3xx_HAL_Driver/Src/stm32f3xx_hal_pwr.c ****       (+) Exit:
 199:Drivers/STM32F3xx_HAL_Driver/Src/stm32f3xx_hal_pwr.c ****           (++) Any EXTI Line (Internal or External) configured in Interrupt/Event mode.
 200:Drivers/STM32F3xx_HAL_Driver/Src/stm32f3xx_hal_pwr.c ****           (++) Some specific communication peripherals (CEC, USART, I2C) interrupts, 
 201:Drivers/STM32F3xx_HAL_Driver/Src/stm32f3xx_hal_pwr.c ****                when programmed in wakeup mode (the peripheral must be 
 202:Drivers/STM32F3xx_HAL_Driver/Src/stm32f3xx_hal_pwr.c ****                programmed in wakeup mode and the corresponding interrupt vector 
 203:Drivers/STM32F3xx_HAL_Driver/Src/stm32f3xx_hal_pwr.c ****                must be enabled in the NVIC).
 204:Drivers/STM32F3xx_HAL_Driver/Src/stm32f3xx_hal_pwr.c **** 
 205:Drivers/STM32F3xx_HAL_Driver/Src/stm32f3xx_hal_pwr.c ****    *** Standby mode ***
 206:Drivers/STM32F3xx_HAL_Driver/Src/stm32f3xx_hal_pwr.c ****    ====================
 207:Drivers/STM32F3xx_HAL_Driver/Src/stm32f3xx_hal_pwr.c ****      [..]
 208:Drivers/STM32F3xx_HAL_Driver/Src/stm32f3xx_hal_pwr.c ****       The Standby mode allows to achieve the lowest power consumption. It is based
 209:Drivers/STM32F3xx_HAL_Driver/Src/stm32f3xx_hal_pwr.c ****       on the Cortex-M4 deep sleep mode, with the voltage regulator disabled.
 210:Drivers/STM32F3xx_HAL_Driver/Src/stm32f3xx_hal_pwr.c ****       The 1.8V domain is consequently powered off. The PLL, the HSI oscillator and
 211:Drivers/STM32F3xx_HAL_Driver/Src/stm32f3xx_hal_pwr.c ****       the HSE oscillator are also switched off. SRAM and register contents are lost
 212:Drivers/STM32F3xx_HAL_Driver/Src/stm32f3xx_hal_pwr.c ****       except for the RTC registers, RTC backup registers, backup SRAM and Standby
 213:Drivers/STM32F3xx_HAL_Driver/Src/stm32f3xx_hal_pwr.c ****       circuitry.
 214:Drivers/STM32F3xx_HAL_Driver/Src/stm32f3xx_hal_pwr.c ****       The voltage regulator is OFF.
 215:Drivers/STM32F3xx_HAL_Driver/Src/stm32f3xx_hal_pwr.c **** 
 216:Drivers/STM32F3xx_HAL_Driver/Src/stm32f3xx_hal_pwr.c ****       (+) Entry:
 217:Drivers/STM32F3xx_HAL_Driver/Src/stm32f3xx_hal_pwr.c ****           (++) The Standby mode is entered using the HAL_PWR_EnterSTANDBYMode() function.
 218:Drivers/STM32F3xx_HAL_Driver/Src/stm32f3xx_hal_pwr.c ****       (+) Exit:
 219:Drivers/STM32F3xx_HAL_Driver/Src/stm32f3xx_hal_pwr.c ****           (++) WKUP pin rising edge, RTC alarm (Alarm A and Alarm B), RTC wakeup,
 220:Drivers/STM32F3xx_HAL_Driver/Src/stm32f3xx_hal_pwr.c ****                tamper event, time-stamp event, external reset in NRST pin, IWDG reset.
 221:Drivers/STM32F3xx_HAL_Driver/Src/stm32f3xx_hal_pwr.c **** 
 222:Drivers/STM32F3xx_HAL_Driver/Src/stm32f3xx_hal_pwr.c ****    *** Auto-wakeup (AWU) from low-power mode ***
 223:Drivers/STM32F3xx_HAL_Driver/Src/stm32f3xx_hal_pwr.c ****    =============================================
 224:Drivers/STM32F3xx_HAL_Driver/Src/stm32f3xx_hal_pwr.c ****     [..]
 225:Drivers/STM32F3xx_HAL_Driver/Src/stm32f3xx_hal_pwr.c ****       The MCU can be woken up from low-power mode by an RTC Alarm event, an RTC
 226:Drivers/STM32F3xx_HAL_Driver/Src/stm32f3xx_hal_pwr.c ****       Wakeup event, a tamper event, a time-stamp event, or a comparator event, 
 227:Drivers/STM32F3xx_HAL_Driver/Src/stm32f3xx_hal_pwr.c ****       without depending on an external interrupt (Auto-wakeup mode).
 228:Drivers/STM32F3xx_HAL_Driver/Src/stm32f3xx_hal_pwr.c **** 
 229:Drivers/STM32F3xx_HAL_Driver/Src/stm32f3xx_hal_pwr.c ****     (+) RTC auto-wakeup (AWU) from the Stop and Standby modes
 230:Drivers/STM32F3xx_HAL_Driver/Src/stm32f3xx_hal_pwr.c **** 
 231:Drivers/STM32F3xx_HAL_Driver/Src/stm32f3xx_hal_pwr.c ****       (++) To wake up from the Stop mode with an RTC alarm event, it is necessary to
 232:Drivers/STM32F3xx_HAL_Driver/Src/stm32f3xx_hal_pwr.c ****             configure the RTC to generate the RTC alarm using the HAL_RTC_SetAlarm_IT() function.
 233:Drivers/STM32F3xx_HAL_Driver/Src/stm32f3xx_hal_pwr.c **** 
 234:Drivers/STM32F3xx_HAL_Driver/Src/stm32f3xx_hal_pwr.c ****       (++) To wake up from the Stop mode with an RTC Tamper or time stamp event, it
 235:Drivers/STM32F3xx_HAL_Driver/Src/stm32f3xx_hal_pwr.c ****            is necessary to configure the RTC to detect the tamper or time stamp event using the
 236:Drivers/STM32F3xx_HAL_Driver/Src/stm32f3xx_hal_pwr.c ****            HAL_RTC_SetTimeStamp_IT() or HAL_RTC_SetTamper_IT() functions.
 237:Drivers/STM32F3xx_HAL_Driver/Src/stm32f3xx_hal_pwr.c **** 
 238:Drivers/STM32F3xx_HAL_Driver/Src/stm32f3xx_hal_pwr.c ****       (++) To wake up from the Stop mode with an RTC WakeUp event, it is necessary to
ARM GAS  C:\Users\듈괥\AppData\Local\Temp\ccdjuKll.s 			page 7


 239:Drivers/STM32F3xx_HAL_Driver/Src/stm32f3xx_hal_pwr.c ****            configure the RTC to generate the RTC WakeUp event using the HAL_RTC_SetWakeUpTimer_IT()
 240:Drivers/STM32F3xx_HAL_Driver/Src/stm32f3xx_hal_pwr.c **** 
 241:Drivers/STM32F3xx_HAL_Driver/Src/stm32f3xx_hal_pwr.c ****     (+) Comparator auto-wakeup (AWU) from the Stop mode
 242:Drivers/STM32F3xx_HAL_Driver/Src/stm32f3xx_hal_pwr.c **** 
 243:Drivers/STM32F3xx_HAL_Driver/Src/stm32f3xx_hal_pwr.c ****       (++) To wake up from the Stop mode with a comparator wakeup event, it is necessary to:
 244:Drivers/STM32F3xx_HAL_Driver/Src/stm32f3xx_hal_pwr.c ****            (+++) Configure the EXTI Line associated with the comparator (example EXTI Line 22 for c
 245:Drivers/STM32F3xx_HAL_Driver/Src/stm32f3xx_hal_pwr.c ****                  to be sensitive to to the selected edges (falling, rising or falling 
 246:Drivers/STM32F3xx_HAL_Driver/Src/stm32f3xx_hal_pwr.c ****                  and rising) (Interrupt or Event modes) using the EXTI_Init() function.
 247:Drivers/STM32F3xx_HAL_Driver/Src/stm32f3xx_hal_pwr.c ****            (+++) Configure the comparator to generate the event.      
 248:Drivers/STM32F3xx_HAL_Driver/Src/stm32f3xx_hal_pwr.c **** @endverbatim
 249:Drivers/STM32F3xx_HAL_Driver/Src/stm32f3xx_hal_pwr.c ****   * @{
 250:Drivers/STM32F3xx_HAL_Driver/Src/stm32f3xx_hal_pwr.c ****   */
 251:Drivers/STM32F3xx_HAL_Driver/Src/stm32f3xx_hal_pwr.c **** 
 252:Drivers/STM32F3xx_HAL_Driver/Src/stm32f3xx_hal_pwr.c **** /**
 253:Drivers/STM32F3xx_HAL_Driver/Src/stm32f3xx_hal_pwr.c ****   * @brief Enables the WakeUp PINx functionality.
 254:Drivers/STM32F3xx_HAL_Driver/Src/stm32f3xx_hal_pwr.c ****   * @param WakeUpPinx Specifies the Power Wake-Up pin to enable.
 255:Drivers/STM32F3xx_HAL_Driver/Src/stm32f3xx_hal_pwr.c ****   *         This parameter can be value of :
 256:Drivers/STM32F3xx_HAL_Driver/Src/stm32f3xx_hal_pwr.c ****   *           @ref PWR_WakeUp_Pins
 257:Drivers/STM32F3xx_HAL_Driver/Src/stm32f3xx_hal_pwr.c ****   * @retval None
 258:Drivers/STM32F3xx_HAL_Driver/Src/stm32f3xx_hal_pwr.c ****   */
 259:Drivers/STM32F3xx_HAL_Driver/Src/stm32f3xx_hal_pwr.c **** void HAL_PWR_EnableWakeUpPin(uint32_t WakeUpPinx)
 260:Drivers/STM32F3xx_HAL_Driver/Src/stm32f3xx_hal_pwr.c **** {
 112              		.loc 1 260 0
 113              		.cfi_startproc
 114              		@ args = 0, pretend = 0, frame = 0
 115              		@ frame_needed = 0, uses_anonymous_args = 0
 116              		@ link register save eliminated.
 117              	.LVL0:
 261:Drivers/STM32F3xx_HAL_Driver/Src/stm32f3xx_hal_pwr.c ****   /* Check the parameters */
 262:Drivers/STM32F3xx_HAL_Driver/Src/stm32f3xx_hal_pwr.c ****   assert_param(IS_PWR_WAKEUP_PIN(WakeUpPinx));
 263:Drivers/STM32F3xx_HAL_Driver/Src/stm32f3xx_hal_pwr.c ****   /* Enable the EWUPx pin */
 264:Drivers/STM32F3xx_HAL_Driver/Src/stm32f3xx_hal_pwr.c ****   SET_BIT(PWR->CSR, WakeUpPinx);
 118              		.loc 1 264 0
 119 0000 024A     		ldr	r2, .L11
 120 0002 5368     		ldr	r3, [r2, #4]
 121 0004 1843     		orrs	r0, r0, r3
 122              	.LVL1:
 123 0006 5060     		str	r0, [r2, #4]
 124 0008 7047     		bx	lr
 125              	.L12:
 126 000a 00BF     		.align	2
 127              	.L11:
 128 000c 00700040 		.word	1073770496
 129              		.cfi_endproc
 130              	.LFE127:
 132              		.section	.text.HAL_PWR_DisableWakeUpPin,"ax",%progbits
 133              		.align	2
 134              		.global	HAL_PWR_DisableWakeUpPin
 135              		.thumb
 136              		.thumb_func
 138              	HAL_PWR_DisableWakeUpPin:
 139              	.LFB128:
 265:Drivers/STM32F3xx_HAL_Driver/Src/stm32f3xx_hal_pwr.c **** }
 266:Drivers/STM32F3xx_HAL_Driver/Src/stm32f3xx_hal_pwr.c **** 
 267:Drivers/STM32F3xx_HAL_Driver/Src/stm32f3xx_hal_pwr.c **** /**
 268:Drivers/STM32F3xx_HAL_Driver/Src/stm32f3xx_hal_pwr.c ****   * @brief Disables the WakeUp PINx functionality.
 269:Drivers/STM32F3xx_HAL_Driver/Src/stm32f3xx_hal_pwr.c ****   * @param WakeUpPinx Specifies the Power Wake-Up pin to disable.
ARM GAS  C:\Users\듈괥\AppData\Local\Temp\ccdjuKll.s 			page 8


 270:Drivers/STM32F3xx_HAL_Driver/Src/stm32f3xx_hal_pwr.c ****   *         This parameter can be values of :
 271:Drivers/STM32F3xx_HAL_Driver/Src/stm32f3xx_hal_pwr.c ****   *           @ref PWR_WakeUp_Pins
 272:Drivers/STM32F3xx_HAL_Driver/Src/stm32f3xx_hal_pwr.c ****   * @retval None
 273:Drivers/STM32F3xx_HAL_Driver/Src/stm32f3xx_hal_pwr.c ****   */
 274:Drivers/STM32F3xx_HAL_Driver/Src/stm32f3xx_hal_pwr.c **** void HAL_PWR_DisableWakeUpPin(uint32_t WakeUpPinx)
 275:Drivers/STM32F3xx_HAL_Driver/Src/stm32f3xx_hal_pwr.c **** {
 140              		.loc 1 275 0
 141              		.cfi_startproc
 142              		@ args = 0, pretend = 0, frame = 0
 143              		@ frame_needed = 0, uses_anonymous_args = 0
 144              		@ link register save eliminated.
 145              	.LVL2:
 276:Drivers/STM32F3xx_HAL_Driver/Src/stm32f3xx_hal_pwr.c ****   /* Check the parameters */
 277:Drivers/STM32F3xx_HAL_Driver/Src/stm32f3xx_hal_pwr.c ****   assert_param(IS_PWR_WAKEUP_PIN(WakeUpPinx));
 278:Drivers/STM32F3xx_HAL_Driver/Src/stm32f3xx_hal_pwr.c ****   /* Disable the EWUPx pin */
 279:Drivers/STM32F3xx_HAL_Driver/Src/stm32f3xx_hal_pwr.c ****   CLEAR_BIT(PWR->CSR, WakeUpPinx);
 146              		.loc 1 279 0
 147 0000 024A     		ldr	r2, .L14
 148 0002 5368     		ldr	r3, [r2, #4]
 149 0004 23EA0000 		bic	r0, r3, r0
 150              	.LVL3:
 151 0008 5060     		str	r0, [r2, #4]
 152 000a 7047     		bx	lr
 153              	.L15:
 154              		.align	2
 155              	.L14:
 156 000c 00700040 		.word	1073770496
 157              		.cfi_endproc
 158              	.LFE128:
 160              		.section	.text.HAL_PWR_EnterSLEEPMode,"ax",%progbits
 161              		.align	2
 162              		.global	HAL_PWR_EnterSLEEPMode
 163              		.thumb
 164              		.thumb_func
 166              	HAL_PWR_EnterSLEEPMode:
 167              	.LFB129:
 280:Drivers/STM32F3xx_HAL_Driver/Src/stm32f3xx_hal_pwr.c **** }
 281:Drivers/STM32F3xx_HAL_Driver/Src/stm32f3xx_hal_pwr.c **** 
 282:Drivers/STM32F3xx_HAL_Driver/Src/stm32f3xx_hal_pwr.c **** /**
 283:Drivers/STM32F3xx_HAL_Driver/Src/stm32f3xx_hal_pwr.c ****   * @brief Enters Sleep mode.
 284:Drivers/STM32F3xx_HAL_Driver/Src/stm32f3xx_hal_pwr.c ****   * @note  In Sleep mode, all I/O pins keep the same state as in Run mode.
 285:Drivers/STM32F3xx_HAL_Driver/Src/stm32f3xx_hal_pwr.c ****   * @param Regulator Specifies the regulator state in SLEEP mode.
 286:Drivers/STM32F3xx_HAL_Driver/Src/stm32f3xx_hal_pwr.c ****   *          This parameter can be one of the following values:
 287:Drivers/STM32F3xx_HAL_Driver/Src/stm32f3xx_hal_pwr.c ****   *            @arg PWR_MAINREGULATOR_ON: SLEEP mode with regulator ON
 288:Drivers/STM32F3xx_HAL_Driver/Src/stm32f3xx_hal_pwr.c ****   *            @arg PWR_LOWPOWERREGULATOR_ON: SLEEP mode with low power regulator ON
 289:Drivers/STM32F3xx_HAL_Driver/Src/stm32f3xx_hal_pwr.c ****   * @note This parameter has no effect in F3 family and is just maintained to 
 290:Drivers/STM32F3xx_HAL_Driver/Src/stm32f3xx_hal_pwr.c ****   *       offer full portability of other STM32 families softwares.
 291:Drivers/STM32F3xx_HAL_Driver/Src/stm32f3xx_hal_pwr.c ****   * @param SLEEPEntry Specifies if SLEEP mode is entered with WFI or WFE instruction.
 292:Drivers/STM32F3xx_HAL_Driver/Src/stm32f3xx_hal_pwr.c ****   *           When WFI entry is used, tick interrupt have to be disabled if not desired as 
 293:Drivers/STM32F3xx_HAL_Driver/Src/stm32f3xx_hal_pwr.c ****   *           the interrupt wake up source.
 294:Drivers/STM32F3xx_HAL_Driver/Src/stm32f3xx_hal_pwr.c ****   *           This parameter can be one of the following values:
 295:Drivers/STM32F3xx_HAL_Driver/Src/stm32f3xx_hal_pwr.c ****   *            @arg PWR_SLEEPENTRY_WFI: enter SLEEP mode with WFI instruction
 296:Drivers/STM32F3xx_HAL_Driver/Src/stm32f3xx_hal_pwr.c ****   *            @arg PWR_SLEEPENTRY_WFE: enter SLEEP mode with WFE instruction
 297:Drivers/STM32F3xx_HAL_Driver/Src/stm32f3xx_hal_pwr.c ****   * @retval None
 298:Drivers/STM32F3xx_HAL_Driver/Src/stm32f3xx_hal_pwr.c ****   */
 299:Drivers/STM32F3xx_HAL_Driver/Src/stm32f3xx_hal_pwr.c **** void HAL_PWR_EnterSLEEPMode(uint32_t Regulator, uint8_t SLEEPEntry)
 300:Drivers/STM32F3xx_HAL_Driver/Src/stm32f3xx_hal_pwr.c **** {
ARM GAS  C:\Users\듈괥\AppData\Local\Temp\ccdjuKll.s 			page 9


 168              		.loc 1 300 0
 169              		.cfi_startproc
 170              		@ args = 0, pretend = 0, frame = 0
 171              		@ frame_needed = 0, uses_anonymous_args = 0
 172              		@ link register save eliminated.
 173              	.LVL4:
 301:Drivers/STM32F3xx_HAL_Driver/Src/stm32f3xx_hal_pwr.c ****   /* Check the parameters */
 302:Drivers/STM32F3xx_HAL_Driver/Src/stm32f3xx_hal_pwr.c ****   assert_param(IS_PWR_SLEEP_ENTRY(SLEEPEntry));
 303:Drivers/STM32F3xx_HAL_Driver/Src/stm32f3xx_hal_pwr.c **** 
 304:Drivers/STM32F3xx_HAL_Driver/Src/stm32f3xx_hal_pwr.c ****   /* Clear SLEEPDEEP bit of Cortex System Control Register */
 305:Drivers/STM32F3xx_HAL_Driver/Src/stm32f3xx_hal_pwr.c ****   SCB->SCR &= (uint32_t)~((uint32_t)SCB_SCR_SLEEPDEEP_Msk);
 174              		.loc 1 305 0
 175 0000 064A     		ldr	r2, .L19
 176 0002 1369     		ldr	r3, [r2, #16]
 177 0004 23F00403 		bic	r3, r3, #4
 178 0008 1361     		str	r3, [r2, #16]
 306:Drivers/STM32F3xx_HAL_Driver/Src/stm32f3xx_hal_pwr.c **** 
 307:Drivers/STM32F3xx_HAL_Driver/Src/stm32f3xx_hal_pwr.c ****   /* Select SLEEP mode entry -------------------------------------------------*/
 308:Drivers/STM32F3xx_HAL_Driver/Src/stm32f3xx_hal_pwr.c ****   if(SLEEPEntry == PWR_SLEEPENTRY_WFI)
 179              		.loc 1 308 0
 180 000a 0129     		cmp	r1, #1
 181 000c 01D1     		bne	.L17
 182              	.LBB20:
 183              	.LBB21:
 184              		.file 2 "Drivers/CMSIS/Include/cmsis_gcc.h"
   1:Drivers/CMSIS/Include/cmsis_gcc.h **** /**************************************************************************//**
   2:Drivers/CMSIS/Include/cmsis_gcc.h ****  * @file     cmsis_gcc.h
   3:Drivers/CMSIS/Include/cmsis_gcc.h ****  * @brief    CMSIS Cortex-M Core Function/Instruction Header File
   4:Drivers/CMSIS/Include/cmsis_gcc.h ****  * @version  V4.30
   5:Drivers/CMSIS/Include/cmsis_gcc.h ****  * @date     20. October 2015
   6:Drivers/CMSIS/Include/cmsis_gcc.h ****  ******************************************************************************/
   7:Drivers/CMSIS/Include/cmsis_gcc.h **** /* Copyright (c) 2009 - 2015 ARM LIMITED
   8:Drivers/CMSIS/Include/cmsis_gcc.h **** 
   9:Drivers/CMSIS/Include/cmsis_gcc.h ****    All rights reserved.
  10:Drivers/CMSIS/Include/cmsis_gcc.h ****    Redistribution and use in source and binary forms, with or without
  11:Drivers/CMSIS/Include/cmsis_gcc.h ****    modification, are permitted provided that the following conditions are met:
  12:Drivers/CMSIS/Include/cmsis_gcc.h ****    - Redistributions of source code must retain the above copyright
  13:Drivers/CMSIS/Include/cmsis_gcc.h ****      notice, this list of conditions and the following disclaimer.
  14:Drivers/CMSIS/Include/cmsis_gcc.h ****    - Redistributions in binary form must reproduce the above copyright
  15:Drivers/CMSIS/Include/cmsis_gcc.h ****      notice, this list of conditions and the following disclaimer in the
  16:Drivers/CMSIS/Include/cmsis_gcc.h ****      documentation and/or other materials provided with the distribution.
  17:Drivers/CMSIS/Include/cmsis_gcc.h ****    - Neither the name of ARM nor the names of its contributors may be used
  18:Drivers/CMSIS/Include/cmsis_gcc.h ****      to endorse or promote products derived from this software without
  19:Drivers/CMSIS/Include/cmsis_gcc.h ****      specific prior written permission.
  20:Drivers/CMSIS/Include/cmsis_gcc.h ****    *
  21:Drivers/CMSIS/Include/cmsis_gcc.h ****    THIS SOFTWARE IS PROVIDED BY THE COPYRIGHT HOLDERS AND CONTRIBUTORS "AS IS"
  22:Drivers/CMSIS/Include/cmsis_gcc.h ****    AND ANY EXPRESS OR IMPLIED WARRANTIES, INCLUDING, BUT NOT LIMITED TO, THE
  23:Drivers/CMSIS/Include/cmsis_gcc.h ****    IMPLIED WARRANTIES OF MERCHANTABILITY AND FITNESS FOR A PARTICULAR PURPOSE
  24:Drivers/CMSIS/Include/cmsis_gcc.h ****    ARE DISCLAIMED. IN NO EVENT SHALL COPYRIGHT HOLDERS AND CONTRIBUTORS BE
  25:Drivers/CMSIS/Include/cmsis_gcc.h ****    LIABLE FOR ANY DIRECT, INDIRECT, INCIDENTAL, SPECIAL, EXEMPLARY, OR
  26:Drivers/CMSIS/Include/cmsis_gcc.h ****    CONSEQUENTIAL DAMAGES (INCLUDING, BUT NOT LIMITED TO, PROCUREMENT OF
  27:Drivers/CMSIS/Include/cmsis_gcc.h ****    SUBSTITUTE GOODS OR SERVICES; LOSS OF USE, DATA, OR PROFITS; OR BUSINESS
  28:Drivers/CMSIS/Include/cmsis_gcc.h ****    INTERRUPTION) HOWEVER CAUSED AND ON ANY THEORY OF LIABILITY, WHETHER IN
  29:Drivers/CMSIS/Include/cmsis_gcc.h ****    CONTRACT, STRICT LIABILITY, OR TORT (INCLUDING NEGLIGENCE OR OTHERWISE)
  30:Drivers/CMSIS/Include/cmsis_gcc.h ****    ARISING IN ANY WAY OUT OF THE USE OF THIS SOFTWARE, EVEN IF ADVISED OF THE
  31:Drivers/CMSIS/Include/cmsis_gcc.h ****    POSSIBILITY OF SUCH DAMAGE.
  32:Drivers/CMSIS/Include/cmsis_gcc.h ****    ---------------------------------------------------------------------------*/
ARM GAS  C:\Users\듈괥\AppData\Local\Temp\ccdjuKll.s 			page 10


  33:Drivers/CMSIS/Include/cmsis_gcc.h **** 
  34:Drivers/CMSIS/Include/cmsis_gcc.h **** 
  35:Drivers/CMSIS/Include/cmsis_gcc.h **** #ifndef __CMSIS_GCC_H
  36:Drivers/CMSIS/Include/cmsis_gcc.h **** #define __CMSIS_GCC_H
  37:Drivers/CMSIS/Include/cmsis_gcc.h **** 
  38:Drivers/CMSIS/Include/cmsis_gcc.h **** /* ignore some GCC warnings */
  39:Drivers/CMSIS/Include/cmsis_gcc.h **** #if defined ( __GNUC__ )
  40:Drivers/CMSIS/Include/cmsis_gcc.h **** #pragma GCC diagnostic push
  41:Drivers/CMSIS/Include/cmsis_gcc.h **** #pragma GCC diagnostic ignored "-Wsign-conversion"
  42:Drivers/CMSIS/Include/cmsis_gcc.h **** #pragma GCC diagnostic ignored "-Wconversion"
  43:Drivers/CMSIS/Include/cmsis_gcc.h **** #pragma GCC diagnostic ignored "-Wunused-parameter"
  44:Drivers/CMSIS/Include/cmsis_gcc.h **** #endif
  45:Drivers/CMSIS/Include/cmsis_gcc.h **** 
  46:Drivers/CMSIS/Include/cmsis_gcc.h **** 
  47:Drivers/CMSIS/Include/cmsis_gcc.h **** /* ###########################  Core Function Access  ########################### */
  48:Drivers/CMSIS/Include/cmsis_gcc.h **** /** \ingroup  CMSIS_Core_FunctionInterface
  49:Drivers/CMSIS/Include/cmsis_gcc.h ****     \defgroup CMSIS_Core_RegAccFunctions CMSIS Core Register Access Functions
  50:Drivers/CMSIS/Include/cmsis_gcc.h ****   @{
  51:Drivers/CMSIS/Include/cmsis_gcc.h ****  */
  52:Drivers/CMSIS/Include/cmsis_gcc.h **** 
  53:Drivers/CMSIS/Include/cmsis_gcc.h **** /**
  54:Drivers/CMSIS/Include/cmsis_gcc.h ****   \brief   Enable IRQ Interrupts
  55:Drivers/CMSIS/Include/cmsis_gcc.h ****   \details Enables IRQ interrupts by clearing the I-bit in the CPSR.
  56:Drivers/CMSIS/Include/cmsis_gcc.h ****            Can only be executed in Privileged modes.
  57:Drivers/CMSIS/Include/cmsis_gcc.h ****  */
  58:Drivers/CMSIS/Include/cmsis_gcc.h **** __attribute__( ( always_inline ) ) __STATIC_INLINE void __enable_irq(void)
  59:Drivers/CMSIS/Include/cmsis_gcc.h **** {
  60:Drivers/CMSIS/Include/cmsis_gcc.h ****   __ASM volatile ("cpsie i" : : : "memory");
  61:Drivers/CMSIS/Include/cmsis_gcc.h **** }
  62:Drivers/CMSIS/Include/cmsis_gcc.h **** 
  63:Drivers/CMSIS/Include/cmsis_gcc.h **** 
  64:Drivers/CMSIS/Include/cmsis_gcc.h **** /**
  65:Drivers/CMSIS/Include/cmsis_gcc.h ****   \brief   Disable IRQ Interrupts
  66:Drivers/CMSIS/Include/cmsis_gcc.h ****   \details Disables IRQ interrupts by setting the I-bit in the CPSR.
  67:Drivers/CMSIS/Include/cmsis_gcc.h ****   Can only be executed in Privileged modes.
  68:Drivers/CMSIS/Include/cmsis_gcc.h ****  */
  69:Drivers/CMSIS/Include/cmsis_gcc.h **** __attribute__( ( always_inline ) ) __STATIC_INLINE void __disable_irq(void)
  70:Drivers/CMSIS/Include/cmsis_gcc.h **** {
  71:Drivers/CMSIS/Include/cmsis_gcc.h ****   __ASM volatile ("cpsid i" : : : "memory");
  72:Drivers/CMSIS/Include/cmsis_gcc.h **** }
  73:Drivers/CMSIS/Include/cmsis_gcc.h **** 
  74:Drivers/CMSIS/Include/cmsis_gcc.h **** 
  75:Drivers/CMSIS/Include/cmsis_gcc.h **** /**
  76:Drivers/CMSIS/Include/cmsis_gcc.h ****   \brief   Get Control Register
  77:Drivers/CMSIS/Include/cmsis_gcc.h ****   \details Returns the content of the Control Register.
  78:Drivers/CMSIS/Include/cmsis_gcc.h ****   \return               Control Register value
  79:Drivers/CMSIS/Include/cmsis_gcc.h ****  */
  80:Drivers/CMSIS/Include/cmsis_gcc.h **** __attribute__( ( always_inline ) ) __STATIC_INLINE uint32_t __get_CONTROL(void)
  81:Drivers/CMSIS/Include/cmsis_gcc.h **** {
  82:Drivers/CMSIS/Include/cmsis_gcc.h ****   uint32_t result;
  83:Drivers/CMSIS/Include/cmsis_gcc.h **** 
  84:Drivers/CMSIS/Include/cmsis_gcc.h ****   __ASM volatile ("MRS %0, control" : "=r" (result) );
  85:Drivers/CMSIS/Include/cmsis_gcc.h ****   return(result);
  86:Drivers/CMSIS/Include/cmsis_gcc.h **** }
  87:Drivers/CMSIS/Include/cmsis_gcc.h **** 
  88:Drivers/CMSIS/Include/cmsis_gcc.h **** 
  89:Drivers/CMSIS/Include/cmsis_gcc.h **** /**
ARM GAS  C:\Users\듈괥\AppData\Local\Temp\ccdjuKll.s 			page 11


  90:Drivers/CMSIS/Include/cmsis_gcc.h ****   \brief   Set Control Register
  91:Drivers/CMSIS/Include/cmsis_gcc.h ****   \details Writes the given value to the Control Register.
  92:Drivers/CMSIS/Include/cmsis_gcc.h ****   \param [in]    control  Control Register value to set
  93:Drivers/CMSIS/Include/cmsis_gcc.h ****  */
  94:Drivers/CMSIS/Include/cmsis_gcc.h **** __attribute__( ( always_inline ) ) __STATIC_INLINE void __set_CONTROL(uint32_t control)
  95:Drivers/CMSIS/Include/cmsis_gcc.h **** {
  96:Drivers/CMSIS/Include/cmsis_gcc.h ****   __ASM volatile ("MSR control, %0" : : "r" (control) : "memory");
  97:Drivers/CMSIS/Include/cmsis_gcc.h **** }
  98:Drivers/CMSIS/Include/cmsis_gcc.h **** 
  99:Drivers/CMSIS/Include/cmsis_gcc.h **** 
 100:Drivers/CMSIS/Include/cmsis_gcc.h **** /**
 101:Drivers/CMSIS/Include/cmsis_gcc.h ****   \brief   Get IPSR Register
 102:Drivers/CMSIS/Include/cmsis_gcc.h ****   \details Returns the content of the IPSR Register.
 103:Drivers/CMSIS/Include/cmsis_gcc.h ****   \return               IPSR Register value
 104:Drivers/CMSIS/Include/cmsis_gcc.h ****  */
 105:Drivers/CMSIS/Include/cmsis_gcc.h **** __attribute__( ( always_inline ) ) __STATIC_INLINE uint32_t __get_IPSR(void)
 106:Drivers/CMSIS/Include/cmsis_gcc.h **** {
 107:Drivers/CMSIS/Include/cmsis_gcc.h ****   uint32_t result;
 108:Drivers/CMSIS/Include/cmsis_gcc.h **** 
 109:Drivers/CMSIS/Include/cmsis_gcc.h ****   __ASM volatile ("MRS %0, ipsr" : "=r" (result) );
 110:Drivers/CMSIS/Include/cmsis_gcc.h ****   return(result);
 111:Drivers/CMSIS/Include/cmsis_gcc.h **** }
 112:Drivers/CMSIS/Include/cmsis_gcc.h **** 
 113:Drivers/CMSIS/Include/cmsis_gcc.h **** 
 114:Drivers/CMSIS/Include/cmsis_gcc.h **** /**
 115:Drivers/CMSIS/Include/cmsis_gcc.h ****   \brief   Get APSR Register
 116:Drivers/CMSIS/Include/cmsis_gcc.h ****   \details Returns the content of the APSR Register.
 117:Drivers/CMSIS/Include/cmsis_gcc.h ****   \return               APSR Register value
 118:Drivers/CMSIS/Include/cmsis_gcc.h ****  */
 119:Drivers/CMSIS/Include/cmsis_gcc.h **** __attribute__( ( always_inline ) ) __STATIC_INLINE uint32_t __get_APSR(void)
 120:Drivers/CMSIS/Include/cmsis_gcc.h **** {
 121:Drivers/CMSIS/Include/cmsis_gcc.h ****   uint32_t result;
 122:Drivers/CMSIS/Include/cmsis_gcc.h **** 
 123:Drivers/CMSIS/Include/cmsis_gcc.h ****   __ASM volatile ("MRS %0, apsr" : "=r" (result) );
 124:Drivers/CMSIS/Include/cmsis_gcc.h ****   return(result);
 125:Drivers/CMSIS/Include/cmsis_gcc.h **** }
 126:Drivers/CMSIS/Include/cmsis_gcc.h **** 
 127:Drivers/CMSIS/Include/cmsis_gcc.h **** 
 128:Drivers/CMSIS/Include/cmsis_gcc.h **** /**
 129:Drivers/CMSIS/Include/cmsis_gcc.h ****   \brief   Get xPSR Register
 130:Drivers/CMSIS/Include/cmsis_gcc.h ****   \details Returns the content of the xPSR Register.
 131:Drivers/CMSIS/Include/cmsis_gcc.h **** 
 132:Drivers/CMSIS/Include/cmsis_gcc.h ****     \return               xPSR Register value
 133:Drivers/CMSIS/Include/cmsis_gcc.h ****  */
 134:Drivers/CMSIS/Include/cmsis_gcc.h **** __attribute__( ( always_inline ) ) __STATIC_INLINE uint32_t __get_xPSR(void)
 135:Drivers/CMSIS/Include/cmsis_gcc.h **** {
 136:Drivers/CMSIS/Include/cmsis_gcc.h ****   uint32_t result;
 137:Drivers/CMSIS/Include/cmsis_gcc.h **** 
 138:Drivers/CMSIS/Include/cmsis_gcc.h ****   __ASM volatile ("MRS %0, xpsr" : "=r" (result) );
 139:Drivers/CMSIS/Include/cmsis_gcc.h ****   return(result);
 140:Drivers/CMSIS/Include/cmsis_gcc.h **** }
 141:Drivers/CMSIS/Include/cmsis_gcc.h **** 
 142:Drivers/CMSIS/Include/cmsis_gcc.h **** 
 143:Drivers/CMSIS/Include/cmsis_gcc.h **** /**
 144:Drivers/CMSIS/Include/cmsis_gcc.h ****   \brief   Get Process Stack Pointer
 145:Drivers/CMSIS/Include/cmsis_gcc.h ****   \details Returns the current value of the Process Stack Pointer (PSP).
 146:Drivers/CMSIS/Include/cmsis_gcc.h ****   \return               PSP Register value
ARM GAS  C:\Users\듈괥\AppData\Local\Temp\ccdjuKll.s 			page 12


 147:Drivers/CMSIS/Include/cmsis_gcc.h ****  */
 148:Drivers/CMSIS/Include/cmsis_gcc.h **** __attribute__( ( always_inline ) ) __STATIC_INLINE uint32_t __get_PSP(void)
 149:Drivers/CMSIS/Include/cmsis_gcc.h **** {
 150:Drivers/CMSIS/Include/cmsis_gcc.h ****   register uint32_t result;
 151:Drivers/CMSIS/Include/cmsis_gcc.h **** 
 152:Drivers/CMSIS/Include/cmsis_gcc.h ****   __ASM volatile ("MRS %0, psp\n"  : "=r" (result) );
 153:Drivers/CMSIS/Include/cmsis_gcc.h ****   return(result);
 154:Drivers/CMSIS/Include/cmsis_gcc.h **** }
 155:Drivers/CMSIS/Include/cmsis_gcc.h **** 
 156:Drivers/CMSIS/Include/cmsis_gcc.h **** 
 157:Drivers/CMSIS/Include/cmsis_gcc.h **** /**
 158:Drivers/CMSIS/Include/cmsis_gcc.h ****   \brief   Set Process Stack Pointer
 159:Drivers/CMSIS/Include/cmsis_gcc.h ****   \details Assigns the given value to the Process Stack Pointer (PSP).
 160:Drivers/CMSIS/Include/cmsis_gcc.h ****   \param [in]    topOfProcStack  Process Stack Pointer value to set
 161:Drivers/CMSIS/Include/cmsis_gcc.h ****  */
 162:Drivers/CMSIS/Include/cmsis_gcc.h **** __attribute__( ( always_inline ) ) __STATIC_INLINE void __set_PSP(uint32_t topOfProcStack)
 163:Drivers/CMSIS/Include/cmsis_gcc.h **** {
 164:Drivers/CMSIS/Include/cmsis_gcc.h ****   __ASM volatile ("MSR psp, %0\n" : : "r" (topOfProcStack) : "sp");
 165:Drivers/CMSIS/Include/cmsis_gcc.h **** }
 166:Drivers/CMSIS/Include/cmsis_gcc.h **** 
 167:Drivers/CMSIS/Include/cmsis_gcc.h **** 
 168:Drivers/CMSIS/Include/cmsis_gcc.h **** /**
 169:Drivers/CMSIS/Include/cmsis_gcc.h ****   \brief   Get Main Stack Pointer
 170:Drivers/CMSIS/Include/cmsis_gcc.h ****   \details Returns the current value of the Main Stack Pointer (MSP).
 171:Drivers/CMSIS/Include/cmsis_gcc.h ****   \return               MSP Register value
 172:Drivers/CMSIS/Include/cmsis_gcc.h ****  */
 173:Drivers/CMSIS/Include/cmsis_gcc.h **** __attribute__( ( always_inline ) ) __STATIC_INLINE uint32_t __get_MSP(void)
 174:Drivers/CMSIS/Include/cmsis_gcc.h **** {
 175:Drivers/CMSIS/Include/cmsis_gcc.h ****   register uint32_t result;
 176:Drivers/CMSIS/Include/cmsis_gcc.h **** 
 177:Drivers/CMSIS/Include/cmsis_gcc.h ****   __ASM volatile ("MRS %0, msp\n" : "=r" (result) );
 178:Drivers/CMSIS/Include/cmsis_gcc.h ****   return(result);
 179:Drivers/CMSIS/Include/cmsis_gcc.h **** }
 180:Drivers/CMSIS/Include/cmsis_gcc.h **** 
 181:Drivers/CMSIS/Include/cmsis_gcc.h **** 
 182:Drivers/CMSIS/Include/cmsis_gcc.h **** /**
 183:Drivers/CMSIS/Include/cmsis_gcc.h ****   \brief   Set Main Stack Pointer
 184:Drivers/CMSIS/Include/cmsis_gcc.h ****   \details Assigns the given value to the Main Stack Pointer (MSP).
 185:Drivers/CMSIS/Include/cmsis_gcc.h **** 
 186:Drivers/CMSIS/Include/cmsis_gcc.h ****     \param [in]    topOfMainStack  Main Stack Pointer value to set
 187:Drivers/CMSIS/Include/cmsis_gcc.h ****  */
 188:Drivers/CMSIS/Include/cmsis_gcc.h **** __attribute__( ( always_inline ) ) __STATIC_INLINE void __set_MSP(uint32_t topOfMainStack)
 189:Drivers/CMSIS/Include/cmsis_gcc.h **** {
 190:Drivers/CMSIS/Include/cmsis_gcc.h ****   __ASM volatile ("MSR msp, %0\n" : : "r" (topOfMainStack) : "sp");
 191:Drivers/CMSIS/Include/cmsis_gcc.h **** }
 192:Drivers/CMSIS/Include/cmsis_gcc.h **** 
 193:Drivers/CMSIS/Include/cmsis_gcc.h **** 
 194:Drivers/CMSIS/Include/cmsis_gcc.h **** /**
 195:Drivers/CMSIS/Include/cmsis_gcc.h ****   \brief   Get Priority Mask
 196:Drivers/CMSIS/Include/cmsis_gcc.h ****   \details Returns the current state of the priority mask bit from the Priority Mask Register.
 197:Drivers/CMSIS/Include/cmsis_gcc.h ****   \return               Priority Mask value
 198:Drivers/CMSIS/Include/cmsis_gcc.h ****  */
 199:Drivers/CMSIS/Include/cmsis_gcc.h **** __attribute__( ( always_inline ) ) __STATIC_INLINE uint32_t __get_PRIMASK(void)
 200:Drivers/CMSIS/Include/cmsis_gcc.h **** {
 201:Drivers/CMSIS/Include/cmsis_gcc.h ****   uint32_t result;
 202:Drivers/CMSIS/Include/cmsis_gcc.h **** 
 203:Drivers/CMSIS/Include/cmsis_gcc.h ****   __ASM volatile ("MRS %0, primask" : "=r" (result) );
ARM GAS  C:\Users\듈괥\AppData\Local\Temp\ccdjuKll.s 			page 13


 204:Drivers/CMSIS/Include/cmsis_gcc.h ****   return(result);
 205:Drivers/CMSIS/Include/cmsis_gcc.h **** }
 206:Drivers/CMSIS/Include/cmsis_gcc.h **** 
 207:Drivers/CMSIS/Include/cmsis_gcc.h **** 
 208:Drivers/CMSIS/Include/cmsis_gcc.h **** /**
 209:Drivers/CMSIS/Include/cmsis_gcc.h ****   \brief   Set Priority Mask
 210:Drivers/CMSIS/Include/cmsis_gcc.h ****   \details Assigns the given value to the Priority Mask Register.
 211:Drivers/CMSIS/Include/cmsis_gcc.h ****   \param [in]    priMask  Priority Mask
 212:Drivers/CMSIS/Include/cmsis_gcc.h ****  */
 213:Drivers/CMSIS/Include/cmsis_gcc.h **** __attribute__( ( always_inline ) ) __STATIC_INLINE void __set_PRIMASK(uint32_t priMask)
 214:Drivers/CMSIS/Include/cmsis_gcc.h **** {
 215:Drivers/CMSIS/Include/cmsis_gcc.h ****   __ASM volatile ("MSR primask, %0" : : "r" (priMask) : "memory");
 216:Drivers/CMSIS/Include/cmsis_gcc.h **** }
 217:Drivers/CMSIS/Include/cmsis_gcc.h **** 
 218:Drivers/CMSIS/Include/cmsis_gcc.h **** 
 219:Drivers/CMSIS/Include/cmsis_gcc.h **** #if       (__CORTEX_M >= 0x03U)
 220:Drivers/CMSIS/Include/cmsis_gcc.h **** 
 221:Drivers/CMSIS/Include/cmsis_gcc.h **** /**
 222:Drivers/CMSIS/Include/cmsis_gcc.h ****   \brief   Enable FIQ
 223:Drivers/CMSIS/Include/cmsis_gcc.h ****   \details Enables FIQ interrupts by clearing the F-bit in the CPSR.
 224:Drivers/CMSIS/Include/cmsis_gcc.h ****            Can only be executed in Privileged modes.
 225:Drivers/CMSIS/Include/cmsis_gcc.h ****  */
 226:Drivers/CMSIS/Include/cmsis_gcc.h **** __attribute__( ( always_inline ) ) __STATIC_INLINE void __enable_fault_irq(void)
 227:Drivers/CMSIS/Include/cmsis_gcc.h **** {
 228:Drivers/CMSIS/Include/cmsis_gcc.h ****   __ASM volatile ("cpsie f" : : : "memory");
 229:Drivers/CMSIS/Include/cmsis_gcc.h **** }
 230:Drivers/CMSIS/Include/cmsis_gcc.h **** 
 231:Drivers/CMSIS/Include/cmsis_gcc.h **** 
 232:Drivers/CMSIS/Include/cmsis_gcc.h **** /**
 233:Drivers/CMSIS/Include/cmsis_gcc.h ****   \brief   Disable FIQ
 234:Drivers/CMSIS/Include/cmsis_gcc.h ****   \details Disables FIQ interrupts by setting the F-bit in the CPSR.
 235:Drivers/CMSIS/Include/cmsis_gcc.h ****            Can only be executed in Privileged modes.
 236:Drivers/CMSIS/Include/cmsis_gcc.h ****  */
 237:Drivers/CMSIS/Include/cmsis_gcc.h **** __attribute__( ( always_inline ) ) __STATIC_INLINE void __disable_fault_irq(void)
 238:Drivers/CMSIS/Include/cmsis_gcc.h **** {
 239:Drivers/CMSIS/Include/cmsis_gcc.h ****   __ASM volatile ("cpsid f" : : : "memory");
 240:Drivers/CMSIS/Include/cmsis_gcc.h **** }
 241:Drivers/CMSIS/Include/cmsis_gcc.h **** 
 242:Drivers/CMSIS/Include/cmsis_gcc.h **** 
 243:Drivers/CMSIS/Include/cmsis_gcc.h **** /**
 244:Drivers/CMSIS/Include/cmsis_gcc.h ****   \brief   Get Base Priority
 245:Drivers/CMSIS/Include/cmsis_gcc.h ****   \details Returns the current value of the Base Priority register.
 246:Drivers/CMSIS/Include/cmsis_gcc.h ****   \return               Base Priority register value
 247:Drivers/CMSIS/Include/cmsis_gcc.h ****  */
 248:Drivers/CMSIS/Include/cmsis_gcc.h **** __attribute__( ( always_inline ) ) __STATIC_INLINE uint32_t __get_BASEPRI(void)
 249:Drivers/CMSIS/Include/cmsis_gcc.h **** {
 250:Drivers/CMSIS/Include/cmsis_gcc.h ****   uint32_t result;
 251:Drivers/CMSIS/Include/cmsis_gcc.h **** 
 252:Drivers/CMSIS/Include/cmsis_gcc.h ****   __ASM volatile ("MRS %0, basepri" : "=r" (result) );
 253:Drivers/CMSIS/Include/cmsis_gcc.h ****   return(result);
 254:Drivers/CMSIS/Include/cmsis_gcc.h **** }
 255:Drivers/CMSIS/Include/cmsis_gcc.h **** 
 256:Drivers/CMSIS/Include/cmsis_gcc.h **** 
 257:Drivers/CMSIS/Include/cmsis_gcc.h **** /**
 258:Drivers/CMSIS/Include/cmsis_gcc.h ****   \brief   Set Base Priority
 259:Drivers/CMSIS/Include/cmsis_gcc.h ****   \details Assigns the given value to the Base Priority register.
 260:Drivers/CMSIS/Include/cmsis_gcc.h ****   \param [in]    basePri  Base Priority value to set
ARM GAS  C:\Users\듈괥\AppData\Local\Temp\ccdjuKll.s 			page 14


 261:Drivers/CMSIS/Include/cmsis_gcc.h ****  */
 262:Drivers/CMSIS/Include/cmsis_gcc.h **** __attribute__( ( always_inline ) ) __STATIC_INLINE void __set_BASEPRI(uint32_t value)
 263:Drivers/CMSIS/Include/cmsis_gcc.h **** {
 264:Drivers/CMSIS/Include/cmsis_gcc.h ****   __ASM volatile ("MSR basepri, %0" : : "r" (value) : "memory");
 265:Drivers/CMSIS/Include/cmsis_gcc.h **** }
 266:Drivers/CMSIS/Include/cmsis_gcc.h **** 
 267:Drivers/CMSIS/Include/cmsis_gcc.h **** 
 268:Drivers/CMSIS/Include/cmsis_gcc.h **** /**
 269:Drivers/CMSIS/Include/cmsis_gcc.h ****   \brief   Set Base Priority with condition
 270:Drivers/CMSIS/Include/cmsis_gcc.h ****   \details Assigns the given value to the Base Priority register only if BASEPRI masking is disable
 271:Drivers/CMSIS/Include/cmsis_gcc.h ****            or the new value increases the BASEPRI priority level.
 272:Drivers/CMSIS/Include/cmsis_gcc.h ****   \param [in]    basePri  Base Priority value to set
 273:Drivers/CMSIS/Include/cmsis_gcc.h ****  */
 274:Drivers/CMSIS/Include/cmsis_gcc.h **** __attribute__( ( always_inline ) ) __STATIC_INLINE void __set_BASEPRI_MAX(uint32_t value)
 275:Drivers/CMSIS/Include/cmsis_gcc.h **** {
 276:Drivers/CMSIS/Include/cmsis_gcc.h ****   __ASM volatile ("MSR basepri_max, %0" : : "r" (value) : "memory");
 277:Drivers/CMSIS/Include/cmsis_gcc.h **** }
 278:Drivers/CMSIS/Include/cmsis_gcc.h **** 
 279:Drivers/CMSIS/Include/cmsis_gcc.h **** 
 280:Drivers/CMSIS/Include/cmsis_gcc.h **** /**
 281:Drivers/CMSIS/Include/cmsis_gcc.h ****   \brief   Get Fault Mask
 282:Drivers/CMSIS/Include/cmsis_gcc.h ****   \details Returns the current value of the Fault Mask register.
 283:Drivers/CMSIS/Include/cmsis_gcc.h ****   \return               Fault Mask register value
 284:Drivers/CMSIS/Include/cmsis_gcc.h ****  */
 285:Drivers/CMSIS/Include/cmsis_gcc.h **** __attribute__( ( always_inline ) ) __STATIC_INLINE uint32_t __get_FAULTMASK(void)
 286:Drivers/CMSIS/Include/cmsis_gcc.h **** {
 287:Drivers/CMSIS/Include/cmsis_gcc.h ****   uint32_t result;
 288:Drivers/CMSIS/Include/cmsis_gcc.h **** 
 289:Drivers/CMSIS/Include/cmsis_gcc.h ****   __ASM volatile ("MRS %0, faultmask" : "=r" (result) );
 290:Drivers/CMSIS/Include/cmsis_gcc.h ****   return(result);
 291:Drivers/CMSIS/Include/cmsis_gcc.h **** }
 292:Drivers/CMSIS/Include/cmsis_gcc.h **** 
 293:Drivers/CMSIS/Include/cmsis_gcc.h **** 
 294:Drivers/CMSIS/Include/cmsis_gcc.h **** /**
 295:Drivers/CMSIS/Include/cmsis_gcc.h ****   \brief   Set Fault Mask
 296:Drivers/CMSIS/Include/cmsis_gcc.h ****   \details Assigns the given value to the Fault Mask register.
 297:Drivers/CMSIS/Include/cmsis_gcc.h ****   \param [in]    faultMask  Fault Mask value to set
 298:Drivers/CMSIS/Include/cmsis_gcc.h ****  */
 299:Drivers/CMSIS/Include/cmsis_gcc.h **** __attribute__( ( always_inline ) ) __STATIC_INLINE void __set_FAULTMASK(uint32_t faultMask)
 300:Drivers/CMSIS/Include/cmsis_gcc.h **** {
 301:Drivers/CMSIS/Include/cmsis_gcc.h ****   __ASM volatile ("MSR faultmask, %0" : : "r" (faultMask) : "memory");
 302:Drivers/CMSIS/Include/cmsis_gcc.h **** }
 303:Drivers/CMSIS/Include/cmsis_gcc.h **** 
 304:Drivers/CMSIS/Include/cmsis_gcc.h **** #endif /* (__CORTEX_M >= 0x03U) */
 305:Drivers/CMSIS/Include/cmsis_gcc.h **** 
 306:Drivers/CMSIS/Include/cmsis_gcc.h **** 
 307:Drivers/CMSIS/Include/cmsis_gcc.h **** #if       (__CORTEX_M == 0x04U) || (__CORTEX_M == 0x07U)
 308:Drivers/CMSIS/Include/cmsis_gcc.h **** 
 309:Drivers/CMSIS/Include/cmsis_gcc.h **** /**
 310:Drivers/CMSIS/Include/cmsis_gcc.h ****   \brief   Get FPSCR
 311:Drivers/CMSIS/Include/cmsis_gcc.h ****   \details Returns the current value of the Floating Point Status/Control register.
 312:Drivers/CMSIS/Include/cmsis_gcc.h ****   \return               Floating Point Status/Control register value
 313:Drivers/CMSIS/Include/cmsis_gcc.h ****  */
 314:Drivers/CMSIS/Include/cmsis_gcc.h **** __attribute__( ( always_inline ) ) __STATIC_INLINE uint32_t __get_FPSCR(void)
 315:Drivers/CMSIS/Include/cmsis_gcc.h **** {
 316:Drivers/CMSIS/Include/cmsis_gcc.h **** #if (__FPU_PRESENT == 1U) && (__FPU_USED == 1U)
 317:Drivers/CMSIS/Include/cmsis_gcc.h ****   uint32_t result;
ARM GAS  C:\Users\듈괥\AppData\Local\Temp\ccdjuKll.s 			page 15


 318:Drivers/CMSIS/Include/cmsis_gcc.h **** 
 319:Drivers/CMSIS/Include/cmsis_gcc.h ****   /* Empty asm statement works as a scheduling barrier */
 320:Drivers/CMSIS/Include/cmsis_gcc.h ****   __ASM volatile ("");
 321:Drivers/CMSIS/Include/cmsis_gcc.h ****   __ASM volatile ("VMRS %0, fpscr" : "=r" (result) );
 322:Drivers/CMSIS/Include/cmsis_gcc.h ****   __ASM volatile ("");
 323:Drivers/CMSIS/Include/cmsis_gcc.h ****   return(result);
 324:Drivers/CMSIS/Include/cmsis_gcc.h **** #else
 325:Drivers/CMSIS/Include/cmsis_gcc.h ****    return(0);
 326:Drivers/CMSIS/Include/cmsis_gcc.h **** #endif
 327:Drivers/CMSIS/Include/cmsis_gcc.h **** }
 328:Drivers/CMSIS/Include/cmsis_gcc.h **** 
 329:Drivers/CMSIS/Include/cmsis_gcc.h **** 
 330:Drivers/CMSIS/Include/cmsis_gcc.h **** /**
 331:Drivers/CMSIS/Include/cmsis_gcc.h ****   \brief   Set FPSCR
 332:Drivers/CMSIS/Include/cmsis_gcc.h ****   \details Assigns the given value to the Floating Point Status/Control register.
 333:Drivers/CMSIS/Include/cmsis_gcc.h ****   \param [in]    fpscr  Floating Point Status/Control value to set
 334:Drivers/CMSIS/Include/cmsis_gcc.h ****  */
 335:Drivers/CMSIS/Include/cmsis_gcc.h **** __attribute__( ( always_inline ) ) __STATIC_INLINE void __set_FPSCR(uint32_t fpscr)
 336:Drivers/CMSIS/Include/cmsis_gcc.h **** {
 337:Drivers/CMSIS/Include/cmsis_gcc.h **** #if (__FPU_PRESENT == 1U) && (__FPU_USED == 1U)
 338:Drivers/CMSIS/Include/cmsis_gcc.h ****   /* Empty asm statement works as a scheduling barrier */
 339:Drivers/CMSIS/Include/cmsis_gcc.h ****   __ASM volatile ("");
 340:Drivers/CMSIS/Include/cmsis_gcc.h ****   __ASM volatile ("VMSR fpscr, %0" : : "r" (fpscr) : "vfpcc");
 341:Drivers/CMSIS/Include/cmsis_gcc.h ****   __ASM volatile ("");
 342:Drivers/CMSIS/Include/cmsis_gcc.h **** #endif
 343:Drivers/CMSIS/Include/cmsis_gcc.h **** }
 344:Drivers/CMSIS/Include/cmsis_gcc.h **** 
 345:Drivers/CMSIS/Include/cmsis_gcc.h **** #endif /* (__CORTEX_M == 0x04U) || (__CORTEX_M == 0x07U) */
 346:Drivers/CMSIS/Include/cmsis_gcc.h **** 
 347:Drivers/CMSIS/Include/cmsis_gcc.h **** 
 348:Drivers/CMSIS/Include/cmsis_gcc.h **** 
 349:Drivers/CMSIS/Include/cmsis_gcc.h **** /*@} end of CMSIS_Core_RegAccFunctions */
 350:Drivers/CMSIS/Include/cmsis_gcc.h **** 
 351:Drivers/CMSIS/Include/cmsis_gcc.h **** 
 352:Drivers/CMSIS/Include/cmsis_gcc.h **** /* ##########################  Core Instruction Access  ######################### */
 353:Drivers/CMSIS/Include/cmsis_gcc.h **** /** \defgroup CMSIS_Core_InstructionInterface CMSIS Core Instruction Interface
 354:Drivers/CMSIS/Include/cmsis_gcc.h ****   Access to dedicated instructions
 355:Drivers/CMSIS/Include/cmsis_gcc.h ****   @{
 356:Drivers/CMSIS/Include/cmsis_gcc.h **** */
 357:Drivers/CMSIS/Include/cmsis_gcc.h **** 
 358:Drivers/CMSIS/Include/cmsis_gcc.h **** /* Define macros for porting to both thumb1 and thumb2.
 359:Drivers/CMSIS/Include/cmsis_gcc.h ****  * For thumb1, use low register (r0-r7), specified by constraint "l"
 360:Drivers/CMSIS/Include/cmsis_gcc.h ****  * Otherwise, use general registers, specified by constraint "r" */
 361:Drivers/CMSIS/Include/cmsis_gcc.h **** #if defined (__thumb__) && !defined (__thumb2__)
 362:Drivers/CMSIS/Include/cmsis_gcc.h **** #define __CMSIS_GCC_OUT_REG(r) "=l" (r)
 363:Drivers/CMSIS/Include/cmsis_gcc.h **** #define __CMSIS_GCC_USE_REG(r) "l" (r)
 364:Drivers/CMSIS/Include/cmsis_gcc.h **** #else
 365:Drivers/CMSIS/Include/cmsis_gcc.h **** #define __CMSIS_GCC_OUT_REG(r) "=r" (r)
 366:Drivers/CMSIS/Include/cmsis_gcc.h **** #define __CMSIS_GCC_USE_REG(r) "r" (r)
 367:Drivers/CMSIS/Include/cmsis_gcc.h **** #endif
 368:Drivers/CMSIS/Include/cmsis_gcc.h **** 
 369:Drivers/CMSIS/Include/cmsis_gcc.h **** /**
 370:Drivers/CMSIS/Include/cmsis_gcc.h ****   \brief   No Operation
 371:Drivers/CMSIS/Include/cmsis_gcc.h ****   \details No Operation does nothing. This instruction can be used for code alignment purposes.
 372:Drivers/CMSIS/Include/cmsis_gcc.h ****  */
 373:Drivers/CMSIS/Include/cmsis_gcc.h **** __attribute__((always_inline)) __STATIC_INLINE void __NOP(void)
 374:Drivers/CMSIS/Include/cmsis_gcc.h **** {
ARM GAS  C:\Users\듈괥\AppData\Local\Temp\ccdjuKll.s 			page 16


 375:Drivers/CMSIS/Include/cmsis_gcc.h ****   __ASM volatile ("nop");
 376:Drivers/CMSIS/Include/cmsis_gcc.h **** }
 377:Drivers/CMSIS/Include/cmsis_gcc.h **** 
 378:Drivers/CMSIS/Include/cmsis_gcc.h **** 
 379:Drivers/CMSIS/Include/cmsis_gcc.h **** /**
 380:Drivers/CMSIS/Include/cmsis_gcc.h ****   \brief   Wait For Interrupt
 381:Drivers/CMSIS/Include/cmsis_gcc.h ****   \details Wait For Interrupt is a hint instruction that suspends execution until one of a number o
 382:Drivers/CMSIS/Include/cmsis_gcc.h ****  */
 383:Drivers/CMSIS/Include/cmsis_gcc.h **** __attribute__((always_inline)) __STATIC_INLINE void __WFI(void)
 384:Drivers/CMSIS/Include/cmsis_gcc.h **** {
 385:Drivers/CMSIS/Include/cmsis_gcc.h ****   __ASM volatile ("wfi");
 185              		.loc 2 385 0
 186              		.syntax unified
 187              	@ 385 "Drivers/CMSIS/Include/cmsis_gcc.h" 1
 188 000e 30BF     		wfi
 189              	@ 0 "" 2
 190              		.thumb
 191              		.syntax unified
 192 0010 7047     		bx	lr
 193              	.L17:
 194              	.LBE21:
 195              	.LBE20:
 196              	.LBB22:
 197              	.LBB23:
 386:Drivers/CMSIS/Include/cmsis_gcc.h **** }
 387:Drivers/CMSIS/Include/cmsis_gcc.h **** 
 388:Drivers/CMSIS/Include/cmsis_gcc.h **** 
 389:Drivers/CMSIS/Include/cmsis_gcc.h **** /**
 390:Drivers/CMSIS/Include/cmsis_gcc.h ****   \brief   Wait For Event
 391:Drivers/CMSIS/Include/cmsis_gcc.h ****   \details Wait For Event is a hint instruction that permits the processor to enter
 392:Drivers/CMSIS/Include/cmsis_gcc.h ****     a low-power state until one of a number of events occurs.
 393:Drivers/CMSIS/Include/cmsis_gcc.h ****  */
 394:Drivers/CMSIS/Include/cmsis_gcc.h **** __attribute__((always_inline)) __STATIC_INLINE void __WFE(void)
 395:Drivers/CMSIS/Include/cmsis_gcc.h **** {
 396:Drivers/CMSIS/Include/cmsis_gcc.h ****   __ASM volatile ("wfe");
 397:Drivers/CMSIS/Include/cmsis_gcc.h **** }
 398:Drivers/CMSIS/Include/cmsis_gcc.h **** 
 399:Drivers/CMSIS/Include/cmsis_gcc.h **** 
 400:Drivers/CMSIS/Include/cmsis_gcc.h **** /**
 401:Drivers/CMSIS/Include/cmsis_gcc.h ****   \brief   Send Event
 402:Drivers/CMSIS/Include/cmsis_gcc.h ****   \details Send Event is a hint instruction. It causes an event to be signaled to the CPU.
 403:Drivers/CMSIS/Include/cmsis_gcc.h ****  */
 404:Drivers/CMSIS/Include/cmsis_gcc.h **** __attribute__((always_inline)) __STATIC_INLINE void __SEV(void)
 405:Drivers/CMSIS/Include/cmsis_gcc.h **** {
 406:Drivers/CMSIS/Include/cmsis_gcc.h ****   __ASM volatile ("sev");
 198              		.loc 2 406 0
 199              		.syntax unified
 200              	@ 406 "Drivers/CMSIS/Include/cmsis_gcc.h" 1
 201 0012 40BF     		sev
 202              	@ 0 "" 2
 203              		.thumb
 204              		.syntax unified
 205              	.LBE23:
 206              	.LBE22:
 207              	.LBB24:
 208              	.LBB25:
 396:Drivers/CMSIS/Include/cmsis_gcc.h **** }
ARM GAS  C:\Users\듈괥\AppData\Local\Temp\ccdjuKll.s 			page 17


 209              		.loc 2 396 0
 210              		.syntax unified
 211              	@ 396 "Drivers/CMSIS/Include/cmsis_gcc.h" 1
 212 0014 20BF     		wfe
 213              	@ 0 "" 2
 214              		.thumb
 215              		.syntax unified
 216              	.LBE25:
 217              	.LBE24:
 218              	.LBB26:
 219              	.LBB27:
 220              		.syntax unified
 221              	@ 396 "Drivers/CMSIS/Include/cmsis_gcc.h" 1
 222 0016 20BF     		wfe
 223              	@ 0 "" 2
 224              		.thumb
 225              		.syntax unified
 226 0018 7047     		bx	lr
 227              	.L20:
 228 001a 00BF     		.align	2
 229              	.L19:
 230 001c 00ED00E0 		.word	-536810240
 231              	.LBE27:
 232              	.LBE26:
 233              		.cfi_endproc
 234              	.LFE129:
 236              		.section	.text.HAL_PWR_EnterSTOPMode,"ax",%progbits
 237              		.align	2
 238              		.global	HAL_PWR_EnterSTOPMode
 239              		.thumb
 240              		.thumb_func
 242              	HAL_PWR_EnterSTOPMode:
 243              	.LFB130:
 309:Drivers/STM32F3xx_HAL_Driver/Src/stm32f3xx_hal_pwr.c ****   {
 310:Drivers/STM32F3xx_HAL_Driver/Src/stm32f3xx_hal_pwr.c ****     /* Request Wait For Interrupt */
 311:Drivers/STM32F3xx_HAL_Driver/Src/stm32f3xx_hal_pwr.c ****     __WFI();
 312:Drivers/STM32F3xx_HAL_Driver/Src/stm32f3xx_hal_pwr.c ****   }
 313:Drivers/STM32F3xx_HAL_Driver/Src/stm32f3xx_hal_pwr.c ****   else
 314:Drivers/STM32F3xx_HAL_Driver/Src/stm32f3xx_hal_pwr.c ****   {
 315:Drivers/STM32F3xx_HAL_Driver/Src/stm32f3xx_hal_pwr.c ****     /* Request Wait For Event */
 316:Drivers/STM32F3xx_HAL_Driver/Src/stm32f3xx_hal_pwr.c ****     __SEV();
 317:Drivers/STM32F3xx_HAL_Driver/Src/stm32f3xx_hal_pwr.c ****     __WFE();
 318:Drivers/STM32F3xx_HAL_Driver/Src/stm32f3xx_hal_pwr.c ****     __WFE();
 319:Drivers/STM32F3xx_HAL_Driver/Src/stm32f3xx_hal_pwr.c ****   }
 320:Drivers/STM32F3xx_HAL_Driver/Src/stm32f3xx_hal_pwr.c **** }
 321:Drivers/STM32F3xx_HAL_Driver/Src/stm32f3xx_hal_pwr.c **** 
 322:Drivers/STM32F3xx_HAL_Driver/Src/stm32f3xx_hal_pwr.c **** /**
 323:Drivers/STM32F3xx_HAL_Driver/Src/stm32f3xx_hal_pwr.c ****   * @brief Enters STOP mode.
 324:Drivers/STM32F3xx_HAL_Driver/Src/stm32f3xx_hal_pwr.c ****   * @note  In Stop mode, all I/O pins keep the same state as in Run mode.
 325:Drivers/STM32F3xx_HAL_Driver/Src/stm32f3xx_hal_pwr.c ****   * @note  When exiting Stop mode by issuing an interrupt or a wakeup event,
 326:Drivers/STM32F3xx_HAL_Driver/Src/stm32f3xx_hal_pwr.c ****   *         the HSI RC oscillator is selected as system clock.
 327:Drivers/STM32F3xx_HAL_Driver/Src/stm32f3xx_hal_pwr.c ****   * @note  When the voltage regulator operates in low power mode, an additional
 328:Drivers/STM32F3xx_HAL_Driver/Src/stm32f3xx_hal_pwr.c ****   *         startup delay is incurred when waking up from Stop mode.
 329:Drivers/STM32F3xx_HAL_Driver/Src/stm32f3xx_hal_pwr.c ****   *         By keeping the internal regulator ON during Stop mode, the consumption
 330:Drivers/STM32F3xx_HAL_Driver/Src/stm32f3xx_hal_pwr.c ****   *         is higher although the startup time is reduced.
 331:Drivers/STM32F3xx_HAL_Driver/Src/stm32f3xx_hal_pwr.c ****   * @param Regulator Specifies the regulator state in STOP mode.
 332:Drivers/STM32F3xx_HAL_Driver/Src/stm32f3xx_hal_pwr.c ****   *          This parameter can be one of the following values:
ARM GAS  C:\Users\듈괥\AppData\Local\Temp\ccdjuKll.s 			page 18


 333:Drivers/STM32F3xx_HAL_Driver/Src/stm32f3xx_hal_pwr.c ****   *            @arg PWR_MAINREGULATOR_ON: STOP mode with regulator ON
 334:Drivers/STM32F3xx_HAL_Driver/Src/stm32f3xx_hal_pwr.c ****   *            @arg PWR_LOWPOWERREGULATOR_ON: STOP mode with low power regulator ON
 335:Drivers/STM32F3xx_HAL_Driver/Src/stm32f3xx_hal_pwr.c ****   * @param STOPEntry specifies if STOP mode in entered with WFI or WFE instruction.
 336:Drivers/STM32F3xx_HAL_Driver/Src/stm32f3xx_hal_pwr.c ****   *          This parameter can be one of the following values:
 337:Drivers/STM32F3xx_HAL_Driver/Src/stm32f3xx_hal_pwr.c ****   *            @arg PWR_STOPENTRY_WFI:Enter STOP mode with WFI instruction
 338:Drivers/STM32F3xx_HAL_Driver/Src/stm32f3xx_hal_pwr.c ****   *            @arg PWR_STOPENTRY_WFE: Enter STOP mode with WFE instruction
 339:Drivers/STM32F3xx_HAL_Driver/Src/stm32f3xx_hal_pwr.c ****   * @retval None
 340:Drivers/STM32F3xx_HAL_Driver/Src/stm32f3xx_hal_pwr.c ****   */
 341:Drivers/STM32F3xx_HAL_Driver/Src/stm32f3xx_hal_pwr.c **** void HAL_PWR_EnterSTOPMode(uint32_t Regulator, uint8_t STOPEntry)
 342:Drivers/STM32F3xx_HAL_Driver/Src/stm32f3xx_hal_pwr.c **** {
 244              		.loc 1 342 0
 245              		.cfi_startproc
 246              		@ args = 0, pretend = 0, frame = 0
 247              		@ frame_needed = 0, uses_anonymous_args = 0
 248              		@ link register save eliminated.
 249              	.LVL5:
 343:Drivers/STM32F3xx_HAL_Driver/Src/stm32f3xx_hal_pwr.c ****   uint32_t tmpreg = 0U;
 344:Drivers/STM32F3xx_HAL_Driver/Src/stm32f3xx_hal_pwr.c **** 
 345:Drivers/STM32F3xx_HAL_Driver/Src/stm32f3xx_hal_pwr.c ****   /* Check the parameters */
 346:Drivers/STM32F3xx_HAL_Driver/Src/stm32f3xx_hal_pwr.c ****   assert_param(IS_PWR_REGULATOR(Regulator));
 347:Drivers/STM32F3xx_HAL_Driver/Src/stm32f3xx_hal_pwr.c ****   assert_param(IS_PWR_STOP_ENTRY(STOPEntry));
 348:Drivers/STM32F3xx_HAL_Driver/Src/stm32f3xx_hal_pwr.c **** 
 349:Drivers/STM32F3xx_HAL_Driver/Src/stm32f3xx_hal_pwr.c ****   /* Select the regulator state in STOP mode ---------------------------------*/
 350:Drivers/STM32F3xx_HAL_Driver/Src/stm32f3xx_hal_pwr.c ****   tmpreg = PWR->CR;
 250              		.loc 1 350 0
 251 0000 0B4A     		ldr	r2, .L24
 252 0002 1368     		ldr	r3, [r2]
 253              	.LVL6:
 351:Drivers/STM32F3xx_HAL_Driver/Src/stm32f3xx_hal_pwr.c ****   
 352:Drivers/STM32F3xx_HAL_Driver/Src/stm32f3xx_hal_pwr.c ****   /* Clear PDDS and LPDS bits */
 353:Drivers/STM32F3xx_HAL_Driver/Src/stm32f3xx_hal_pwr.c ****   tmpreg &= (uint32_t)~(PWR_CR_PDDS | PWR_CR_LPDS);
 254              		.loc 1 353 0
 255 0004 23F00303 		bic	r3, r3, #3
 256              	.LVL7:
 354:Drivers/STM32F3xx_HAL_Driver/Src/stm32f3xx_hal_pwr.c **** 
 355:Drivers/STM32F3xx_HAL_Driver/Src/stm32f3xx_hal_pwr.c ****   /* Set LPDS bit according to Regulator value */
 356:Drivers/STM32F3xx_HAL_Driver/Src/stm32f3xx_hal_pwr.c ****   tmpreg |= Regulator;
 257              		.loc 1 356 0
 258 0008 1843     		orrs	r0, r0, r3
 259              	.LVL8:
 357:Drivers/STM32F3xx_HAL_Driver/Src/stm32f3xx_hal_pwr.c **** 
 358:Drivers/STM32F3xx_HAL_Driver/Src/stm32f3xx_hal_pwr.c ****   /* Store the new value */
 359:Drivers/STM32F3xx_HAL_Driver/Src/stm32f3xx_hal_pwr.c ****   PWR->CR = tmpreg;
 260              		.loc 1 359 0
 261 000a 1060     		str	r0, [r2]
 360:Drivers/STM32F3xx_HAL_Driver/Src/stm32f3xx_hal_pwr.c **** 
 361:Drivers/STM32F3xx_HAL_Driver/Src/stm32f3xx_hal_pwr.c ****   /* Set SLEEPDEEP bit of Cortex System Control Register */
 362:Drivers/STM32F3xx_HAL_Driver/Src/stm32f3xx_hal_pwr.c ****   SCB->SCR |= SCB_SCR_SLEEPDEEP_Msk;
 262              		.loc 1 362 0
 263 000c 094A     		ldr	r2, .L24+4
 264 000e 1369     		ldr	r3, [r2, #16]
 265 0010 43F00403 		orr	r3, r3, #4
 266 0014 1361     		str	r3, [r2, #16]
 363:Drivers/STM32F3xx_HAL_Driver/Src/stm32f3xx_hal_pwr.c **** 
 364:Drivers/STM32F3xx_HAL_Driver/Src/stm32f3xx_hal_pwr.c ****   /* Select STOP mode entry --------------------------------------------------*/
 365:Drivers/STM32F3xx_HAL_Driver/Src/stm32f3xx_hal_pwr.c ****   if(STOPEntry == PWR_STOPENTRY_WFI)
 267              		.loc 1 365 0
ARM GAS  C:\Users\듈괥\AppData\Local\Temp\ccdjuKll.s 			page 19


 268 0016 0129     		cmp	r1, #1
 269 0018 01D1     		bne	.L22
 270              	.LBB28:
 271              	.LBB29:
 385:Drivers/CMSIS/Include/cmsis_gcc.h **** }
 272              		.loc 2 385 0
 273              		.syntax unified
 274              	@ 385 "Drivers/CMSIS/Include/cmsis_gcc.h" 1
 275 001a 30BF     		wfi
 276              	@ 0 "" 2
 277              		.thumb
 278              		.syntax unified
 279 001c 02E0     		b	.L23
 280              	.L22:
 281              	.LBE29:
 282              	.LBE28:
 283              	.LBB30:
 284              	.LBB31:
 285              		.loc 2 406 0
 286              		.syntax unified
 287              	@ 406 "Drivers/CMSIS/Include/cmsis_gcc.h" 1
 288 001e 40BF     		sev
 289              	@ 0 "" 2
 290              		.thumb
 291              		.syntax unified
 292              	.LBE31:
 293              	.LBE30:
 294              	.LBB32:
 295              	.LBB33:
 396:Drivers/CMSIS/Include/cmsis_gcc.h **** }
 296              		.loc 2 396 0
 297              		.syntax unified
 298              	@ 396 "Drivers/CMSIS/Include/cmsis_gcc.h" 1
 299 0020 20BF     		wfe
 300              	@ 0 "" 2
 301              		.thumb
 302              		.syntax unified
 303              	.LBE33:
 304              	.LBE32:
 305              	.LBB34:
 306              	.LBB35:
 307              		.syntax unified
 308              	@ 396 "Drivers/CMSIS/Include/cmsis_gcc.h" 1
 309 0022 20BF     		wfe
 310              	@ 0 "" 2
 311              		.thumb
 312              		.syntax unified
 313              	.L23:
 314              	.LBE35:
 315              	.LBE34:
 366:Drivers/STM32F3xx_HAL_Driver/Src/stm32f3xx_hal_pwr.c ****   {
 367:Drivers/STM32F3xx_HAL_Driver/Src/stm32f3xx_hal_pwr.c ****     /* Request Wait For Interrupt */
 368:Drivers/STM32F3xx_HAL_Driver/Src/stm32f3xx_hal_pwr.c ****     __WFI();
 369:Drivers/STM32F3xx_HAL_Driver/Src/stm32f3xx_hal_pwr.c ****   }
 370:Drivers/STM32F3xx_HAL_Driver/Src/stm32f3xx_hal_pwr.c ****   else
 371:Drivers/STM32F3xx_HAL_Driver/Src/stm32f3xx_hal_pwr.c ****   {
 372:Drivers/STM32F3xx_HAL_Driver/Src/stm32f3xx_hal_pwr.c ****     /* Request Wait For Event */
ARM GAS  C:\Users\듈괥\AppData\Local\Temp\ccdjuKll.s 			page 20


 373:Drivers/STM32F3xx_HAL_Driver/Src/stm32f3xx_hal_pwr.c ****     __SEV();
 374:Drivers/STM32F3xx_HAL_Driver/Src/stm32f3xx_hal_pwr.c ****     __WFE();
 375:Drivers/STM32F3xx_HAL_Driver/Src/stm32f3xx_hal_pwr.c ****     __WFE();
 376:Drivers/STM32F3xx_HAL_Driver/Src/stm32f3xx_hal_pwr.c ****   }
 377:Drivers/STM32F3xx_HAL_Driver/Src/stm32f3xx_hal_pwr.c **** 
 378:Drivers/STM32F3xx_HAL_Driver/Src/stm32f3xx_hal_pwr.c ****   /* Reset SLEEPDEEP bit of Cortex System Control Register */
 379:Drivers/STM32F3xx_HAL_Driver/Src/stm32f3xx_hal_pwr.c ****   SCB->SCR &= (uint32_t)~((uint32_t)SCB_SCR_SLEEPDEEP_Msk);
 316              		.loc 1 379 0
 317 0024 034A     		ldr	r2, .L24+4
 318 0026 1369     		ldr	r3, [r2, #16]
 319 0028 23F00403 		bic	r3, r3, #4
 320 002c 1361     		str	r3, [r2, #16]
 321 002e 7047     		bx	lr
 322              	.L25:
 323              		.align	2
 324              	.L24:
 325 0030 00700040 		.word	1073770496
 326 0034 00ED00E0 		.word	-536810240
 327              		.cfi_endproc
 328              	.LFE130:
 330              		.section	.text.HAL_PWR_EnterSTANDBYMode,"ax",%progbits
 331              		.align	2
 332              		.global	HAL_PWR_EnterSTANDBYMode
 333              		.thumb
 334              		.thumb_func
 336              	HAL_PWR_EnterSTANDBYMode:
 337              	.LFB131:
 380:Drivers/STM32F3xx_HAL_Driver/Src/stm32f3xx_hal_pwr.c **** }
 381:Drivers/STM32F3xx_HAL_Driver/Src/stm32f3xx_hal_pwr.c **** 
 382:Drivers/STM32F3xx_HAL_Driver/Src/stm32f3xx_hal_pwr.c **** /**
 383:Drivers/STM32F3xx_HAL_Driver/Src/stm32f3xx_hal_pwr.c ****   * @brief Enters STANDBY mode.
 384:Drivers/STM32F3xx_HAL_Driver/Src/stm32f3xx_hal_pwr.c ****   * @note  In Standby mode, all I/O pins are high impedance except for:
 385:Drivers/STM32F3xx_HAL_Driver/Src/stm32f3xx_hal_pwr.c ****   *          - Reset pad (still available), 
 386:Drivers/STM32F3xx_HAL_Driver/Src/stm32f3xx_hal_pwr.c ****   *          - RTC alternate function pins if configured for tamper, time-stamp, RTC
 387:Drivers/STM32F3xx_HAL_Driver/Src/stm32f3xx_hal_pwr.c ****   *            Alarm out, or RTC clock calibration out, 
 388:Drivers/STM32F3xx_HAL_Driver/Src/stm32f3xx_hal_pwr.c ****   *          - WKUP pins if enabled.
 389:Drivers/STM32F3xx_HAL_Driver/Src/stm32f3xx_hal_pwr.c ****   * @retval None
 390:Drivers/STM32F3xx_HAL_Driver/Src/stm32f3xx_hal_pwr.c ****   */
 391:Drivers/STM32F3xx_HAL_Driver/Src/stm32f3xx_hal_pwr.c **** void HAL_PWR_EnterSTANDBYMode(void)
 392:Drivers/STM32F3xx_HAL_Driver/Src/stm32f3xx_hal_pwr.c **** {
 338              		.loc 1 392 0
 339              		.cfi_startproc
 340              		@ args = 0, pretend = 0, frame = 0
 341              		@ frame_needed = 0, uses_anonymous_args = 0
 342              		@ link register save eliminated.
 393:Drivers/STM32F3xx_HAL_Driver/Src/stm32f3xx_hal_pwr.c ****   /* Select STANDBY mode */
 394:Drivers/STM32F3xx_HAL_Driver/Src/stm32f3xx_hal_pwr.c ****   PWR->CR |= PWR_CR_PDDS;
 343              		.loc 1 394 0
 344 0000 054A     		ldr	r2, .L27
 345 0002 1368     		ldr	r3, [r2]
 346 0004 43F00203 		orr	r3, r3, #2
 347 0008 1360     		str	r3, [r2]
 395:Drivers/STM32F3xx_HAL_Driver/Src/stm32f3xx_hal_pwr.c **** 
 396:Drivers/STM32F3xx_HAL_Driver/Src/stm32f3xx_hal_pwr.c ****   /* Set SLEEPDEEP bit of Cortex System Control Register */
 397:Drivers/STM32F3xx_HAL_Driver/Src/stm32f3xx_hal_pwr.c ****   SCB->SCR |= SCB_SCR_SLEEPDEEP_Msk;
 348              		.loc 1 397 0
 349 000a 044A     		ldr	r2, .L27+4
ARM GAS  C:\Users\듈괥\AppData\Local\Temp\ccdjuKll.s 			page 21


 350 000c 1369     		ldr	r3, [r2, #16]
 351 000e 43F00403 		orr	r3, r3, #4
 352 0012 1361     		str	r3, [r2, #16]
 353              	.LBB36:
 354              	.LBB37:
 385:Drivers/CMSIS/Include/cmsis_gcc.h **** }
 355              		.loc 2 385 0
 356              		.syntax unified
 357              	@ 385 "Drivers/CMSIS/Include/cmsis_gcc.h" 1
 358 0014 30BF     		wfi
 359              	@ 0 "" 2
 360              		.thumb
 361              		.syntax unified
 362 0016 7047     		bx	lr
 363              	.L28:
 364              		.align	2
 365              	.L27:
 366 0018 00700040 		.word	1073770496
 367 001c 00ED00E0 		.word	-536810240
 368              	.LBE37:
 369              	.LBE36:
 370              		.cfi_endproc
 371              	.LFE131:
 373              		.section	.text.HAL_PWR_EnableSleepOnExit,"ax",%progbits
 374              		.align	2
 375              		.global	HAL_PWR_EnableSleepOnExit
 376              		.thumb
 377              		.thumb_func
 379              	HAL_PWR_EnableSleepOnExit:
 380              	.LFB132:
 398:Drivers/STM32F3xx_HAL_Driver/Src/stm32f3xx_hal_pwr.c **** 
 399:Drivers/STM32F3xx_HAL_Driver/Src/stm32f3xx_hal_pwr.c ****   /* This option is used to ensure that store operations are completed */
 400:Drivers/STM32F3xx_HAL_Driver/Src/stm32f3xx_hal_pwr.c **** #if defined ( __CC_ARM)
 401:Drivers/STM32F3xx_HAL_Driver/Src/stm32f3xx_hal_pwr.c ****   __force_stores();
 402:Drivers/STM32F3xx_HAL_Driver/Src/stm32f3xx_hal_pwr.c **** #endif
 403:Drivers/STM32F3xx_HAL_Driver/Src/stm32f3xx_hal_pwr.c ****   /* Request Wait For Interrupt */
 404:Drivers/STM32F3xx_HAL_Driver/Src/stm32f3xx_hal_pwr.c ****   __WFI();
 405:Drivers/STM32F3xx_HAL_Driver/Src/stm32f3xx_hal_pwr.c **** }
 406:Drivers/STM32F3xx_HAL_Driver/Src/stm32f3xx_hal_pwr.c **** 
 407:Drivers/STM32F3xx_HAL_Driver/Src/stm32f3xx_hal_pwr.c **** /**
 408:Drivers/STM32F3xx_HAL_Driver/Src/stm32f3xx_hal_pwr.c ****   * @brief Indicates Sleep-On-Exit when returning from Handler mode to Thread mode. 
 409:Drivers/STM32F3xx_HAL_Driver/Src/stm32f3xx_hal_pwr.c ****   * @note Set SLEEPONEXIT bit of SCR register. When this bit is set, the processor 
 410:Drivers/STM32F3xx_HAL_Driver/Src/stm32f3xx_hal_pwr.c ****   *       re-enters SLEEP mode when an interruption handling is over.
 411:Drivers/STM32F3xx_HAL_Driver/Src/stm32f3xx_hal_pwr.c ****   *       Setting this bit is useful when the processor is expected to run only on
 412:Drivers/STM32F3xx_HAL_Driver/Src/stm32f3xx_hal_pwr.c ****   *       interruptions handling.         
 413:Drivers/STM32F3xx_HAL_Driver/Src/stm32f3xx_hal_pwr.c ****   * @retval None
 414:Drivers/STM32F3xx_HAL_Driver/Src/stm32f3xx_hal_pwr.c ****   */
 415:Drivers/STM32F3xx_HAL_Driver/Src/stm32f3xx_hal_pwr.c **** void HAL_PWR_EnableSleepOnExit(void)
 416:Drivers/STM32F3xx_HAL_Driver/Src/stm32f3xx_hal_pwr.c **** {
 381              		.loc 1 416 0
 382              		.cfi_startproc
 383              		@ args = 0, pretend = 0, frame = 0
 384              		@ frame_needed = 0, uses_anonymous_args = 0
 385              		@ link register save eliminated.
 417:Drivers/STM32F3xx_HAL_Driver/Src/stm32f3xx_hal_pwr.c ****   /* Set SLEEPONEXIT bit of Cortex System Control Register */
 418:Drivers/STM32F3xx_HAL_Driver/Src/stm32f3xx_hal_pwr.c ****   SET_BIT(SCB->SCR, ((uint32_t)SCB_SCR_SLEEPONEXIT_Msk));
 386              		.loc 1 418 0
ARM GAS  C:\Users\듈괥\AppData\Local\Temp\ccdjuKll.s 			page 22


 387 0000 024A     		ldr	r2, .L30
 388 0002 1369     		ldr	r3, [r2, #16]
 389 0004 43F00203 		orr	r3, r3, #2
 390 0008 1361     		str	r3, [r2, #16]
 391 000a 7047     		bx	lr
 392              	.L31:
 393              		.align	2
 394              	.L30:
 395 000c 00ED00E0 		.word	-536810240
 396              		.cfi_endproc
 397              	.LFE132:
 399              		.section	.text.HAL_PWR_DisableSleepOnExit,"ax",%progbits
 400              		.align	2
 401              		.global	HAL_PWR_DisableSleepOnExit
 402              		.thumb
 403              		.thumb_func
 405              	HAL_PWR_DisableSleepOnExit:
 406              	.LFB133:
 419:Drivers/STM32F3xx_HAL_Driver/Src/stm32f3xx_hal_pwr.c **** }
 420:Drivers/STM32F3xx_HAL_Driver/Src/stm32f3xx_hal_pwr.c **** 
 421:Drivers/STM32F3xx_HAL_Driver/Src/stm32f3xx_hal_pwr.c **** 
 422:Drivers/STM32F3xx_HAL_Driver/Src/stm32f3xx_hal_pwr.c **** /**
 423:Drivers/STM32F3xx_HAL_Driver/Src/stm32f3xx_hal_pwr.c ****   * @brief Disables Sleep-On-Exit feature when returning from Handler mode to Thread mode. 
 424:Drivers/STM32F3xx_HAL_Driver/Src/stm32f3xx_hal_pwr.c ****   * @note Clears SLEEPONEXIT bit of SCR register. When this bit is set, the processor 
 425:Drivers/STM32F3xx_HAL_Driver/Src/stm32f3xx_hal_pwr.c ****   *       re-enters SLEEP mode when an interruption handling is over.          
 426:Drivers/STM32F3xx_HAL_Driver/Src/stm32f3xx_hal_pwr.c ****   * @retval None
 427:Drivers/STM32F3xx_HAL_Driver/Src/stm32f3xx_hal_pwr.c ****   */
 428:Drivers/STM32F3xx_HAL_Driver/Src/stm32f3xx_hal_pwr.c **** void HAL_PWR_DisableSleepOnExit(void)
 429:Drivers/STM32F3xx_HAL_Driver/Src/stm32f3xx_hal_pwr.c **** {
 407              		.loc 1 429 0
 408              		.cfi_startproc
 409              		@ args = 0, pretend = 0, frame = 0
 410              		@ frame_needed = 0, uses_anonymous_args = 0
 411              		@ link register save eliminated.
 430:Drivers/STM32F3xx_HAL_Driver/Src/stm32f3xx_hal_pwr.c ****   /* Clear SLEEPONEXIT bit of Cortex System Control Register */
 431:Drivers/STM32F3xx_HAL_Driver/Src/stm32f3xx_hal_pwr.c ****   CLEAR_BIT(SCB->SCR, ((uint32_t)SCB_SCR_SLEEPONEXIT_Msk));
 412              		.loc 1 431 0
 413 0000 024A     		ldr	r2, .L33
 414 0002 1369     		ldr	r3, [r2, #16]
 415 0004 23F00203 		bic	r3, r3, #2
 416 0008 1361     		str	r3, [r2, #16]
 417 000a 7047     		bx	lr
 418              	.L34:
 419              		.align	2
 420              	.L33:
 421 000c 00ED00E0 		.word	-536810240
 422              		.cfi_endproc
 423              	.LFE133:
 425              		.section	.text.HAL_PWR_EnableSEVOnPend,"ax",%progbits
 426              		.align	2
 427              		.global	HAL_PWR_EnableSEVOnPend
 428              		.thumb
 429              		.thumb_func
 431              	HAL_PWR_EnableSEVOnPend:
 432              	.LFB134:
 432:Drivers/STM32F3xx_HAL_Driver/Src/stm32f3xx_hal_pwr.c **** }
 433:Drivers/STM32F3xx_HAL_Driver/Src/stm32f3xx_hal_pwr.c **** 
ARM GAS  C:\Users\듈괥\AppData\Local\Temp\ccdjuKll.s 			page 23


 434:Drivers/STM32F3xx_HAL_Driver/Src/stm32f3xx_hal_pwr.c **** 
 435:Drivers/STM32F3xx_HAL_Driver/Src/stm32f3xx_hal_pwr.c **** 
 436:Drivers/STM32F3xx_HAL_Driver/Src/stm32f3xx_hal_pwr.c **** /**
 437:Drivers/STM32F3xx_HAL_Driver/Src/stm32f3xx_hal_pwr.c ****   * @brief Enables CORTEX M4 SEVONPEND bit. 
 438:Drivers/STM32F3xx_HAL_Driver/Src/stm32f3xx_hal_pwr.c ****   * @note Sets SEVONPEND bit of SCR register. When this bit is set, this causes 
 439:Drivers/STM32F3xx_HAL_Driver/Src/stm32f3xx_hal_pwr.c ****   *       WFE to wake up when an interrupt moves from inactive to pended.
 440:Drivers/STM32F3xx_HAL_Driver/Src/stm32f3xx_hal_pwr.c ****   * @retval None
 441:Drivers/STM32F3xx_HAL_Driver/Src/stm32f3xx_hal_pwr.c ****   */
 442:Drivers/STM32F3xx_HAL_Driver/Src/stm32f3xx_hal_pwr.c **** void HAL_PWR_EnableSEVOnPend(void)
 443:Drivers/STM32F3xx_HAL_Driver/Src/stm32f3xx_hal_pwr.c **** {
 433              		.loc 1 443 0
 434              		.cfi_startproc
 435              		@ args = 0, pretend = 0, frame = 0
 436              		@ frame_needed = 0, uses_anonymous_args = 0
 437              		@ link register save eliminated.
 444:Drivers/STM32F3xx_HAL_Driver/Src/stm32f3xx_hal_pwr.c ****   /* Set SEVONPEND bit of Cortex System Control Register */
 445:Drivers/STM32F3xx_HAL_Driver/Src/stm32f3xx_hal_pwr.c ****   SET_BIT(SCB->SCR, ((uint32_t)SCB_SCR_SEVONPEND_Msk));
 438              		.loc 1 445 0
 439 0000 024A     		ldr	r2, .L36
 440 0002 1369     		ldr	r3, [r2, #16]
 441 0004 43F01003 		orr	r3, r3, #16
 442 0008 1361     		str	r3, [r2, #16]
 443 000a 7047     		bx	lr
 444              	.L37:
 445              		.align	2
 446              	.L36:
 447 000c 00ED00E0 		.word	-536810240
 448              		.cfi_endproc
 449              	.LFE134:
 451              		.section	.text.HAL_PWR_DisableSEVOnPend,"ax",%progbits
 452              		.align	2
 453              		.global	HAL_PWR_DisableSEVOnPend
 454              		.thumb
 455              		.thumb_func
 457              	HAL_PWR_DisableSEVOnPend:
 458              	.LFB135:
 446:Drivers/STM32F3xx_HAL_Driver/Src/stm32f3xx_hal_pwr.c **** }
 447:Drivers/STM32F3xx_HAL_Driver/Src/stm32f3xx_hal_pwr.c **** 
 448:Drivers/STM32F3xx_HAL_Driver/Src/stm32f3xx_hal_pwr.c **** 
 449:Drivers/STM32F3xx_HAL_Driver/Src/stm32f3xx_hal_pwr.c **** /**
 450:Drivers/STM32F3xx_HAL_Driver/Src/stm32f3xx_hal_pwr.c ****   * @brief Disables CORTEX M4 SEVONPEND bit. 
 451:Drivers/STM32F3xx_HAL_Driver/Src/stm32f3xx_hal_pwr.c ****   * @note Clears SEVONPEND bit of SCR register. When this bit is set, this causes 
 452:Drivers/STM32F3xx_HAL_Driver/Src/stm32f3xx_hal_pwr.c ****   *       WFE to wake up when an interrupt moves from inactive to pended.         
 453:Drivers/STM32F3xx_HAL_Driver/Src/stm32f3xx_hal_pwr.c ****   * @retval None
 454:Drivers/STM32F3xx_HAL_Driver/Src/stm32f3xx_hal_pwr.c ****   */
 455:Drivers/STM32F3xx_HAL_Driver/Src/stm32f3xx_hal_pwr.c **** void HAL_PWR_DisableSEVOnPend(void)
 456:Drivers/STM32F3xx_HAL_Driver/Src/stm32f3xx_hal_pwr.c **** {
 459              		.loc 1 456 0
 460              		.cfi_startproc
 461              		@ args = 0, pretend = 0, frame = 0
 462              		@ frame_needed = 0, uses_anonymous_args = 0
 463              		@ link register save eliminated.
 457:Drivers/STM32F3xx_HAL_Driver/Src/stm32f3xx_hal_pwr.c ****   /* Clear SEVONPEND bit of Cortex System Control Register */
 458:Drivers/STM32F3xx_HAL_Driver/Src/stm32f3xx_hal_pwr.c ****   CLEAR_BIT(SCB->SCR, ((uint32_t)SCB_SCR_SEVONPEND_Msk));
 464              		.loc 1 458 0
 465 0000 024A     		ldr	r2, .L39
 466 0002 1369     		ldr	r3, [r2, #16]
ARM GAS  C:\Users\듈괥\AppData\Local\Temp\ccdjuKll.s 			page 24


 467 0004 23F01003 		bic	r3, r3, #16
 468 0008 1361     		str	r3, [r2, #16]
 469 000a 7047     		bx	lr
 470              	.L40:
 471              		.align	2
 472              	.L39:
 473 000c 00ED00E0 		.word	-536810240
 474              		.cfi_endproc
 475              	.LFE135:
 477              		.text
 478              	.Letext0:
 479              		.file 3 "c:\\program files (x86)\\gnu tools arm embedded\\5.4 2016q3\\arm-none-eabi\\include\\mach
 480              		.file 4 "c:\\program files (x86)\\gnu tools arm embedded\\5.4 2016q3\\arm-none-eabi\\include\\sys\
 481              		.file 5 "Drivers/CMSIS/Include/core_cm4.h"
 482              		.file 6 "Drivers/CMSIS/Device/ST/STM32F3xx/Include/stm32f303x8.h"
ARM GAS  C:\Users\듈괥\AppData\Local\Temp\ccdjuKll.s 			page 25


DEFINED SYMBOLS
                            *ABS*:00000000 stm32f3xx_hal_pwr.c
C:\Users\듈괥\AppData\Local\Temp\ccdjuKll.s:22     .text.HAL_PWR_DeInit:00000000 $t
C:\Users\듈괥\AppData\Local\Temp\ccdjuKll.s:27     .text.HAL_PWR_DeInit:00000000 HAL_PWR_DeInit
C:\Users\듈괥\AppData\Local\Temp\ccdjuKll.s:48     .text.HAL_PWR_DeInit:00000014 $d
C:\Users\듈괥\AppData\Local\Temp\ccdjuKll.s:53     .text.HAL_PWR_EnableBkUpAccess:00000000 $t
C:\Users\듈괥\AppData\Local\Temp\ccdjuKll.s:58     .text.HAL_PWR_EnableBkUpAccess:00000000 HAL_PWR_EnableBkUpAccess
C:\Users\듈괥\AppData\Local\Temp\ccdjuKll.s:74     .text.HAL_PWR_EnableBkUpAccess:0000000c $d
C:\Users\듈괥\AppData\Local\Temp\ccdjuKll.s:79     .text.HAL_PWR_DisableBkUpAccess:00000000 $t
C:\Users\듈괥\AppData\Local\Temp\ccdjuKll.s:84     .text.HAL_PWR_DisableBkUpAccess:00000000 HAL_PWR_DisableBkUpAccess
C:\Users\듈괥\AppData\Local\Temp\ccdjuKll.s:100    .text.HAL_PWR_DisableBkUpAccess:0000000c $d
C:\Users\듈괥\AppData\Local\Temp\ccdjuKll.s:105    .text.HAL_PWR_EnableWakeUpPin:00000000 $t
C:\Users\듈괥\AppData\Local\Temp\ccdjuKll.s:110    .text.HAL_PWR_EnableWakeUpPin:00000000 HAL_PWR_EnableWakeUpPin
C:\Users\듈괥\AppData\Local\Temp\ccdjuKll.s:128    .text.HAL_PWR_EnableWakeUpPin:0000000c $d
C:\Users\듈괥\AppData\Local\Temp\ccdjuKll.s:133    .text.HAL_PWR_DisableWakeUpPin:00000000 $t
C:\Users\듈괥\AppData\Local\Temp\ccdjuKll.s:138    .text.HAL_PWR_DisableWakeUpPin:00000000 HAL_PWR_DisableWakeUpPin
C:\Users\듈괥\AppData\Local\Temp\ccdjuKll.s:156    .text.HAL_PWR_DisableWakeUpPin:0000000c $d
C:\Users\듈괥\AppData\Local\Temp\ccdjuKll.s:161    .text.HAL_PWR_EnterSLEEPMode:00000000 $t
C:\Users\듈괥\AppData\Local\Temp\ccdjuKll.s:166    .text.HAL_PWR_EnterSLEEPMode:00000000 HAL_PWR_EnterSLEEPMode
C:\Users\듈괥\AppData\Local\Temp\ccdjuKll.s:230    .text.HAL_PWR_EnterSLEEPMode:0000001c $d
C:\Users\듈괥\AppData\Local\Temp\ccdjuKll.s:237    .text.HAL_PWR_EnterSTOPMode:00000000 $t
C:\Users\듈괥\AppData\Local\Temp\ccdjuKll.s:242    .text.HAL_PWR_EnterSTOPMode:00000000 HAL_PWR_EnterSTOPMode
C:\Users\듈괥\AppData\Local\Temp\ccdjuKll.s:325    .text.HAL_PWR_EnterSTOPMode:00000030 $d
C:\Users\듈괥\AppData\Local\Temp\ccdjuKll.s:331    .text.HAL_PWR_EnterSTANDBYMode:00000000 $t
C:\Users\듈괥\AppData\Local\Temp\ccdjuKll.s:336    .text.HAL_PWR_EnterSTANDBYMode:00000000 HAL_PWR_EnterSTANDBYMode
C:\Users\듈괥\AppData\Local\Temp\ccdjuKll.s:366    .text.HAL_PWR_EnterSTANDBYMode:00000018 $d
C:\Users\듈괥\AppData\Local\Temp\ccdjuKll.s:374    .text.HAL_PWR_EnableSleepOnExit:00000000 $t
C:\Users\듈괥\AppData\Local\Temp\ccdjuKll.s:379    .text.HAL_PWR_EnableSleepOnExit:00000000 HAL_PWR_EnableSleepOnExit
C:\Users\듈괥\AppData\Local\Temp\ccdjuKll.s:395    .text.HAL_PWR_EnableSleepOnExit:0000000c $d
C:\Users\듈괥\AppData\Local\Temp\ccdjuKll.s:400    .text.HAL_PWR_DisableSleepOnExit:00000000 $t
C:\Users\듈괥\AppData\Local\Temp\ccdjuKll.s:405    .text.HAL_PWR_DisableSleepOnExit:00000000 HAL_PWR_DisableSleepOnExit
C:\Users\듈괥\AppData\Local\Temp\ccdjuKll.s:421    .text.HAL_PWR_DisableSleepOnExit:0000000c $d
C:\Users\듈괥\AppData\Local\Temp\ccdjuKll.s:426    .text.HAL_PWR_EnableSEVOnPend:00000000 $t
C:\Users\듈괥\AppData\Local\Temp\ccdjuKll.s:431    .text.HAL_PWR_EnableSEVOnPend:00000000 HAL_PWR_EnableSEVOnPend
C:\Users\듈괥\AppData\Local\Temp\ccdjuKll.s:447    .text.HAL_PWR_EnableSEVOnPend:0000000c $d
C:\Users\듈괥\AppData\Local\Temp\ccdjuKll.s:452    .text.HAL_PWR_DisableSEVOnPend:00000000 $t
C:\Users\듈괥\AppData\Local\Temp\ccdjuKll.s:457    .text.HAL_PWR_DisableSEVOnPend:00000000 HAL_PWR_DisableSEVOnPend
C:\Users\듈괥\AppData\Local\Temp\ccdjuKll.s:473    .text.HAL_PWR_DisableSEVOnPend:0000000c $d
                     .debug_frame:00000010 $d

NO UNDEFINED SYMBOLS
