ARM GAS  C:\Users\듈괥\AppData\Local\Temp\ccILilEI.s 			page 1


   1              		.syntax unified
   2              		.cpu cortex-m4
   3              		.eabi_attribute 27, 1
   4              		.eabi_attribute 28, 1
   5              		.fpu fpv4-sp-d16
   6              		.eabi_attribute 20, 1
   7              		.eabi_attribute 21, 1
   8              		.eabi_attribute 23, 3
   9              		.eabi_attribute 24, 1
  10              		.eabi_attribute 25, 1
  11              		.eabi_attribute 26, 1
  12              		.eabi_attribute 30, 1
  13              		.eabi_attribute 34, 1
  14              		.eabi_attribute 18, 4
  15              		.thumb
  16              		.syntax unified
  17              		.file	"stm32f3xx_hal_msp.c"
  18              		.text
  19              	.Ltext0:
  20              		.cfi_sections	.debug_frame
  21              		.section	.text.HAL_MspInit,"ax",%progbits
  22              		.align	2
  23              		.global	HAL_MspInit
  24              		.thumb
  25              		.thumb_func
  27              	HAL_MspInit:
  28              	.LFB124:
  29              		.file 1 "Src/stm32f3xx_hal_msp.c"
   1:Src/stm32f3xx_hal_msp.c **** /**
   2:Src/stm32f3xx_hal_msp.c ****   ******************************************************************************
   3:Src/stm32f3xx_hal_msp.c ****   * File Name          : stm32f3xx_hal_msp.c
   4:Src/stm32f3xx_hal_msp.c ****   * Description        : This file provides code for the MSP Initialization 
   5:Src/stm32f3xx_hal_msp.c ****   *                      and de-Initialization codes.
   6:Src/stm32f3xx_hal_msp.c ****   ******************************************************************************
   7:Src/stm32f3xx_hal_msp.c ****   ** This notice applies to any and all portions of this file
   8:Src/stm32f3xx_hal_msp.c ****   * that are not between comment pairs USER CODE BEGIN and
   9:Src/stm32f3xx_hal_msp.c ****   * USER CODE END. Other portions of this file, whether 
  10:Src/stm32f3xx_hal_msp.c ****   * inserted by the user or by software development tools
  11:Src/stm32f3xx_hal_msp.c ****   * are owned by their respective copyright owners.
  12:Src/stm32f3xx_hal_msp.c ****   *
  13:Src/stm32f3xx_hal_msp.c ****   * COPYRIGHT(c) 2018 STMicroelectronics
  14:Src/stm32f3xx_hal_msp.c ****   *
  15:Src/stm32f3xx_hal_msp.c ****   * Redistribution and use in source and binary forms, with or without modification,
  16:Src/stm32f3xx_hal_msp.c ****   * are permitted provided that the following conditions are met:
  17:Src/stm32f3xx_hal_msp.c ****   *   1. Redistributions of source code must retain the above copyright notice,
  18:Src/stm32f3xx_hal_msp.c ****   *      this list of conditions and the following disclaimer.
  19:Src/stm32f3xx_hal_msp.c ****   *   2. Redistributions in binary form must reproduce the above copyright notice,
  20:Src/stm32f3xx_hal_msp.c ****   *      this list of conditions and the following disclaimer in the documentation
  21:Src/stm32f3xx_hal_msp.c ****   *      and/or other materials provided with the distribution.
  22:Src/stm32f3xx_hal_msp.c ****   *   3. Neither the name of STMicroelectronics nor the names of its contributors
  23:Src/stm32f3xx_hal_msp.c ****   *      may be used to endorse or promote products derived from this software
  24:Src/stm32f3xx_hal_msp.c ****   *      without specific prior written permission.
  25:Src/stm32f3xx_hal_msp.c ****   *
  26:Src/stm32f3xx_hal_msp.c ****   * THIS SOFTWARE IS PROVIDED BY THE COPYRIGHT HOLDERS AND CONTRIBUTORS "AS IS"
  27:Src/stm32f3xx_hal_msp.c ****   * AND ANY EXPRESS OR IMPLIED WARRANTIES, INCLUDING, BUT NOT LIMITED TO, THE
  28:Src/stm32f3xx_hal_msp.c ****   * IMPLIED WARRANTIES OF MERCHANTABILITY AND FITNESS FOR A PARTICULAR PURPOSE ARE
  29:Src/stm32f3xx_hal_msp.c ****   * DISCLAIMED. IN NO EVENT SHALL THE COPYRIGHT HOLDER OR CONTRIBUTORS BE LIABLE
ARM GAS  C:\Users\듈괥\AppData\Local\Temp\ccILilEI.s 			page 2


  30:Src/stm32f3xx_hal_msp.c ****   * FOR ANY DIRECT, INDIRECT, INCIDENTAL, SPECIAL, EXEMPLARY, OR CONSEQUENTIAL
  31:Src/stm32f3xx_hal_msp.c ****   * DAMAGES (INCLUDING, BUT NOT LIMITED TO, PROCUREMENT OF SUBSTITUTE GOODS OR
  32:Src/stm32f3xx_hal_msp.c ****   * SERVICES; LOSS OF USE, DATA, OR PROFITS; OR BUSINESS INTERRUPTION) HOWEVER
  33:Src/stm32f3xx_hal_msp.c ****   * CAUSED AND ON ANY THEORY OF LIABILITY, WHETHER IN CONTRACT, STRICT LIABILITY,
  34:Src/stm32f3xx_hal_msp.c ****   * OR TORT (INCLUDING NEGLIGENCE OR OTHERWISE) ARISING IN ANY WAY OUT OF THE USE
  35:Src/stm32f3xx_hal_msp.c ****   * OF THIS SOFTWARE, EVEN IF ADVISED OF THE POSSIBILITY OF SUCH DAMAGE.
  36:Src/stm32f3xx_hal_msp.c ****   *
  37:Src/stm32f3xx_hal_msp.c ****   ******************************************************************************
  38:Src/stm32f3xx_hal_msp.c ****   */
  39:Src/stm32f3xx_hal_msp.c **** /* Includes ------------------------------------------------------------------*/
  40:Src/stm32f3xx_hal_msp.c **** #include "stm32f3xx_hal.h"
  41:Src/stm32f3xx_hal_msp.c **** 
  42:Src/stm32f3xx_hal_msp.c **** extern void _Error_Handler(char *, int);
  43:Src/stm32f3xx_hal_msp.c **** /* USER CODE BEGIN 0 */
  44:Src/stm32f3xx_hal_msp.c **** 
  45:Src/stm32f3xx_hal_msp.c **** /* USER CODE END 0 */
  46:Src/stm32f3xx_hal_msp.c **** /**
  47:Src/stm32f3xx_hal_msp.c ****   * Initializes the Global MSP.
  48:Src/stm32f3xx_hal_msp.c ****   */
  49:Src/stm32f3xx_hal_msp.c **** void HAL_MspInit(void)
  50:Src/stm32f3xx_hal_msp.c **** {
  30              		.loc 1 50 0
  31              		.cfi_startproc
  32              		@ args = 0, pretend = 0, frame = 8
  33              		@ frame_needed = 0, uses_anonymous_args = 0
  34 0000 00B5     		push	{lr}
  35              	.LCFI0:
  36              		.cfi_def_cfa_offset 4
  37              		.cfi_offset 14, -4
  38 0002 83B0     		sub	sp, sp, #12
  39              	.LCFI1:
  40              		.cfi_def_cfa_offset 16
  41              	.LBB2:
  51:Src/stm32f3xx_hal_msp.c ****   /* USER CODE BEGIN MspInit 0 */
  52:Src/stm32f3xx_hal_msp.c **** 
  53:Src/stm32f3xx_hal_msp.c ****   /* USER CODE END MspInit 0 */
  54:Src/stm32f3xx_hal_msp.c **** 
  55:Src/stm32f3xx_hal_msp.c ****   __HAL_RCC_SYSCFG_CLK_ENABLE();
  42              		.loc 1 55 0
  43 0004 1C4B     		ldr	r3, .L3
  44 0006 9A69     		ldr	r2, [r3, #24]
  45 0008 42F00102 		orr	r2, r2, #1
  46 000c 9A61     		str	r2, [r3, #24]
  47 000e 9B69     		ldr	r3, [r3, #24]
  48 0010 03F00103 		and	r3, r3, #1
  49 0014 0193     		str	r3, [sp, #4]
  50 0016 019B     		ldr	r3, [sp, #4]
  51              	.LBE2:
  56:Src/stm32f3xx_hal_msp.c **** 
  57:Src/stm32f3xx_hal_msp.c ****   HAL_NVIC_SetPriorityGrouping(NVIC_PRIORITYGROUP_4);
  52              		.loc 1 57 0
  53 0018 0320     		movs	r0, #3
  54 001a FFF7FEFF 		bl	HAL_NVIC_SetPriorityGrouping
  55              	.LVL0:
  58:Src/stm32f3xx_hal_msp.c **** 
  59:Src/stm32f3xx_hal_msp.c ****   /* System interrupt init*/
  60:Src/stm32f3xx_hal_msp.c ****   /* MemoryManagement_IRQn interrupt configuration */
ARM GAS  C:\Users\듈괥\AppData\Local\Temp\ccILilEI.s 			page 3


  61:Src/stm32f3xx_hal_msp.c ****   HAL_NVIC_SetPriority(MemoryManagement_IRQn, 0, 0);
  56              		.loc 1 61 0
  57 001e 0022     		movs	r2, #0
  58 0020 1146     		mov	r1, r2
  59 0022 6FF00B00 		mvn	r0, #11
  60 0026 FFF7FEFF 		bl	HAL_NVIC_SetPriority
  61              	.LVL1:
  62:Src/stm32f3xx_hal_msp.c ****   /* BusFault_IRQn interrupt configuration */
  63:Src/stm32f3xx_hal_msp.c ****   HAL_NVIC_SetPriority(BusFault_IRQn, 0, 0);
  62              		.loc 1 63 0
  63 002a 0022     		movs	r2, #0
  64 002c 1146     		mov	r1, r2
  65 002e 6FF00A00 		mvn	r0, #10
  66 0032 FFF7FEFF 		bl	HAL_NVIC_SetPriority
  67              	.LVL2:
  64:Src/stm32f3xx_hal_msp.c ****   /* UsageFault_IRQn interrupt configuration */
  65:Src/stm32f3xx_hal_msp.c ****   HAL_NVIC_SetPriority(UsageFault_IRQn, 0, 0);
  68              		.loc 1 65 0
  69 0036 0022     		movs	r2, #0
  70 0038 1146     		mov	r1, r2
  71 003a 6FF00900 		mvn	r0, #9
  72 003e FFF7FEFF 		bl	HAL_NVIC_SetPriority
  73              	.LVL3:
  66:Src/stm32f3xx_hal_msp.c ****   /* SVCall_IRQn interrupt configuration */
  67:Src/stm32f3xx_hal_msp.c ****   HAL_NVIC_SetPriority(SVCall_IRQn, 0, 0);
  74              		.loc 1 67 0
  75 0042 0022     		movs	r2, #0
  76 0044 1146     		mov	r1, r2
  77 0046 6FF00400 		mvn	r0, #4
  78 004a FFF7FEFF 		bl	HAL_NVIC_SetPriority
  79              	.LVL4:
  68:Src/stm32f3xx_hal_msp.c ****   /* DebugMonitor_IRQn interrupt configuration */
  69:Src/stm32f3xx_hal_msp.c ****   HAL_NVIC_SetPriority(DebugMonitor_IRQn, 0, 0);
  80              		.loc 1 69 0
  81 004e 0022     		movs	r2, #0
  82 0050 1146     		mov	r1, r2
  83 0052 6FF00300 		mvn	r0, #3
  84 0056 FFF7FEFF 		bl	HAL_NVIC_SetPriority
  85              	.LVL5:
  70:Src/stm32f3xx_hal_msp.c ****   /* PendSV_IRQn interrupt configuration */
  71:Src/stm32f3xx_hal_msp.c ****   HAL_NVIC_SetPriority(PendSV_IRQn, 0, 0);
  86              		.loc 1 71 0
  87 005a 0022     		movs	r2, #0
  88 005c 1146     		mov	r1, r2
  89 005e 6FF00100 		mvn	r0, #1
  90 0062 FFF7FEFF 		bl	HAL_NVIC_SetPriority
  91              	.LVL6:
  72:Src/stm32f3xx_hal_msp.c ****   /* SysTick_IRQn interrupt configuration */
  73:Src/stm32f3xx_hal_msp.c ****   HAL_NVIC_SetPriority(SysTick_IRQn, 0, 0);
  92              		.loc 1 73 0
  93 0066 0022     		movs	r2, #0
  94 0068 1146     		mov	r1, r2
  95 006a 4FF0FF30 		mov	r0, #-1
  96 006e FFF7FEFF 		bl	HAL_NVIC_SetPriority
  97              	.LVL7:
  74:Src/stm32f3xx_hal_msp.c **** 
  75:Src/stm32f3xx_hal_msp.c ****   /* USER CODE BEGIN MspInit 1 */
ARM GAS  C:\Users\듈괥\AppData\Local\Temp\ccILilEI.s 			page 4


  76:Src/stm32f3xx_hal_msp.c **** 
  77:Src/stm32f3xx_hal_msp.c ****   /* USER CODE END MspInit 1 */
  78:Src/stm32f3xx_hal_msp.c **** }
  98              		.loc 1 78 0
  99 0072 03B0     		add	sp, sp, #12
 100              	.LCFI2:
 101              		.cfi_def_cfa_offset 4
 102              		@ sp needed
 103 0074 5DF804FB 		ldr	pc, [sp], #4
 104              	.L4:
 105              		.align	2
 106              	.L3:
 107 0078 00100240 		.word	1073876992
 108              		.cfi_endproc
 109              	.LFE124:
 111              		.text
 112              	.Letext0:
 113              		.file 2 "c:\\program files (x86)\\gnu tools arm embedded\\5.4 2016q3\\arm-none-eabi\\include\\mach
 114              		.file 3 "c:\\program files (x86)\\gnu tools arm embedded\\5.4 2016q3\\arm-none-eabi\\include\\sys\
 115              		.file 4 "Drivers/CMSIS/Device/ST/STM32F3xx/Include/stm32f303x8.h"
 116              		.file 5 "Drivers/STM32F3xx_HAL_Driver/Inc/stm32f3xx_hal_cortex.h"
 117              		.file 6 "Drivers/CMSIS/Include/core_cm4.h"
ARM GAS  C:\Users\듈괥\AppData\Local\Temp\ccILilEI.s 			page 5


DEFINED SYMBOLS
                            *ABS*:00000000 stm32f3xx_hal_msp.c
C:\Users\듈괥\AppData\Local\Temp\ccILilEI.s:22     .text.HAL_MspInit:00000000 $t
C:\Users\듈괥\AppData\Local\Temp\ccILilEI.s:27     .text.HAL_MspInit:00000000 HAL_MspInit
C:\Users\듈괥\AppData\Local\Temp\ccILilEI.s:107    .text.HAL_MspInit:00000078 $d
                     .debug_frame:00000010 $d

UNDEFINED SYMBOLS
HAL_NVIC_SetPriorityGrouping
HAL_NVIC_SetPriority
