ARM GAS  C:\Users\듈괥\AppData\Local\Temp\cchz7KZK.s 			page 1


   1              		.syntax unified
   2              		.cpu cortex-m4
   3              		.eabi_attribute 27, 1
   4              		.eabi_attribute 28, 1
   5              		.fpu fpv4-sp-d16
   6              		.eabi_attribute 20, 1
   7              		.eabi_attribute 21, 1
   8              		.eabi_attribute 23, 3
   9              		.eabi_attribute 24, 1
  10              		.eabi_attribute 25, 1
  11              		.eabi_attribute 26, 1
  12              		.eabi_attribute 30, 1
  13              		.eabi_attribute 34, 1
  14              		.eabi_attribute 18, 4
  15              		.thumb
  16              		.syntax unified
  17              		.file	"stm32f3xx_it.c"
  18              		.text
  19              	.Ltext0:
  20              		.cfi_sections	.debug_frame
  21              		.section	.text.NMI_Handler,"ax",%progbits
  22              		.align	2
  23              		.global	NMI_Handler
  24              		.thumb
  25              		.thumb_func
  27              	NMI_Handler:
  28              	.LFB124:
  29              		.file 1 "Src/stm32f3xx_it.c"
   1:Src/stm32f3xx_it.c **** /**
   2:Src/stm32f3xx_it.c ****   ******************************************************************************
   3:Src/stm32f3xx_it.c ****   * @file    stm32f3xx_it.c
   4:Src/stm32f3xx_it.c ****   * @brief   Interrupt Service Routines.
   5:Src/stm32f3xx_it.c ****   ******************************************************************************
   6:Src/stm32f3xx_it.c ****   *
   7:Src/stm32f3xx_it.c ****   * COPYRIGHT(c) 2018 STMicroelectronics
   8:Src/stm32f3xx_it.c ****   *
   9:Src/stm32f3xx_it.c ****   * Redistribution and use in source and binary forms, with or without modification,
  10:Src/stm32f3xx_it.c ****   * are permitted provided that the following conditions are met:
  11:Src/stm32f3xx_it.c ****   *   1. Redistributions of source code must retain the above copyright notice,
  12:Src/stm32f3xx_it.c ****   *      this list of conditions and the following disclaimer.
  13:Src/stm32f3xx_it.c ****   *   2. Redistributions in binary form must reproduce the above copyright notice,
  14:Src/stm32f3xx_it.c ****   *      this list of conditions and the following disclaimer in the documentation
  15:Src/stm32f3xx_it.c ****   *      and/or other materials provided with the distribution.
  16:Src/stm32f3xx_it.c ****   *   3. Neither the name of STMicroelectronics nor the names of its contributors
  17:Src/stm32f3xx_it.c ****   *      may be used to endorse or promote products derived from this software
  18:Src/stm32f3xx_it.c ****   *      without specific prior written permission.
  19:Src/stm32f3xx_it.c ****   *
  20:Src/stm32f3xx_it.c ****   * THIS SOFTWARE IS PROVIDED BY THE COPYRIGHT HOLDERS AND CONTRIBUTORS "AS IS"
  21:Src/stm32f3xx_it.c ****   * AND ANY EXPRESS OR IMPLIED WARRANTIES, INCLUDING, BUT NOT LIMITED TO, THE
  22:Src/stm32f3xx_it.c ****   * IMPLIED WARRANTIES OF MERCHANTABILITY AND FITNESS FOR A PARTICULAR PURPOSE ARE
  23:Src/stm32f3xx_it.c ****   * DISCLAIMED. IN NO EVENT SHALL THE COPYRIGHT HOLDER OR CONTRIBUTORS BE LIABLE
  24:Src/stm32f3xx_it.c ****   * FOR ANY DIRECT, INDIRECT, INCIDENTAL, SPECIAL, EXEMPLARY, OR CONSEQUENTIAL
  25:Src/stm32f3xx_it.c ****   * DAMAGES (INCLUDING, BUT NOT LIMITED TO, PROCUREMENT OF SUBSTITUTE GOODS OR
  26:Src/stm32f3xx_it.c ****   * SERVICES; LOSS OF USE, DATA, OR PROFITS; OR BUSINESS INTERRUPTION) HOWEVER
  27:Src/stm32f3xx_it.c ****   * CAUSED AND ON ANY THEORY OF LIABILITY, WHETHER IN CONTRACT, STRICT LIABILITY,
  28:Src/stm32f3xx_it.c ****   * OR TORT (INCLUDING NEGLIGENCE OR OTHERWISE) ARISING IN ANY WAY OUT OF THE USE
  29:Src/stm32f3xx_it.c ****   * OF THIS SOFTWARE, EVEN IF ADVISED OF THE POSSIBILITY OF SUCH DAMAGE.
ARM GAS  C:\Users\듈괥\AppData\Local\Temp\cchz7KZK.s 			page 2


  30:Src/stm32f3xx_it.c ****   *
  31:Src/stm32f3xx_it.c ****   ******************************************************************************
  32:Src/stm32f3xx_it.c ****   */
  33:Src/stm32f3xx_it.c **** /* Includes ------------------------------------------------------------------*/
  34:Src/stm32f3xx_it.c **** #include "stm32f3xx_hal.h"
  35:Src/stm32f3xx_it.c **** #include "stm32f3xx.h"
  36:Src/stm32f3xx_it.c **** #include "stm32f3xx_it.h"
  37:Src/stm32f3xx_it.c **** 
  38:Src/stm32f3xx_it.c **** /* USER CODE BEGIN 0 */
  39:Src/stm32f3xx_it.c **** 
  40:Src/stm32f3xx_it.c **** /* USER CODE END 0 */
  41:Src/stm32f3xx_it.c **** 
  42:Src/stm32f3xx_it.c **** /* External variables --------------------------------------------------------*/
  43:Src/stm32f3xx_it.c **** 
  44:Src/stm32f3xx_it.c **** /******************************************************************************/
  45:Src/stm32f3xx_it.c **** /*            Cortex-M4 Processor Interruption and Exception Handlers         */ 
  46:Src/stm32f3xx_it.c **** /******************************************************************************/
  47:Src/stm32f3xx_it.c **** 
  48:Src/stm32f3xx_it.c **** /**
  49:Src/stm32f3xx_it.c **** * @brief This function handles Non maskable interrupt.
  50:Src/stm32f3xx_it.c **** */
  51:Src/stm32f3xx_it.c **** void NMI_Handler(void)
  52:Src/stm32f3xx_it.c **** {
  30              		.loc 1 52 0
  31              		.cfi_startproc
  32              		@ args = 0, pretend = 0, frame = 0
  33              		@ frame_needed = 0, uses_anonymous_args = 0
  34              		@ link register save eliminated.
  35 0000 7047     		bx	lr
  36              		.cfi_endproc
  37              	.LFE124:
  39 0002 00BF     		.section	.text.HardFault_Handler,"ax",%progbits
  40              		.align	2
  41              		.global	HardFault_Handler
  42              		.thumb
  43              		.thumb_func
  45              	HardFault_Handler:
  46              	.LFB125:
  53:Src/stm32f3xx_it.c ****   /* USER CODE BEGIN NonMaskableInt_IRQn 0 */
  54:Src/stm32f3xx_it.c **** 
  55:Src/stm32f3xx_it.c ****   /* USER CODE END NonMaskableInt_IRQn 0 */
  56:Src/stm32f3xx_it.c ****   /* USER CODE BEGIN NonMaskableInt_IRQn 1 */
  57:Src/stm32f3xx_it.c **** 
  58:Src/stm32f3xx_it.c ****   /* USER CODE END NonMaskableInt_IRQn 1 */
  59:Src/stm32f3xx_it.c **** }
  60:Src/stm32f3xx_it.c **** 
  61:Src/stm32f3xx_it.c **** /**
  62:Src/stm32f3xx_it.c **** * @brief This function handles Hard fault interrupt.
  63:Src/stm32f3xx_it.c **** */
  64:Src/stm32f3xx_it.c **** void HardFault_Handler(void)
  65:Src/stm32f3xx_it.c **** {
  47              		.loc 1 65 0
  48              		.cfi_startproc
  49              		@ Volatile: function does not return.
  50              		@ args = 0, pretend = 0, frame = 0
  51              		@ frame_needed = 0, uses_anonymous_args = 0
  52              		@ link register save eliminated.
ARM GAS  C:\Users\듈괥\AppData\Local\Temp\cchz7KZK.s 			page 3


  53              	.L3:
  54 0000 FEE7     		b	.L3
  55              		.cfi_endproc
  56              	.LFE125:
  58 0002 00BF     		.section	.text.MemManage_Handler,"ax",%progbits
  59              		.align	2
  60              		.global	MemManage_Handler
  61              		.thumb
  62              		.thumb_func
  64              	MemManage_Handler:
  65              	.LFB126:
  66:Src/stm32f3xx_it.c ****   /* USER CODE BEGIN HardFault_IRQn 0 */
  67:Src/stm32f3xx_it.c **** 
  68:Src/stm32f3xx_it.c ****   /* USER CODE END HardFault_IRQn 0 */
  69:Src/stm32f3xx_it.c ****   while (1)
  70:Src/stm32f3xx_it.c ****   {
  71:Src/stm32f3xx_it.c ****   }
  72:Src/stm32f3xx_it.c ****   /* USER CODE BEGIN HardFault_IRQn 1 */
  73:Src/stm32f3xx_it.c **** 
  74:Src/stm32f3xx_it.c ****   /* USER CODE END HardFault_IRQn 1 */
  75:Src/stm32f3xx_it.c **** }
  76:Src/stm32f3xx_it.c **** 
  77:Src/stm32f3xx_it.c **** /**
  78:Src/stm32f3xx_it.c **** * @brief This function handles Memory management fault.
  79:Src/stm32f3xx_it.c **** */
  80:Src/stm32f3xx_it.c **** void MemManage_Handler(void)
  81:Src/stm32f3xx_it.c **** {
  66              		.loc 1 81 0
  67              		.cfi_startproc
  68              		@ Volatile: function does not return.
  69              		@ args = 0, pretend = 0, frame = 0
  70              		@ frame_needed = 0, uses_anonymous_args = 0
  71              		@ link register save eliminated.
  72              	.L5:
  73 0000 FEE7     		b	.L5
  74              		.cfi_endproc
  75              	.LFE126:
  77 0002 00BF     		.section	.text.BusFault_Handler,"ax",%progbits
  78              		.align	2
  79              		.global	BusFault_Handler
  80              		.thumb
  81              		.thumb_func
  83              	BusFault_Handler:
  84              	.LFB127:
  82:Src/stm32f3xx_it.c ****   /* USER CODE BEGIN MemoryManagement_IRQn 0 */
  83:Src/stm32f3xx_it.c **** 
  84:Src/stm32f3xx_it.c ****   /* USER CODE END MemoryManagement_IRQn 0 */
  85:Src/stm32f3xx_it.c ****   while (1)
  86:Src/stm32f3xx_it.c ****   {
  87:Src/stm32f3xx_it.c ****   }
  88:Src/stm32f3xx_it.c ****   /* USER CODE BEGIN MemoryManagement_IRQn 1 */
  89:Src/stm32f3xx_it.c **** 
  90:Src/stm32f3xx_it.c ****   /* USER CODE END MemoryManagement_IRQn 1 */
  91:Src/stm32f3xx_it.c **** }
  92:Src/stm32f3xx_it.c **** 
  93:Src/stm32f3xx_it.c **** /**
  94:Src/stm32f3xx_it.c **** * @brief This function handles Pre-fetch fault, memory access fault.
ARM GAS  C:\Users\듈괥\AppData\Local\Temp\cchz7KZK.s 			page 4


  95:Src/stm32f3xx_it.c **** */
  96:Src/stm32f3xx_it.c **** void BusFault_Handler(void)
  97:Src/stm32f3xx_it.c **** {
  85              		.loc 1 97 0
  86              		.cfi_startproc
  87              		@ Volatile: function does not return.
  88              		@ args = 0, pretend = 0, frame = 0
  89              		@ frame_needed = 0, uses_anonymous_args = 0
  90              		@ link register save eliminated.
  91              	.L7:
  92 0000 FEE7     		b	.L7
  93              		.cfi_endproc
  94              	.LFE127:
  96 0002 00BF     		.section	.text.UsageFault_Handler,"ax",%progbits
  97              		.align	2
  98              		.global	UsageFault_Handler
  99              		.thumb
 100              		.thumb_func
 102              	UsageFault_Handler:
 103              	.LFB128:
  98:Src/stm32f3xx_it.c ****   /* USER CODE BEGIN BusFault_IRQn 0 */
  99:Src/stm32f3xx_it.c **** 
 100:Src/stm32f3xx_it.c ****   /* USER CODE END BusFault_IRQn 0 */
 101:Src/stm32f3xx_it.c ****   while (1)
 102:Src/stm32f3xx_it.c ****   {
 103:Src/stm32f3xx_it.c ****   }
 104:Src/stm32f3xx_it.c ****   /* USER CODE BEGIN BusFault_IRQn 1 */
 105:Src/stm32f3xx_it.c **** 
 106:Src/stm32f3xx_it.c ****   /* USER CODE END BusFault_IRQn 1 */
 107:Src/stm32f3xx_it.c **** }
 108:Src/stm32f3xx_it.c **** 
 109:Src/stm32f3xx_it.c **** /**
 110:Src/stm32f3xx_it.c **** * @brief This function handles Undefined instruction or illegal state.
 111:Src/stm32f3xx_it.c **** */
 112:Src/stm32f3xx_it.c **** void UsageFault_Handler(void)
 113:Src/stm32f3xx_it.c **** {
 104              		.loc 1 113 0
 105              		.cfi_startproc
 106              		@ Volatile: function does not return.
 107              		@ args = 0, pretend = 0, frame = 0
 108              		@ frame_needed = 0, uses_anonymous_args = 0
 109              		@ link register save eliminated.
 110              	.L9:
 111 0000 FEE7     		b	.L9
 112              		.cfi_endproc
 113              	.LFE128:
 115 0002 00BF     		.section	.text.SVC_Handler,"ax",%progbits
 116              		.align	2
 117              		.global	SVC_Handler
 118              		.thumb
 119              		.thumb_func
 121              	SVC_Handler:
 122              	.LFB129:
 114:Src/stm32f3xx_it.c ****   /* USER CODE BEGIN UsageFault_IRQn 0 */
 115:Src/stm32f3xx_it.c **** 
 116:Src/stm32f3xx_it.c ****   /* USER CODE END UsageFault_IRQn 0 */
 117:Src/stm32f3xx_it.c ****   while (1)
ARM GAS  C:\Users\듈괥\AppData\Local\Temp\cchz7KZK.s 			page 5


 118:Src/stm32f3xx_it.c ****   {
 119:Src/stm32f3xx_it.c ****   }
 120:Src/stm32f3xx_it.c ****   /* USER CODE BEGIN UsageFault_IRQn 1 */
 121:Src/stm32f3xx_it.c **** 
 122:Src/stm32f3xx_it.c ****   /* USER CODE END UsageFault_IRQn 1 */
 123:Src/stm32f3xx_it.c **** }
 124:Src/stm32f3xx_it.c **** 
 125:Src/stm32f3xx_it.c **** /**
 126:Src/stm32f3xx_it.c **** * @brief This function handles System service call via SWI instruction.
 127:Src/stm32f3xx_it.c **** */
 128:Src/stm32f3xx_it.c **** void SVC_Handler(void)
 129:Src/stm32f3xx_it.c **** {
 123              		.loc 1 129 0
 124              		.cfi_startproc
 125              		@ args = 0, pretend = 0, frame = 0
 126              		@ frame_needed = 0, uses_anonymous_args = 0
 127              		@ link register save eliminated.
 128 0000 7047     		bx	lr
 129              		.cfi_endproc
 130              	.LFE129:
 132 0002 00BF     		.section	.text.DebugMon_Handler,"ax",%progbits
 133              		.align	2
 134              		.global	DebugMon_Handler
 135              		.thumb
 136              		.thumb_func
 138              	DebugMon_Handler:
 139              	.LFB130:
 130:Src/stm32f3xx_it.c ****   /* USER CODE BEGIN SVCall_IRQn 0 */
 131:Src/stm32f3xx_it.c **** 
 132:Src/stm32f3xx_it.c ****   /* USER CODE END SVCall_IRQn 0 */
 133:Src/stm32f3xx_it.c ****   /* USER CODE BEGIN SVCall_IRQn 1 */
 134:Src/stm32f3xx_it.c **** 
 135:Src/stm32f3xx_it.c ****   /* USER CODE END SVCall_IRQn 1 */
 136:Src/stm32f3xx_it.c **** }
 137:Src/stm32f3xx_it.c **** 
 138:Src/stm32f3xx_it.c **** /**
 139:Src/stm32f3xx_it.c **** * @brief This function handles Debug monitor.
 140:Src/stm32f3xx_it.c **** */
 141:Src/stm32f3xx_it.c **** void DebugMon_Handler(void)
 142:Src/stm32f3xx_it.c **** {
 140              		.loc 1 142 0
 141              		.cfi_startproc
 142              		@ args = 0, pretend = 0, frame = 0
 143              		@ frame_needed = 0, uses_anonymous_args = 0
 144              		@ link register save eliminated.
 145 0000 7047     		bx	lr
 146              		.cfi_endproc
 147              	.LFE130:
 149 0002 00BF     		.section	.text.PendSV_Handler,"ax",%progbits
 150              		.align	2
 151              		.global	PendSV_Handler
 152              		.thumb
 153              		.thumb_func
 155              	PendSV_Handler:
 156              	.LFB131:
 143:Src/stm32f3xx_it.c ****   /* USER CODE BEGIN DebugMonitor_IRQn 0 */
 144:Src/stm32f3xx_it.c **** 
ARM GAS  C:\Users\듈괥\AppData\Local\Temp\cchz7KZK.s 			page 6


 145:Src/stm32f3xx_it.c ****   /* USER CODE END DebugMonitor_IRQn 0 */
 146:Src/stm32f3xx_it.c ****   /* USER CODE BEGIN DebugMonitor_IRQn 1 */
 147:Src/stm32f3xx_it.c **** 
 148:Src/stm32f3xx_it.c ****   /* USER CODE END DebugMonitor_IRQn 1 */
 149:Src/stm32f3xx_it.c **** }
 150:Src/stm32f3xx_it.c **** 
 151:Src/stm32f3xx_it.c **** /**
 152:Src/stm32f3xx_it.c **** * @brief This function handles Pendable request for system service.
 153:Src/stm32f3xx_it.c **** */
 154:Src/stm32f3xx_it.c **** void PendSV_Handler(void)
 155:Src/stm32f3xx_it.c **** {
 157              		.loc 1 155 0
 158              		.cfi_startproc
 159              		@ args = 0, pretend = 0, frame = 0
 160              		@ frame_needed = 0, uses_anonymous_args = 0
 161              		@ link register save eliminated.
 162 0000 7047     		bx	lr
 163              		.cfi_endproc
 164              	.LFE131:
 166 0002 00BF     		.section	.text.SysTick_Handler,"ax",%progbits
 167              		.align	2
 168              		.global	SysTick_Handler
 169              		.thumb
 170              		.thumb_func
 172              	SysTick_Handler:
 173              	.LFB132:
 156:Src/stm32f3xx_it.c ****   /* USER CODE BEGIN PendSV_IRQn 0 */
 157:Src/stm32f3xx_it.c **** 
 158:Src/stm32f3xx_it.c ****   /* USER CODE END PendSV_IRQn 0 */
 159:Src/stm32f3xx_it.c ****   /* USER CODE BEGIN PendSV_IRQn 1 */
 160:Src/stm32f3xx_it.c **** 
 161:Src/stm32f3xx_it.c ****   /* USER CODE END PendSV_IRQn 1 */
 162:Src/stm32f3xx_it.c **** }
 163:Src/stm32f3xx_it.c **** 
 164:Src/stm32f3xx_it.c **** /**
 165:Src/stm32f3xx_it.c **** * @brief This function handles System tick timer.
 166:Src/stm32f3xx_it.c **** */
 167:Src/stm32f3xx_it.c **** void SysTick_Handler(void)
 168:Src/stm32f3xx_it.c **** {
 174              		.loc 1 168 0
 175              		.cfi_startproc
 176              		@ args = 0, pretend = 0, frame = 0
 177              		@ frame_needed = 0, uses_anonymous_args = 0
 178              		.loc 1 168 0
 179 0000 08B5     		push	{r3, lr}
 180              	.LCFI0:
 181              		.cfi_def_cfa_offset 8
 182              		.cfi_offset 3, -8
 183              		.cfi_offset 14, -4
 169:Src/stm32f3xx_it.c ****   /* USER CODE BEGIN SysTick_IRQn 0 */
 170:Src/stm32f3xx_it.c **** 
 171:Src/stm32f3xx_it.c ****   /* USER CODE END SysTick_IRQn 0 */
 172:Src/stm32f3xx_it.c ****   HAL_IncTick();
 184              		.loc 1 172 0
 185 0002 FFF7FEFF 		bl	HAL_IncTick
 186              	.LVL0:
 173:Src/stm32f3xx_it.c ****   HAL_SYSTICK_IRQHandler();
ARM GAS  C:\Users\듈괥\AppData\Local\Temp\cchz7KZK.s 			page 7


 187              		.loc 1 173 0
 188 0006 FFF7FEFF 		bl	HAL_SYSTICK_IRQHandler
 189              	.LVL1:
 190 000a 08BD     		pop	{r3, pc}
 191              		.cfi_endproc
 192              	.LFE132:
 194              		.text
 195              	.Letext0:
 196              		.file 2 "c:\\program files (x86)\\gnu tools arm embedded\\5.4 2016q3\\arm-none-eabi\\include\\mach
 197              		.file 3 "c:\\program files (x86)\\gnu tools arm embedded\\5.4 2016q3\\arm-none-eabi\\include\\sys\
 198              		.file 4 "Drivers/STM32F3xx_HAL_Driver/Inc/stm32f3xx_hal.h"
 199              		.file 5 "Drivers/STM32F3xx_HAL_Driver/Inc/stm32f3xx_hal_cortex.h"
 200              		.file 6 "Drivers/CMSIS/Include/core_cm4.h"
ARM GAS  C:\Users\듈괥\AppData\Local\Temp\cchz7KZK.s 			page 8


DEFINED SYMBOLS
                            *ABS*:00000000 stm32f3xx_it.c
C:\Users\듈괥\AppData\Local\Temp\cchz7KZK.s:22     .text.NMI_Handler:00000000 $t
C:\Users\듈괥\AppData\Local\Temp\cchz7KZK.s:27     .text.NMI_Handler:00000000 NMI_Handler
C:\Users\듈괥\AppData\Local\Temp\cchz7KZK.s:40     .text.HardFault_Handler:00000000 $t
C:\Users\듈괥\AppData\Local\Temp\cchz7KZK.s:45     .text.HardFault_Handler:00000000 HardFault_Handler
C:\Users\듈괥\AppData\Local\Temp\cchz7KZK.s:59     .text.MemManage_Handler:00000000 $t
C:\Users\듈괥\AppData\Local\Temp\cchz7KZK.s:64     .text.MemManage_Handler:00000000 MemManage_Handler
C:\Users\듈괥\AppData\Local\Temp\cchz7KZK.s:78     .text.BusFault_Handler:00000000 $t
C:\Users\듈괥\AppData\Local\Temp\cchz7KZK.s:83     .text.BusFault_Handler:00000000 BusFault_Handler
C:\Users\듈괥\AppData\Local\Temp\cchz7KZK.s:97     .text.UsageFault_Handler:00000000 $t
C:\Users\듈괥\AppData\Local\Temp\cchz7KZK.s:102    .text.UsageFault_Handler:00000000 UsageFault_Handler
C:\Users\듈괥\AppData\Local\Temp\cchz7KZK.s:116    .text.SVC_Handler:00000000 $t
C:\Users\듈괥\AppData\Local\Temp\cchz7KZK.s:121    .text.SVC_Handler:00000000 SVC_Handler
C:\Users\듈괥\AppData\Local\Temp\cchz7KZK.s:133    .text.DebugMon_Handler:00000000 $t
C:\Users\듈괥\AppData\Local\Temp\cchz7KZK.s:138    .text.DebugMon_Handler:00000000 DebugMon_Handler
C:\Users\듈괥\AppData\Local\Temp\cchz7KZK.s:150    .text.PendSV_Handler:00000000 $t
C:\Users\듈괥\AppData\Local\Temp\cchz7KZK.s:155    .text.PendSV_Handler:00000000 PendSV_Handler
C:\Users\듈괥\AppData\Local\Temp\cchz7KZK.s:167    .text.SysTick_Handler:00000000 $t
C:\Users\듈괥\AppData\Local\Temp\cchz7KZK.s:172    .text.SysTick_Handler:00000000 SysTick_Handler
                     .debug_frame:00000010 $d

UNDEFINED SYMBOLS
HAL_IncTick
HAL_SYSTICK_IRQHandler
