ARM GAS  C:\Users\듈괥\AppData\Local\Temp\ccJtxqil.s 			page 1


   1              		.syntax unified
   2              		.cpu cortex-m4
   3              		.eabi_attribute 27, 1
   4              		.eabi_attribute 28, 1
   5              		.fpu fpv4-sp-d16
   6              		.eabi_attribute 20, 1
   7              		.eabi_attribute 21, 1
   8              		.eabi_attribute 23, 3
   9              		.eabi_attribute 24, 1
  10              		.eabi_attribute 25, 1
  11              		.eabi_attribute 26, 1
  12              		.eabi_attribute 30, 1
  13              		.eabi_attribute 34, 1
  14              		.eabi_attribute 18, 4
  15              		.thumb
  16              		.syntax unified
  17              		.file	"system_stm32f3xx.c"
  18              		.text
  19              	.Ltext0:
  20              		.cfi_sections	.debug_frame
  21              		.section	.text.SystemInit,"ax",%progbits
  22              		.align	2
  23              		.global	SystemInit
  24              		.thumb
  25              		.thumb_func
  27              	SystemInit:
  28              	.LFB124:
  29              		.file 1 "Src/system_stm32f3xx.c"
   1:Src/system_stm32f3xx.c **** /**
   2:Src/system_stm32f3xx.c ****   ******************************************************************************
   3:Src/system_stm32f3xx.c ****   * @file    system_stm32f3xx.c
   4:Src/system_stm32f3xx.c ****   * @author  MCD Application Team
   5:Src/system_stm32f3xx.c ****   * @brief   CMSIS Cortex-M4 Device Peripheral Access Layer System Source File.
   6:Src/system_stm32f3xx.c ****   *
   7:Src/system_stm32f3xx.c ****   * 1. This file provides two functions and one global variable to be called from
   8:Src/system_stm32f3xx.c ****   *    user application:
   9:Src/system_stm32f3xx.c ****   *      - SystemInit(): This function is called at startup just after reset and 
  10:Src/system_stm32f3xx.c ****   *                      before branch to main program. This call is made inside
  11:Src/system_stm32f3xx.c ****   *                      the "startup_stm32f3xx.s" file.
  12:Src/system_stm32f3xx.c ****   *
  13:Src/system_stm32f3xx.c ****   *      - SystemCoreClock variable: Contains the core clock (HCLK), it can be used
  14:Src/system_stm32f3xx.c ****   *                                  by the user application to setup the SysTick
  15:Src/system_stm32f3xx.c ****   *                                  timer or configure other parameters.
  16:Src/system_stm32f3xx.c ****   *
  17:Src/system_stm32f3xx.c ****   *      - SystemCoreClockUpdate(): Updates the variable SystemCoreClock and must
  18:Src/system_stm32f3xx.c ****   *                                 be called whenever the core clock is changed
  19:Src/system_stm32f3xx.c ****   *                                 during program execution.
  20:Src/system_stm32f3xx.c ****   *
  21:Src/system_stm32f3xx.c ****   * 2. After each device reset the HSI (8 MHz) is used as system clock source.
  22:Src/system_stm32f3xx.c ****   *    Then SystemInit() function is called, in "startup_stm32f3xx.s" file, to
  23:Src/system_stm32f3xx.c ****   *    configure the system clock before to branch to main program.
  24:Src/system_stm32f3xx.c ****   *
  25:Src/system_stm32f3xx.c ****   * 3. This file configures the system clock as follows:
  26:Src/system_stm32f3xx.c ****   *=============================================================================
  27:Src/system_stm32f3xx.c ****   *                         Supported STM32F3xx device
  28:Src/system_stm32f3xx.c ****   *-----------------------------------------------------------------------------
  29:Src/system_stm32f3xx.c ****   *        System Clock source                    | HSI
ARM GAS  C:\Users\듈괥\AppData\Local\Temp\ccJtxqil.s 			page 2


  30:Src/system_stm32f3xx.c ****   *-----------------------------------------------------------------------------
  31:Src/system_stm32f3xx.c ****   *        SYSCLK(Hz)                             | 8000000
  32:Src/system_stm32f3xx.c ****   *-----------------------------------------------------------------------------
  33:Src/system_stm32f3xx.c ****   *        HCLK(Hz)                               | 8000000
  34:Src/system_stm32f3xx.c ****   *-----------------------------------------------------------------------------
  35:Src/system_stm32f3xx.c ****   *        AHB Prescaler                          | 1
  36:Src/system_stm32f3xx.c ****   *-----------------------------------------------------------------------------
  37:Src/system_stm32f3xx.c ****   *        APB2 Prescaler                         | 1
  38:Src/system_stm32f3xx.c ****   *-----------------------------------------------------------------------------
  39:Src/system_stm32f3xx.c ****   *        APB1 Prescaler                         | 1
  40:Src/system_stm32f3xx.c ****   *-----------------------------------------------------------------------------
  41:Src/system_stm32f3xx.c ****   *        USB Clock                              | DISABLE
  42:Src/system_stm32f3xx.c ****   *-----------------------------------------------------------------------------
  43:Src/system_stm32f3xx.c ****   *=============================================================================
  44:Src/system_stm32f3xx.c ****   ******************************************************************************
  45:Src/system_stm32f3xx.c ****   * @attention
  46:Src/system_stm32f3xx.c ****   *
  47:Src/system_stm32f3xx.c ****   * <h2><center>&copy; COPYRIGHT(c) 2016 STMicroelectronics</center></h2>
  48:Src/system_stm32f3xx.c ****   *
  49:Src/system_stm32f3xx.c ****   * Redistribution and use in source and binary forms, with or without modification,
  50:Src/system_stm32f3xx.c ****   * are permitted provided that the following conditions are met:
  51:Src/system_stm32f3xx.c ****   *   1. Redistributions of source code must retain the above copyright notice,
  52:Src/system_stm32f3xx.c ****   *      this list of conditions and the following disclaimer.
  53:Src/system_stm32f3xx.c ****   *   2. Redistributions in binary form must reproduce the above copyright notice,
  54:Src/system_stm32f3xx.c ****   *      this list of conditions and the following disclaimer in the documentation
  55:Src/system_stm32f3xx.c ****   *      and/or other materials provided with the distribution.
  56:Src/system_stm32f3xx.c ****   *   3. Neither the name of STMicroelectronics nor the names of its contributors
  57:Src/system_stm32f3xx.c ****   *      may be used to endorse or promote products derived from this software
  58:Src/system_stm32f3xx.c ****   *      without specific prior written permission.
  59:Src/system_stm32f3xx.c ****   *
  60:Src/system_stm32f3xx.c ****   * THIS SOFTWARE IS PROVIDED BY THE COPYRIGHT HOLDERS AND CONTRIBUTORS "AS IS"
  61:Src/system_stm32f3xx.c ****   * AND ANY EXPRESS OR IMPLIED WARRANTIES, INCLUDING, BUT NOT LIMITED TO, THE
  62:Src/system_stm32f3xx.c ****   * IMPLIED WARRANTIES OF MERCHANTABILITY AND FITNESS FOR A PARTICULAR PURPOSE ARE
  63:Src/system_stm32f3xx.c ****   * DISCLAIMED. IN NO EVENT SHALL THE COPYRIGHT HOLDER OR CONTRIBUTORS BE LIABLE
  64:Src/system_stm32f3xx.c ****   * FOR ANY DIRECT, INDIRECT, INCIDENTAL, SPECIAL, EXEMPLARY, OR CONSEQUENTIAL
  65:Src/system_stm32f3xx.c ****   * DAMAGES (INCLUDING, BUT NOT LIMITED TO, PROCUREMENT OF SUBSTITUTE GOODS OR
  66:Src/system_stm32f3xx.c ****   * SERVICES; LOSS OF USE, DATA, OR PROFITS; OR BUSINESS INTERRUPTION) HOWEVER
  67:Src/system_stm32f3xx.c ****   * CAUSED AND ON ANY THEORY OF LIABILITY, WHETHER IN CONTRACT, STRICT LIABILITY,
  68:Src/system_stm32f3xx.c ****   * OR TORT (INCLUDING NEGLIGENCE OR OTHERWISE) ARISING IN ANY WAY OUT OF THE USE
  69:Src/system_stm32f3xx.c ****   * OF THIS SOFTWARE, EVEN IF ADVISED OF THE POSSIBILITY OF SUCH DAMAGE.
  70:Src/system_stm32f3xx.c ****   *
  71:Src/system_stm32f3xx.c ****   ******************************************************************************
  72:Src/system_stm32f3xx.c ****   */
  73:Src/system_stm32f3xx.c **** 
  74:Src/system_stm32f3xx.c **** /** @addtogroup CMSIS
  75:Src/system_stm32f3xx.c ****   * @{
  76:Src/system_stm32f3xx.c ****   */
  77:Src/system_stm32f3xx.c **** 
  78:Src/system_stm32f3xx.c **** /** @addtogroup stm32f3xx_system
  79:Src/system_stm32f3xx.c ****   * @{
  80:Src/system_stm32f3xx.c ****   */
  81:Src/system_stm32f3xx.c **** 
  82:Src/system_stm32f3xx.c **** /** @addtogroup STM32F3xx_System_Private_Includes
  83:Src/system_stm32f3xx.c ****   * @{
  84:Src/system_stm32f3xx.c ****   */
  85:Src/system_stm32f3xx.c **** 
  86:Src/system_stm32f3xx.c **** #include "stm32f3xx.h"
ARM GAS  C:\Users\듈괥\AppData\Local\Temp\ccJtxqil.s 			page 3


  87:Src/system_stm32f3xx.c **** 
  88:Src/system_stm32f3xx.c **** /**
  89:Src/system_stm32f3xx.c ****   * @}
  90:Src/system_stm32f3xx.c ****   */
  91:Src/system_stm32f3xx.c **** 
  92:Src/system_stm32f3xx.c **** /** @addtogroup STM32F3xx_System_Private_TypesDefinitions
  93:Src/system_stm32f3xx.c ****   * @{
  94:Src/system_stm32f3xx.c ****   */
  95:Src/system_stm32f3xx.c **** 
  96:Src/system_stm32f3xx.c **** /**
  97:Src/system_stm32f3xx.c ****   * @}
  98:Src/system_stm32f3xx.c ****   */
  99:Src/system_stm32f3xx.c **** 
 100:Src/system_stm32f3xx.c **** /** @addtogroup STM32F3xx_System_Private_Defines
 101:Src/system_stm32f3xx.c ****   * @{
 102:Src/system_stm32f3xx.c ****   */
 103:Src/system_stm32f3xx.c **** #if !defined  (HSE_VALUE) 
 104:Src/system_stm32f3xx.c ****   #define HSE_VALUE    ((uint32_t)8000000) /*!< Default value of the External oscillator in Hz.
 105:Src/system_stm32f3xx.c ****                                                 This value can be provided and adapted by the user 
 106:Src/system_stm32f3xx.c **** #endif /* HSE_VALUE */
 107:Src/system_stm32f3xx.c **** 
 108:Src/system_stm32f3xx.c **** #if !defined  (HSI_VALUE)
 109:Src/system_stm32f3xx.c ****   #define HSI_VALUE    ((uint32_t)8000000) /*!< Default value of the Internal oscillator in Hz.
 110:Src/system_stm32f3xx.c ****                                                 This value can be provided and adapted by the user 
 111:Src/system_stm32f3xx.c **** #endif /* HSI_VALUE */
 112:Src/system_stm32f3xx.c **** 
 113:Src/system_stm32f3xx.c **** /*!< Uncomment the following line if you need to relocate your vector Table in
 114:Src/system_stm32f3xx.c ****      Internal SRAM. */
 115:Src/system_stm32f3xx.c **** /* #define VECT_TAB_SRAM */
 116:Src/system_stm32f3xx.c **** #define VECT_TAB_OFFSET  0x0 /*!< Vector Table base offset field.
 117:Src/system_stm32f3xx.c ****                                   This value must be a multiple of 0x200. */
 118:Src/system_stm32f3xx.c **** /**
 119:Src/system_stm32f3xx.c ****   * @}
 120:Src/system_stm32f3xx.c ****   */
 121:Src/system_stm32f3xx.c **** 
 122:Src/system_stm32f3xx.c **** /** @addtogroup STM32F3xx_System_Private_Macros
 123:Src/system_stm32f3xx.c ****   * @{
 124:Src/system_stm32f3xx.c ****   */
 125:Src/system_stm32f3xx.c **** 
 126:Src/system_stm32f3xx.c **** /**
 127:Src/system_stm32f3xx.c ****   * @}
 128:Src/system_stm32f3xx.c ****   */
 129:Src/system_stm32f3xx.c **** 
 130:Src/system_stm32f3xx.c **** /** @addtogroup STM32F3xx_System_Private_Variables
 131:Src/system_stm32f3xx.c ****   * @{
 132:Src/system_stm32f3xx.c ****   */
 133:Src/system_stm32f3xx.c ****   /* This variable is updated in three ways:
 134:Src/system_stm32f3xx.c ****       1) by calling CMSIS function SystemCoreClockUpdate()
 135:Src/system_stm32f3xx.c ****       2) by calling HAL API function HAL_RCC_GetHCLKFreq()
 136:Src/system_stm32f3xx.c ****       3) each time HAL_RCC_ClockConfig() is called to configure the system clock frequency
 137:Src/system_stm32f3xx.c ****          Note: If you use this function to configure the system clock there is no need to
 138:Src/system_stm32f3xx.c ****                call the 2 first functions listed above, since SystemCoreClock variable is 
 139:Src/system_stm32f3xx.c ****                updated automatically.
 140:Src/system_stm32f3xx.c ****   */
 141:Src/system_stm32f3xx.c **** uint32_t SystemCoreClock = 8000000;
 142:Src/system_stm32f3xx.c **** 
 143:Src/system_stm32f3xx.c **** const uint8_t AHBPrescTable[16] = {0, 0, 0, 0, 0, 0, 0, 0, 1, 2, 3, 4, 6, 7, 8, 9};
ARM GAS  C:\Users\듈괥\AppData\Local\Temp\ccJtxqil.s 			page 4


 144:Src/system_stm32f3xx.c **** const uint8_t APBPrescTable[8]  = {0, 0, 0, 0, 1, 2, 3, 4};
 145:Src/system_stm32f3xx.c **** 
 146:Src/system_stm32f3xx.c **** /**
 147:Src/system_stm32f3xx.c ****   * @}
 148:Src/system_stm32f3xx.c ****   */
 149:Src/system_stm32f3xx.c **** 
 150:Src/system_stm32f3xx.c **** /** @addtogroup STM32F3xx_System_Private_FunctionPrototypes
 151:Src/system_stm32f3xx.c ****   * @{
 152:Src/system_stm32f3xx.c ****   */
 153:Src/system_stm32f3xx.c **** 
 154:Src/system_stm32f3xx.c **** /**
 155:Src/system_stm32f3xx.c ****   * @}
 156:Src/system_stm32f3xx.c ****   */
 157:Src/system_stm32f3xx.c **** 
 158:Src/system_stm32f3xx.c **** /** @addtogroup STM32F3xx_System_Private_Functions
 159:Src/system_stm32f3xx.c ****   * @{
 160:Src/system_stm32f3xx.c ****   */
 161:Src/system_stm32f3xx.c **** 
 162:Src/system_stm32f3xx.c **** /**
 163:Src/system_stm32f3xx.c ****   * @brief  Setup the microcontroller system
 164:Src/system_stm32f3xx.c ****   *         Initialize the FPU setting, vector table location and the PLL configuration is reset.
 165:Src/system_stm32f3xx.c ****   * @param  None
 166:Src/system_stm32f3xx.c ****   * @retval None
 167:Src/system_stm32f3xx.c ****   */
 168:Src/system_stm32f3xx.c **** void SystemInit(void)
 169:Src/system_stm32f3xx.c **** {
  30              		.loc 1 169 0
  31              		.cfi_startproc
  32              		@ args = 0, pretend = 0, frame = 0
  33              		@ frame_needed = 0, uses_anonymous_args = 0
  34              		@ link register save eliminated.
 170:Src/system_stm32f3xx.c ****   /* FPU settings ------------------------------------------------------------*/
 171:Src/system_stm32f3xx.c ****   #if (__FPU_PRESENT == 1) && (__FPU_USED == 1)
 172:Src/system_stm32f3xx.c ****     SCB->CPACR |= ((3UL << 10*2)|(3UL << 11*2));  /* set CP10 and CP11 Full Access */
  35              		.loc 1 172 0
  36 0000 1549     		ldr	r1, .L2
  37 0002 D1F88830 		ldr	r3, [r1, #136]
  38 0006 43F47003 		orr	r3, r3, #15728640
  39 000a C1F88830 		str	r3, [r1, #136]
 173:Src/system_stm32f3xx.c ****   #endif
 174:Src/system_stm32f3xx.c **** 
 175:Src/system_stm32f3xx.c ****   /* Reset the RCC clock configuration to the default reset state ------------*/
 176:Src/system_stm32f3xx.c ****   /* Set HSION bit */
 177:Src/system_stm32f3xx.c ****   RCC->CR |= 0x00000001U;
  40              		.loc 1 177 0
  41 000e 134B     		ldr	r3, .L2+4
  42 0010 1A68     		ldr	r2, [r3]
  43 0012 42F00102 		orr	r2, r2, #1
  44 0016 1A60     		str	r2, [r3]
 178:Src/system_stm32f3xx.c **** 
 179:Src/system_stm32f3xx.c ****   /* Reset CFGR register */
 180:Src/system_stm32f3xx.c ****   RCC->CFGR &= 0xF87FC00CU;
  45              		.loc 1 180 0
  46 0018 5868     		ldr	r0, [r3, #4]
  47 001a 114A     		ldr	r2, .L2+8
  48 001c 0240     		ands	r2, r2, r0
  49 001e 5A60     		str	r2, [r3, #4]
ARM GAS  C:\Users\듈괥\AppData\Local\Temp\ccJtxqil.s 			page 5


 181:Src/system_stm32f3xx.c **** 
 182:Src/system_stm32f3xx.c ****   /* Reset HSEON, CSSON and PLLON bits */
 183:Src/system_stm32f3xx.c ****   RCC->CR &= 0xFEF6FFFFU;
  50              		.loc 1 183 0
  51 0020 1A68     		ldr	r2, [r3]
  52 0022 22F08472 		bic	r2, r2, #17301504
  53 0026 22F48032 		bic	r2, r2, #65536
  54 002a 1A60     		str	r2, [r3]
 184:Src/system_stm32f3xx.c **** 
 185:Src/system_stm32f3xx.c ****   /* Reset HSEBYP bit */
 186:Src/system_stm32f3xx.c ****   RCC->CR &= 0xFFFBFFFFU;
  55              		.loc 1 186 0
  56 002c 1A68     		ldr	r2, [r3]
  57 002e 22F48022 		bic	r2, r2, #262144
  58 0032 1A60     		str	r2, [r3]
 187:Src/system_stm32f3xx.c **** 
 188:Src/system_stm32f3xx.c ****   /* Reset PLLSRC, PLLXTPRE, PLLMUL and USBPRE bits */
 189:Src/system_stm32f3xx.c ****   RCC->CFGR &= 0xFF80FFFFU;
  59              		.loc 1 189 0
  60 0034 5A68     		ldr	r2, [r3, #4]
  61 0036 22F4FE02 		bic	r2, r2, #8323072
  62 003a 5A60     		str	r2, [r3, #4]
 190:Src/system_stm32f3xx.c **** 
 191:Src/system_stm32f3xx.c ****   /* Reset PREDIV1[3:0] bits */
 192:Src/system_stm32f3xx.c ****   RCC->CFGR2 &= 0xFFFFFFF0U;
  63              		.loc 1 192 0
  64 003c DA6A     		ldr	r2, [r3, #44]
  65 003e 22F00F02 		bic	r2, r2, #15
  66 0042 DA62     		str	r2, [r3, #44]
 193:Src/system_stm32f3xx.c **** 
 194:Src/system_stm32f3xx.c ****   /* Reset USARTSW[1:0], I2CSW and TIMs bits */
 195:Src/system_stm32f3xx.c ****   RCC->CFGR3 &= 0xFF00FCCCU;
  67              		.loc 1 195 0
  68 0044 186B     		ldr	r0, [r3, #48]
  69 0046 074A     		ldr	r2, .L2+12
  70 0048 0240     		ands	r2, r2, r0
  71 004a 1A63     		str	r2, [r3, #48]
 196:Src/system_stm32f3xx.c **** 
 197:Src/system_stm32f3xx.c ****   /* Disable all interrupts */
 198:Src/system_stm32f3xx.c ****   RCC->CIR = 0x00000000U;
  72              		.loc 1 198 0
  73 004c 0022     		movs	r2, #0
  74 004e 9A60     		str	r2, [r3, #8]
 199:Src/system_stm32f3xx.c **** 
 200:Src/system_stm32f3xx.c **** #ifdef VECT_TAB_SRAM
 201:Src/system_stm32f3xx.c ****   SCB->VTOR = SRAM_BASE | VECT_TAB_OFFSET; /* Vector Table Relocation in Internal SRAM */
 202:Src/system_stm32f3xx.c **** #else
 203:Src/system_stm32f3xx.c ****   SCB->VTOR = FLASH_BASE | VECT_TAB_OFFSET; /* Vector Table Relocation in Internal FLASH */
  75              		.loc 1 203 0
  76 0050 4FF00063 		mov	r3, #134217728
  77 0054 8B60     		str	r3, [r1, #8]
  78 0056 7047     		bx	lr
  79              	.L3:
  80              		.align	2
  81              	.L2:
  82 0058 00ED00E0 		.word	-536810240
  83 005c 00100240 		.word	1073876992
ARM GAS  C:\Users\듈괥\AppData\Local\Temp\ccJtxqil.s 			page 6


  84 0060 0CC07FF8 		.word	-125845492
  85 0064 CCFC00FF 		.word	-16712500
  86              		.cfi_endproc
  87              	.LFE124:
  89              		.section	.text.SystemCoreClockUpdate,"ax",%progbits
  90              		.align	2
  91              		.global	SystemCoreClockUpdate
  92              		.thumb
  93              		.thumb_func
  95              	SystemCoreClockUpdate:
  96              	.LFB125:
 204:Src/system_stm32f3xx.c **** #endif
 205:Src/system_stm32f3xx.c **** }
 206:Src/system_stm32f3xx.c **** 
 207:Src/system_stm32f3xx.c **** /**
 208:Src/system_stm32f3xx.c ****    * @brief  Update SystemCoreClock variable according to Clock Register Values.
 209:Src/system_stm32f3xx.c ****   *         The SystemCoreClock variable contains the core clock (HCLK), it can
 210:Src/system_stm32f3xx.c ****   *         be used by the user application to setup the SysTick timer or configure
 211:Src/system_stm32f3xx.c ****   *         other parameters.
 212:Src/system_stm32f3xx.c ****   *
 213:Src/system_stm32f3xx.c ****   * @note   Each time the core clock (HCLK) changes, this function must be called
 214:Src/system_stm32f3xx.c ****   *         to update SystemCoreClock variable value. Otherwise, any configuration
 215:Src/system_stm32f3xx.c ****   *         based on this variable will be incorrect.
 216:Src/system_stm32f3xx.c ****   *
 217:Src/system_stm32f3xx.c ****   * @note   - The system frequency computed by this function is not the real
 218:Src/system_stm32f3xx.c ****   *           frequency in the chip. It is calculated based on the predefined
 219:Src/system_stm32f3xx.c ****   *           constant and the selected clock source:
 220:Src/system_stm32f3xx.c ****   *
 221:Src/system_stm32f3xx.c ****   *           - If SYSCLK source is HSI, SystemCoreClock will contain the HSI_VALUE(*)
 222:Src/system_stm32f3xx.c ****   *
 223:Src/system_stm32f3xx.c ****   *           - If SYSCLK source is HSE, SystemCoreClock will contain the HSE_VALUE(**)
 224:Src/system_stm32f3xx.c ****   *
 225:Src/system_stm32f3xx.c ****   *           - If SYSCLK source is PLL, SystemCoreClock will contain the HSE_VALUE(**)
 226:Src/system_stm32f3xx.c ****   *             or HSI_VALUE(*) multiplied/divided by the PLL factors.
 227:Src/system_stm32f3xx.c ****   *
 228:Src/system_stm32f3xx.c ****   *         (*) HSI_VALUE is a constant defined in stm32f3xx_hal.h file (default value
 229:Src/system_stm32f3xx.c ****   *             8 MHz) but the real value may vary depending on the variations
 230:Src/system_stm32f3xx.c ****   *             in voltage and temperature.
 231:Src/system_stm32f3xx.c ****   *
 232:Src/system_stm32f3xx.c ****   *         (**) HSE_VALUE is a constant defined in stm32f3xx_hal.h file (default value
 233:Src/system_stm32f3xx.c ****   *              8 MHz), user has to ensure that HSE_VALUE is same as the real
 234:Src/system_stm32f3xx.c ****   *              frequency of the crystal used. Otherwise, this function may
 235:Src/system_stm32f3xx.c ****   *              have wrong result.
 236:Src/system_stm32f3xx.c ****   *
 237:Src/system_stm32f3xx.c ****   *         - The result of this function could be not correct when using fractional
 238:Src/system_stm32f3xx.c ****   *           value for HSE crystal.
 239:Src/system_stm32f3xx.c ****   *
 240:Src/system_stm32f3xx.c ****   * @param  None
 241:Src/system_stm32f3xx.c ****   * @retval None
 242:Src/system_stm32f3xx.c ****   */
 243:Src/system_stm32f3xx.c **** void SystemCoreClockUpdate (void)
 244:Src/system_stm32f3xx.c **** {
  97              		.loc 1 244 0
  98              		.cfi_startproc
  99              		@ args = 0, pretend = 0, frame = 0
 100              		@ frame_needed = 0, uses_anonymous_args = 0
 101              		@ link register save eliminated.
ARM GAS  C:\Users\듈괥\AppData\Local\Temp\ccJtxqil.s 			page 7


 102              	.LVL0:
 245:Src/system_stm32f3xx.c ****   uint32_t tmp = 0, pllmull = 0, pllsource = 0, predivfactor = 0;
 246:Src/system_stm32f3xx.c **** 
 247:Src/system_stm32f3xx.c ****   /* Get SYSCLK source -------------------------------------------------------*/
 248:Src/system_stm32f3xx.c ****   tmp = RCC->CFGR & RCC_CFGR_SWS;
 103              		.loc 1 248 0
 104 0000 1D4B     		ldr	r3, .L12
 105 0002 5B68     		ldr	r3, [r3, #4]
 106 0004 03F00C03 		and	r3, r3, #12
 107              	.LVL1:
 249:Src/system_stm32f3xx.c **** 
 250:Src/system_stm32f3xx.c ****   switch (tmp)
 108              		.loc 1 250 0
 109 0008 042B     		cmp	r3, #4
 110 000a 06D0     		beq	.L6
 111 000c 082B     		cmp	r3, #8
 112 000e 08D0     		beq	.L7
 113 0010 1BBB     		cbnz	r3, .L11
 251:Src/system_stm32f3xx.c ****   {
 252:Src/system_stm32f3xx.c ****     case RCC_CFGR_SWS_HSI:  /* HSI used as system clock */
 253:Src/system_stm32f3xx.c ****       SystemCoreClock = HSI_VALUE;
 114              		.loc 1 253 0
 115 0012 1A4A     		ldr	r2, .L12+4
 116 0014 1A4B     		ldr	r3, .L12+8
 117              	.LVL2:
 118 0016 1A60     		str	r2, [r3]
 254:Src/system_stm32f3xx.c ****       break;
 119              		.loc 1 254 0
 120 0018 22E0     		b	.L9
 121              	.LVL3:
 122              	.L6:
 255:Src/system_stm32f3xx.c ****     case RCC_CFGR_SWS_HSE:  /* HSE used as system clock */
 256:Src/system_stm32f3xx.c ****       SystemCoreClock = HSE_VALUE;
 123              		.loc 1 256 0
 124 001a 184A     		ldr	r2, .L12+4
 125 001c 184B     		ldr	r3, .L12+8
 126              	.LVL4:
 127 001e 1A60     		str	r2, [r3]
 257:Src/system_stm32f3xx.c ****       break;
 128              		.loc 1 257 0
 129 0020 1EE0     		b	.L9
 130              	.LVL5:
 131              	.L7:
 258:Src/system_stm32f3xx.c ****     case RCC_CFGR_SWS_PLL:  /* PLL used as system clock */
 259:Src/system_stm32f3xx.c ****       /* Get PLL clock source and multiplication factor ----------------------*/
 260:Src/system_stm32f3xx.c ****       pllmull = RCC->CFGR & RCC_CFGR_PLLMUL;
 132              		.loc 1 260 0
 133 0022 154A     		ldr	r2, .L12
 134 0024 5368     		ldr	r3, [r2, #4]
 135              	.LVL6:
 261:Src/system_stm32f3xx.c ****       pllsource = RCC->CFGR & RCC_CFGR_PLLSRC;
 136              		.loc 1 261 0
 137 0026 5268     		ldr	r2, [r2, #4]
 138              	.LVL7:
 262:Src/system_stm32f3xx.c ****       pllmull = ( pllmull >> 18) + 2;
 139              		.loc 1 262 0
 140 0028 C3F38343 		ubfx	r3, r3, #18, #4
ARM GAS  C:\Users\듈괥\AppData\Local\Temp\ccJtxqil.s 			page 8


 141              	.LVL8:
 142 002c 0233     		adds	r3, r3, #2
 143              	.LVL9:
 263:Src/system_stm32f3xx.c **** 
 264:Src/system_stm32f3xx.c **** #if defined (STM32F302xE) || defined (STM32F303xE) || defined (STM32F398xx)
 265:Src/system_stm32f3xx.c ****         predivfactor = (RCC->CFGR2 & RCC_CFGR2_PREDIV) + 1;
 266:Src/system_stm32f3xx.c ****       if (pllsource == RCC_CFGR_PLLSRC_HSE_PREDIV)
 267:Src/system_stm32f3xx.c ****       {
 268:Src/system_stm32f3xx.c ****         /* HSE oscillator clock selected as PREDIV1 clock entry */
 269:Src/system_stm32f3xx.c ****         SystemCoreClock = (HSE_VALUE / predivfactor) * pllmull;
 270:Src/system_stm32f3xx.c ****       }
 271:Src/system_stm32f3xx.c ****       else
 272:Src/system_stm32f3xx.c ****       {
 273:Src/system_stm32f3xx.c ****         /* HSI oscillator clock selected as PREDIV1 clock entry */
 274:Src/system_stm32f3xx.c ****         SystemCoreClock = (HSI_VALUE / predivfactor) * pllmull;
 275:Src/system_stm32f3xx.c ****       }
 276:Src/system_stm32f3xx.c **** #else      
 277:Src/system_stm32f3xx.c ****       if (pllsource == RCC_CFGR_PLLSRC_HSI_DIV2)
 144              		.loc 1 277 0
 145 002e 12F4803F 		tst	r2, #65536
 146 0032 05D1     		bne	.L10
 278:Src/system_stm32f3xx.c ****       {
 279:Src/system_stm32f3xx.c ****         /* HSI oscillator clock divided by 2 selected as PLL clock entry */
 280:Src/system_stm32f3xx.c ****         SystemCoreClock = (HSI_VALUE >> 1) * pllmull;
 147              		.loc 1 280 0
 148 0034 134A     		ldr	r2, .L12+12
 149              	.LVL10:
 150 0036 02FB03F3 		mul	r3, r2, r3
 151              	.LVL11:
 152 003a 114A     		ldr	r2, .L12+8
 153 003c 1360     		str	r3, [r2]
 154 003e 0FE0     		b	.L9
 155              	.LVL12:
 156              	.L10:
 281:Src/system_stm32f3xx.c ****       }
 282:Src/system_stm32f3xx.c ****       else
 283:Src/system_stm32f3xx.c ****       {
 284:Src/system_stm32f3xx.c ****         predivfactor = (RCC->CFGR2 & RCC_CFGR2_PREDIV) + 1;
 157              		.loc 1 284 0
 158 0040 0D4A     		ldr	r2, .L12
 159              	.LVL13:
 160 0042 D26A     		ldr	r2, [r2, #44]
 161 0044 02F00F02 		and	r2, r2, #15
 162 0048 511C     		adds	r1, r2, #1
 163              	.LVL14:
 285:Src/system_stm32f3xx.c ****         /* HSE oscillator clock selected as PREDIV1 clock entry */
 286:Src/system_stm32f3xx.c ****         SystemCoreClock = (HSE_VALUE / predivfactor) * pllmull;
 164              		.loc 1 286 0
 165 004a 0C4A     		ldr	r2, .L12+4
 166 004c B2FBF1F2 		udiv	r2, r2, r1
 167 0050 02FB03F3 		mul	r3, r2, r3
 168              	.LVL15:
 169 0054 0A4A     		ldr	r2, .L12+8
 170 0056 1360     		str	r3, [r2]
 171 0058 02E0     		b	.L9
 172              	.LVL16:
 173              	.L11:
ARM GAS  C:\Users\듈괥\AppData\Local\Temp\ccJtxqil.s 			page 9


 287:Src/system_stm32f3xx.c ****       }
 288:Src/system_stm32f3xx.c **** #endif /* STM32F302xE || STM32F303xE || STM32F398xx */
 289:Src/system_stm32f3xx.c ****       break;
 290:Src/system_stm32f3xx.c ****     default: /* HSI used as system clock */
 291:Src/system_stm32f3xx.c ****       SystemCoreClock = HSI_VALUE;
 174              		.loc 1 291 0
 175 005a 084A     		ldr	r2, .L12+4
 176 005c 084B     		ldr	r3, .L12+8
 177              	.LVL17:
 178 005e 1A60     		str	r2, [r3]
 179              	.LVL18:
 180              	.L9:
 292:Src/system_stm32f3xx.c ****       break;
 293:Src/system_stm32f3xx.c ****   }
 294:Src/system_stm32f3xx.c ****   /* Compute HCLK clock frequency ----------------*/
 295:Src/system_stm32f3xx.c ****   /* Get HCLK prescaler */
 296:Src/system_stm32f3xx.c ****   tmp = AHBPrescTable[((RCC->CFGR & RCC_CFGR_HPRE) >> 4)];
 181              		.loc 1 296 0
 182 0060 054B     		ldr	r3, .L12
 183 0062 5B68     		ldr	r3, [r3, #4]
 184 0064 C3F30313 		ubfx	r3, r3, #4, #4
 185 0068 074A     		ldr	r2, .L12+16
 186 006a D15C     		ldrb	r1, [r2, r3]	@ zero_extendqisi2
 187              	.LVL19:
 297:Src/system_stm32f3xx.c ****   /* HCLK clock frequency */
 298:Src/system_stm32f3xx.c ****   SystemCoreClock >>= tmp;
 188              		.loc 1 298 0
 189 006c 044A     		ldr	r2, .L12+8
 190 006e 1368     		ldr	r3, [r2]
 191 0070 CB40     		lsrs	r3, r3, r1
 192 0072 1360     		str	r3, [r2]
 193 0074 7047     		bx	lr
 194              	.L13:
 195 0076 00BF     		.align	2
 196              	.L12:
 197 0078 00100240 		.word	1073876992
 198 007c 00127A00 		.word	8000000
 199 0080 00000000 		.word	.LANCHOR0
 200 0084 00093D00 		.word	4000000
 201 0088 00000000 		.word	.LANCHOR1
 202              		.cfi_endproc
 203              	.LFE125:
 205              		.global	APBPrescTable
 206              		.global	AHBPrescTable
 207              		.global	SystemCoreClock
 208              		.section	.rodata.AHBPrescTable,"a",%progbits
 209              		.align	2
 210              		.set	.LANCHOR1,. + 0
 213              	AHBPrescTable:
 214 0000 00       		.byte	0
 215 0001 00       		.byte	0
 216 0002 00       		.byte	0
 217 0003 00       		.byte	0
 218 0004 00       		.byte	0
 219 0005 00       		.byte	0
 220 0006 00       		.byte	0
 221 0007 00       		.byte	0
ARM GAS  C:\Users\듈괥\AppData\Local\Temp\ccJtxqil.s 			page 10


 222 0008 01       		.byte	1
 223 0009 02       		.byte	2
 224 000a 03       		.byte	3
 225 000b 04       		.byte	4
 226 000c 06       		.byte	6
 227 000d 07       		.byte	7
 228 000e 08       		.byte	8
 229 000f 09       		.byte	9
 230              		.section	.rodata.APBPrescTable,"a",%progbits
 231              		.align	2
 234              	APBPrescTable:
 235 0000 00       		.byte	0
 236 0001 00       		.byte	0
 237 0002 00       		.byte	0
 238 0003 00       		.byte	0
 239 0004 01       		.byte	1
 240 0005 02       		.byte	2
 241 0006 03       		.byte	3
 242 0007 04       		.byte	4
 243              		.section	.data.SystemCoreClock,"aw",%progbits
 244              		.align	2
 245              		.set	.LANCHOR0,. + 0
 248              	SystemCoreClock:
 249 0000 00127A00 		.word	8000000
 250              		.text
 251              	.Letext0:
 252              		.file 2 "c:\\program files (x86)\\gnu tools arm embedded\\5.4 2016q3\\arm-none-eabi\\include\\mach
 253              		.file 3 "c:\\program files (x86)\\gnu tools arm embedded\\5.4 2016q3\\arm-none-eabi\\include\\sys\
 254              		.file 4 "Drivers/CMSIS/Include/core_cm4.h"
 255              		.file 5 "Drivers/CMSIS/Device/ST/STM32F3xx/Include/stm32f303x8.h"
ARM GAS  C:\Users\듈괥\AppData\Local\Temp\ccJtxqil.s 			page 11


DEFINED SYMBOLS
                            *ABS*:00000000 system_stm32f3xx.c
C:\Users\듈괥\AppData\Local\Temp\ccJtxqil.s:22     .text.SystemInit:00000000 $t
C:\Users\듈괥\AppData\Local\Temp\ccJtxqil.s:27     .text.SystemInit:00000000 SystemInit
C:\Users\듈괥\AppData\Local\Temp\ccJtxqil.s:82     .text.SystemInit:00000058 $d
C:\Users\듈괥\AppData\Local\Temp\ccJtxqil.s:90     .text.SystemCoreClockUpdate:00000000 $t
C:\Users\듈괥\AppData\Local\Temp\ccJtxqil.s:95     .text.SystemCoreClockUpdate:00000000 SystemCoreClockUpdate
C:\Users\듈괥\AppData\Local\Temp\ccJtxqil.s:197    .text.SystemCoreClockUpdate:00000078 $d
C:\Users\듈괥\AppData\Local\Temp\ccJtxqil.s:234    .rodata.APBPrescTable:00000000 APBPrescTable
C:\Users\듈괥\AppData\Local\Temp\ccJtxqil.s:213    .rodata.AHBPrescTable:00000000 AHBPrescTable
C:\Users\듈괥\AppData\Local\Temp\ccJtxqil.s:248    .data.SystemCoreClock:00000000 SystemCoreClock
C:\Users\듈괥\AppData\Local\Temp\ccJtxqil.s:209    .rodata.AHBPrescTable:00000000 $d
C:\Users\듈괥\AppData\Local\Temp\ccJtxqil.s:231    .rodata.APBPrescTable:00000000 $d
C:\Users\듈괥\AppData\Local\Temp\ccJtxqil.s:244    .data.SystemCoreClock:00000000 $d
                     .debug_frame:00000010 $d

NO UNDEFINED SYMBOLS
